2025-04-30 13:12:48.229 [info] Extension host with pid 2646 started
2025-04-30 13:12:48.287 [info] ExtensionService#_doActivateExtension vscode.emmet, startup: false, activationEvent: 'onLanguage'
2025-04-30 13:12:48.405 [info] Lock '/home/abywu/.vscode-server/data/User/workspaceStorage/b956eff80c7c669487f5059479dc2c45/vscode.lock': Lock acquired.
2025-04-30 13:12:48.574 [info] ExtensionService#_doActivateExtension vscode.git-base, startup: true, activationEvent: '*', root cause: vscode.git
2025-04-30 13:12:48.633 [info] ExtensionService#_doActivateExtension vscode.git, startup: true, activationEvent: '*'
2025-04-30 13:12:48.634 [info] ExtensionService#_doActivateExtension vscode.github, startup: true, activationEvent: '*'
2025-04-30 13:12:48.945 [info] Eager extensions activated
2025-04-30 13:12:48.946 [info] ExtensionService#_doActivateExtension vscode.debug-auto-launch, startup: false, activationEvent: 'onStartupFinished'
2025-04-30 13:12:48.947 [info] ExtensionService#_doActivateExtension vscode.merge-conflict, startup: false, activationEvent: 'onStartupFinished'
2025-04-30 13:12:48.947 [info] ExtensionService#_doActivateExtension ritwickdey.LiveServer, startup: false, activationEvent: 'onStartupFinished'
2025-04-30 13:12:54.750 [warning] [Decorations] CAPPING events from decorations provider vscode.git 10000
2025-04-30 13:12:58.338 [warning] [Decorations] CAPPING events from decorations provider vscode.git 10000
2025-04-30 13:13:11.395 [info] ExtensionService#_doActivateExtension vscode.configuration-editing, startup: false, activationEvent: 'onLanguage:jsonc'
2025-04-30 13:13:11.396 [info] ExtensionService#_doActivateExtension vscode.json-language-features, startup: false, activationEvent: 'onLanguage:jsonc'
2025-04-30 13:13:11.397 [info] ExtensionService#_doActivateExtension vscode.typescript-language-features, startup: false, activationEvent: 'onLanguage:jsonc'
2025-04-30 13:46:25.194 [info] Extension host terminating: received terminate message from renderer
2025-04-30 13:46:25.198 [info] Lock '/home/abywu/.vscode-server/data/User/workspaceStorage/b956eff80c7c669487f5059479dc2c45/vscode.lock': Marking the lockfile as scheduled to be released in 6000 ms.
2025-04-30 13:46:25.643 [error] Canceled: Canceled
	at new HR (file:///home/abywu/.vscode-server/bin/17baf841131aa23349f217ca7c570c76ee87b957/out/vs/workbench/api/node/extensionHostProcess.js:29:156308)
	at i4.U (file:///home/abywu/.vscode-server/bin/17baf841131aa23349f217ca7c570c76ee87b957/out/vs/workbench/api/node/extensionHostProcess.js:29:160919)
	at s.<computed>.n.charCodeAt.s.<computed> (file:///home/abywu/.vscode-server/bin/17baf841131aa23349f217ca7c570c76ee87b957/out/vs/workbench/api/node/extensionHostProcess.js:29:158413)
	at vw.g (file:///home/abywu/.vscode-server/bin/17baf841131aa23349f217ca7c570c76ee87b957/out/vs/workbench/api/node/extensionHostProcess.js:111:40983)
	at vw.executeCommand (file:///home/abywu/.vscode-server/bin/17baf841131aa23349f217ca7c570c76ee87b957/out/vs/workbench/api/node/extensionHostProcess.js:111:40487)
	at r.registerCommand.description (file:///home/abywu/.vscode-server/bin/17baf841131aa23349f217ca7c570c76ee87b957/out/vs/workbench/api/node/extensionHostProcess.js:111:39817)
	at vw.h (file:///home/abywu/.vscode-server/bin/17baf841131aa23349f217ca7c570c76ee87b957/out/vs/workbench/api/node/extensionHostProcess.js:111:41503)
	at vw.g (file:///home/abywu/.vscode-server/bin/17baf841131aa23349f217ca7c570c76ee87b957/out/vs/workbench/api/node/extensionHostProcess.js:111:40580)
	at vw.executeCommand (file:///home/abywu/.vscode-server/bin/17baf841131aa23349f217ca7c570c76ee87b957/out/vs/workbench/api/node/extensionHostProcess.js:111:40487)
	at Object.executeCommand (file:///home/abywu/.vscode-server/bin/17baf841131aa23349f217ca7c570c76ee87b957/out/vs/workbench/api/node/extensionHostProcess.js:173:30346)
	at Ah.L [as value] (/home/abywu/.vscode-server/bin/17baf841131aa23349f217ca7c570c76ee87b957/extensions/git/dist/main.js:2:511809)
	at P.B (file:///home/abywu/.vscode-server/bin/17baf841131aa23349f217ca7c570c76ee87b957/out/vs/workbench/api/node/extensionHostProcess.js:27:2375)
	at P.C (file:///home/abywu/.vscode-server/bin/17baf841131aa23349f217ca7c570c76ee87b957/out/vs/workbench/api/node/extensionHostProcess.js:27:2445)
	at P.fire (file:///home/abywu/.vscode-server/bin/17baf841131aa23349f217ca7c570c76ee87b957/out/vs/workbench/api/node/extensionHostProcess.js:27:2662)
	at Object.g [as dispose] (/home/abywu/.vscode-server/bin/17baf841131aa23349f217ca7c570c76ee87b957/extensions/git/dist/main.js:2:534449)
	at /home/abywu/.vscode-server/bin/17baf841131aa23349f217ca7c570c76ee87b957/extensions/git/dist/main.js:2:540767
	at Array.forEach (<anonymous>)
	at b.dispose (/home/abywu/.vscode-server/bin/17baf841131aa23349f217ca7c570c76ee87b957/extensions/git/dist/main.js:2:540753)
	at iv.<anonymous> (file:///home/abywu/.vscode-server/bin/17baf841131aa23349f217ca7c570c76ee87b957/out/vs/workbench/api/node/extensionHostProcess.js:107:8922)
	at iv.dispose (file:///home/abywu/.vscode-server/bin/17baf841131aa23349f217ca7c570c76ee87b957/out/vs/workbench/api/node/extensionHostProcess.js:107:9018)
	at iv.<anonymous> (/home/abywu/.vscode-server/bin/17baf841131aa23349f217ca7c570c76ee87b957/extensions/git/dist/main.js:2:514293)
	at iv.dispose (file:///home/abywu/.vscode-server/bin/17baf841131aa23349f217ca7c570c76ee87b957/out/vs/workbench/api/node/extensionHostProcess.js:107:9018)
	at pi (file:///home/abywu/.vscode-server/bin/17baf841131aa23349f217ca7c570c76ee87b957/out/vs/workbench/api/node/extensionHostProcess.js:25:701)
	at file:///home/abywu/.vscode-server/bin/17baf841131aa23349f217ca7c570c76ee87b957/out/vs/workbench/api/node/extensionHostProcess.js:115:14994
	at file:///home/abywu/.vscode-server/bin/17baf841131aa23349f217ca7c570c76ee87b957/out/vs/workbench/api/node/extensionHostProcess.js:25:1011
	at Object.dispose (file:///home/abywu/.vscode-server/bin/17baf841131aa23349f217ca7c570c76ee87b957/out/vs/workbench/api/node/extensionHostProcess.js:8:705)
	at vV.eb (file:///home/abywu/.vscode-server/bin/17baf841131aa23349f217ca7c570c76ee87b957/out/vs/workbench/api/node/extensionHostProcess.js:115:11921)
	at file:///home/abywu/.vscode-server/bin/17baf841131aa23349f217ca7c570c76ee87b957/out/vs/workbench/api/node/extensionHostProcess.js:115:9876
	at Array.map (<anonymous>)
	at vV.$ (file:///home/abywu/.vscode-server/bin/17baf841131aa23349f217ca7c570c76ee87b957/out/vs/workbench/api/node/extensionHostProcess.js:115:9864)
	at vV.terminate (file:///home/abywu/.vscode-server/bin/17baf841131aa23349f217ca7c570c76ee87b957/out/vs/workbench/api/node/extensionHostProcess.js:115:10107)
	at oP.terminate (file:///home/abywu/.vscode-server/bin/17baf841131aa23349f217ca7c570c76ee87b957/out/vs/workbench/api/node/extensionHostProcess.js:116:1434)
	at es (file:///home/abywu/.vscode-server/bin/17baf841131aa23349f217ca7c570c76ee87b957/out/vs/workbench/api/node/extensionHostProcess.js:197:5701)
	at Ah.value (file:///home/abywu/.vscode-server/bin/17baf841131aa23349f217ca7c570c76ee87b957/out/vs/workbench/api/node/extensionHostProcess.js:197:3862)
	at P.B (file:///home/abywu/.vscode-server/bin/17baf841131aa23349f217ca7c570c76ee87b957/out/vs/workbench/api/node/extensionHostProcess.js:27:2375)
	at P.fire (file:///home/abywu/.vscode-server/bin/17baf841131aa23349f217ca7c570c76ee87b957/out/vs/workbench/api/node/extensionHostProcess.js:27:2593)
	at Jn.fire (file:///home/abywu/.vscode-server/bin/17baf841131aa23349f217ca7c570c76ee87b957/out/vs/workbench/api/node/extensionHostProcess.js:29:9459)
	at Km.A (file:///home/abywu/.vscode-server/bin/17baf841131aa23349f217ca7c570c76ee87b957/out/vs/workbench/api/node/extensionHostProcess.js:29:12575)
	at Ah.value (file:///home/abywu/.vscode-server/bin/17baf841131aa23349f217ca7c570c76ee87b957/out/vs/workbench/api/node/extensionHostProcess.js:29:11976)
	at P.B (file:///home/abywu/.vscode-server/bin/17baf841131aa23349f217ca7c570c76ee87b957/out/vs/workbench/api/node/extensionHostProcess.js:27:2375)
	at P.fire (file:///home/abywu/.vscode-server/bin/17baf841131aa23349f217ca7c570c76ee87b957/out/vs/workbench/api/node/extensionHostProcess.js:27:2593)
	at M6.acceptChunk (file:///home/abywu/.vscode-server/bin/17baf841131aa23349f217ca7c570c76ee87b957/out/vs/workbench/api/node/extensionHostProcess.js:29:7942)
	at Ah.value (file:///home/abywu/.vscode-server/bin/17baf841131aa23349f217ca7c570c76ee87b957/out/vs/workbench/api/node/extensionHostProcess.js:29:7228)
	at P.B (file:///home/abywu/.vscode-server/bin/17baf841131aa23349f217ca7c570c76ee87b957/out/vs/workbench/api/node/extensionHostProcess.js:27:2375)
	at P.fire (file:///home/abywu/.vscode-server/bin/17baf841131aa23349f217ca7c570c76ee87b957/out/vs/workbench/api/node/extensionHostProcess.js:27:2593)
	at AT.z (file:///home/abywu/.vscode-server/bin/17baf841131aa23349f217ca7c570c76ee87b957/out/vs/workbench/api/node/extensionHostProcess.js:29:21747)
	at AT.acceptFrame (file:///home/abywu/.vscode-server/bin/17baf841131aa23349f217ca7c570c76ee87b957/out/vs/workbench/api/node/extensionHostProcess.js:29:21553)
	at DT.n (file:///home/abywu/.vscode-server/bin/17baf841131aa23349f217ca7c570c76ee87b957/out/vs/workbench/api/node/extensionHostProcess.js:29:20080)
	at file:///home/abywu/.vscode-server/bin/17baf841131aa23349f217ca7c570c76ee87b957/out/vs/workbench/api/node/extensionHostProcess.js:29:17312
	at Socket.t (file:///home/abywu/.vscode-server/bin/17baf841131aa23349f217ca7c570c76ee87b957/out/vs/workbench/api/node/extensionHostProcess.js:29:15252)
	at Socket.emit (node:events:518:28)
	at addChunk (node:internal/streams/readable:561:12)
	at readableAddChunkPushByteMode (node:internal/streams/readable:512:3)
	at Readable.push (node:internal/streams/readable:392:5)
	at TCP.onStreamRead (node:internal/stream_base_commons:191:23) setContext undefined
2025-04-30 13:46:25.646 [error] Canceled: Canceled
	at new HR (file:///home/abywu/.vscode-server/bin/17baf841131aa23349f217ca7c570c76ee87b957/out/vs/workbench/api/node/extensionHostProcess.js:29:156308)
	at i4.U (file:///home/abywu/.vscode-server/bin/17baf841131aa23349f217ca7c570c76ee87b957/out/vs/workbench/api/node/extensionHostProcess.js:29:160919)
	at s.<computed>.n.charCodeAt.s.<computed> (file:///home/abywu/.vscode-server/bin/17baf841131aa23349f217ca7c570c76ee87b957/out/vs/workbench/api/node/extensionHostProcess.js:29:158413)
	at vw.g (file:///home/abywu/.vscode-server/bin/17baf841131aa23349f217ca7c570c76ee87b957/out/vs/workbench/api/node/extensionHostProcess.js:111:40983)
	at vw.executeCommand (file:///home/abywu/.vscode-server/bin/17baf841131aa23349f217ca7c570c76ee87b957/out/vs/workbench/api/node/extensionHostProcess.js:111:40487)
	at r.registerCommand.description (file:///home/abywu/.vscode-server/bin/17baf841131aa23349f217ca7c570c76ee87b957/out/vs/workbench/api/node/extensionHostProcess.js:111:39817)
	at vw.h (file:///home/abywu/.vscode-server/bin/17baf841131aa23349f217ca7c570c76ee87b957/out/vs/workbench/api/node/extensionHostProcess.js:111:41503)
	at vw.g (file:///home/abywu/.vscode-server/bin/17baf841131aa23349f217ca7c570c76ee87b957/out/vs/workbench/api/node/extensionHostProcess.js:111:40580)
	at vw.executeCommand (file:///home/abywu/.vscode-server/bin/17baf841131aa23349f217ca7c570c76ee87b957/out/vs/workbench/api/node/extensionHostProcess.js:111:40487)
	at Object.executeCommand (file:///home/abywu/.vscode-server/bin/17baf841131aa23349f217ca7c570c76ee87b957/out/vs/workbench/api/node/extensionHostProcess.js:173:30346)
	at set hasGitHubRepositories [as hasGitHubRepositories] (/home/abywu/.vscode-server/bin/17baf841131aa23349f217ca7c570c76ee87b957/extensions/github/dist/extension.js:2:217805)
	at /home/abywu/.vscode-server/bin/17baf841131aa23349f217ca7c570c76ee87b957/extensions/github/dist/extension.js:2:218764
	at Ah.value (/home/abywu/.vscode-server/bin/17baf841131aa23349f217ca7c570c76ee87b957/extensions/git/dist/main.js:2:631688)
	at P.B (file:///home/abywu/.vscode-server/bin/17baf841131aa23349f217ca7c570c76ee87b957/out/vs/workbench/api/node/extensionHostProcess.js:27:2375)
	at P.C (file:///home/abywu/.vscode-server/bin/17baf841131aa23349f217ca7c570c76ee87b957/out/vs/workbench/api/node/extensionHostProcess.js:27:2445)
	at P.fire (file:///home/abywu/.vscode-server/bin/17baf841131aa23349f217ca7c570c76ee87b957/out/vs/workbench/api/node/extensionHostProcess.js:27:2662)
	at Object.g [as dispose] (/home/abywu/.vscode-server/bin/17baf841131aa23349f217ca7c570c76ee87b957/extensions/git/dist/main.js:2:534449)
	at /home/abywu/.vscode-server/bin/17baf841131aa23349f217ca7c570c76ee87b957/extensions/git/dist/main.js:2:540767
	at Array.forEach (<anonymous>)
	at b.dispose (/home/abywu/.vscode-server/bin/17baf841131aa23349f217ca7c570c76ee87b957/extensions/git/dist/main.js:2:540753)
	at iv.<anonymous> (file:///home/abywu/.vscode-server/bin/17baf841131aa23349f217ca7c570c76ee87b957/out/vs/workbench/api/node/extensionHostProcess.js:107:8922)
	at iv.dispose (file:///home/abywu/.vscode-server/bin/17baf841131aa23349f217ca7c570c76ee87b957/out/vs/workbench/api/node/extensionHostProcess.js:107:9018)
	at iv.<anonymous> (/home/abywu/.vscode-server/bin/17baf841131aa23349f217ca7c570c76ee87b957/extensions/git/dist/main.js:2:514293)
	at iv.dispose (file:///home/abywu/.vscode-server/bin/17baf841131aa23349f217ca7c570c76ee87b957/out/vs/workbench/api/node/extensionHostProcess.js:107:9018)
	at pi (file:///home/abywu/.vscode-server/bin/17baf841131aa23349f217ca7c570c76ee87b957/out/vs/workbench/api/node/extensionHostProcess.js:25:701)
	at file:///home/abywu/.vscode-server/bin/17baf841131aa23349f217ca7c570c76ee87b957/out/vs/workbench/api/node/extensionHostProcess.js:115:14994
	at file:///home/abywu/.vscode-server/bin/17baf841131aa23349f217ca7c570c76ee87b957/out/vs/workbench/api/node/extensionHostProcess.js:25:1011
	at Object.dispose (file:///home/abywu/.vscode-server/bin/17baf841131aa23349f217ca7c570c76ee87b957/out/vs/workbench/api/node/extensionHostProcess.js:8:705)
	at vV.eb (file:///home/abywu/.vscode-server/bin/17baf841131aa23349f217ca7c570c76ee87b957/out/vs/workbench/api/node/extensionHostProcess.js:115:11921)
	at file:///home/abywu/.vscode-server/bin/17baf841131aa23349f217ca7c570c76ee87b957/out/vs/workbench/api/node/extensionHostProcess.js:115:9876
	at Array.map (<anonymous>)
	at vV.$ (file:///home/abywu/.vscode-server/bin/17baf841131aa23349f217ca7c570c76ee87b957/out/vs/workbench/api/node/extensionHostProcess.js:115:9864)
	at vV.terminate (file:///home/abywu/.vscode-server/bin/17baf841131aa23349f217ca7c570c76ee87b957/out/vs/workbench/api/node/extensionHostProcess.js:115:10107)
	at oP.terminate (file:///home/abywu/.vscode-server/bin/17baf841131aa23349f217ca7c570c76ee87b957/out/vs/workbench/api/node/extensionHostProcess.js:116:1434)
	at es (file:///home/abywu/.vscode-server/bin/17baf841131aa23349f217ca7c570c76ee87b957/out/vs/workbench/api/node/extensionHostProcess.js:197:5701)
	at Ah.value (file:///home/abywu/.vscode-server/bin/17baf841131aa23349f217ca7c570c76ee87b957/out/vs/workbench/api/node/extensionHostProcess.js:197:3862)
	at P.B (file:///home/abywu/.vscode-server/bin/17baf841131aa23349f217ca7c570c76ee87b957/out/vs/workbench/api/node/extensionHostProcess.js:27:2375)
	at P.fire (file:///home/abywu/.vscode-server/bin/17baf841131aa23349f217ca7c570c76ee87b957/out/vs/workbench/api/node/extensionHostProcess.js:27:2593)
	at Jn.fire (file:///home/abywu/.vscode-server/bin/17baf841131aa23349f217ca7c570c76ee87b957/out/vs/workbench/api/node/extensionHostProcess.js:29:9459)
	at Km.A (file:///home/abywu/.vscode-server/bin/17baf841131aa23349f217ca7c570c76ee87b957/out/vs/workbench/api/node/extensionHostProcess.js:29:12575)
	at Ah.value (file:///home/abywu/.vscode-server/bin/17baf841131aa23349f217ca7c570c76ee87b957/out/vs/workbench/api/node/extensionHostProcess.js:29:11976)
	at P.B (file:///home/abywu/.vscode-server/bin/17baf841131aa23349f217ca7c570c76ee87b957/out/vs/workbench/api/node/extensionHostProcess.js:27:2375)
	at P.fire (file:///home/abywu/.vscode-server/bin/17baf841131aa23349f217ca7c570c76ee87b957/out/vs/workbench/api/node/extensionHostProcess.js:27:2593)
	at M6.acceptChunk (file:///home/abywu/.vscode-server/bin/17baf841131aa23349f217ca7c570c76ee87b957/out/vs/workbench/api/node/extensionHostProcess.js:29:7942)
	at Ah.value (file:///home/abywu/.vscode-server/bin/17baf841131aa23349f217ca7c570c76ee87b957/out/vs/workbench/api/node/extensionHostProcess.js:29:7228)
	at P.B (file:///home/abywu/.vscode-server/bin/17baf841131aa23349f217ca7c570c76ee87b957/out/vs/workbench/api/node/extensionHostProcess.js:27:2375)
	at P.fire (file:///home/abywu/.vscode-server/bin/17baf841131aa23349f217ca7c570c76ee87b957/out/vs/workbench/api/node/extensionHostProcess.js:27:2593)
	at AT.z (file:///home/abywu/.vscode-server/bin/17baf841131aa23349f217ca7c570c76ee87b957/out/vs/workbench/api/node/extensionHostProcess.js:29:21747)
	at AT.acceptFrame (file:///home/abywu/.vscode-server/bin/17baf841131aa23349f217ca7c570c76ee87b957/out/vs/workbench/api/node/extensionHostProcess.js:29:21553)
	at DT.n (file:///home/abywu/.vscode-server/bin/17baf841131aa23349f217ca7c570c76ee87b957/out/vs/workbench/api/node/extensionHostProcess.js:29:20080)
	at file:///home/abywu/.vscode-server/bin/17baf841131aa23349f217ca7c570c76ee87b957/out/vs/workbench/api/node/extensionHostProcess.js:29:17312
	at Socket.t (file:///home/abywu/.vscode-server/bin/17baf841131aa23349f217ca7c570c76ee87b957/out/vs/workbench/api/node/extensionHostProcess.js:29:15252)
	at Socket.emit (node:events:518:28)
	at addChunk (node:internal/streams/readable:561:12)
	at readableAddChunkPushByteMode (node:internal/streams/readable:512:3)
	at Readable.push (node:internal/streams/readable:392:5)
	at TCP.onStreamRead (node:internal/stream_base_commons:191:23) setContext undefined
2025-04-30 13:46:25.958 [info] Extension host with pid 2646 exiting with code 0
