2025-04-27 12:11:07.894 [info] Extension host with pid 1407 started
2025-04-27 12:11:07.894 [error] Error: EEXIST: file already exists, open '/home/abywu/.vscode-server/data/User/workspaceStorage/7fa4cfd2e2b30c129916018b762863e4/vscode.lock'
2025-04-27 12:11:07.906 [info] Lock '/home/abywu/.vscode-server/data/User/workspaceStorage/7fa4cfd2e2b30c129916018b762863e4/vscode.lock': Could not acquire lock, checking if the file is stale.
2025-04-27 12:11:07.915 [info] Lock '/home/abywu/.vscode-server/data/User/workspaceStorage/7fa4cfd2e2b30c129916018b762863e4/vscode.lock': The pid 970 appears to be gone.
2025-04-27 12:11:07.915 [info] Lock '/home/abywu/.vscode-server/data/User/workspaceStorage/7fa4cfd2e2b30c129916018b762863e4/vscode.lock': Deleting a stale lock.
2025-04-27 12:11:07.979 [info] ExtensionService#_doActivateExtension vscode.emmet, startup: false, activationEvent: 'onLanguage'
2025-04-27 12:11:07.982 [info] ExtensionService#_doActivateExtension vscode.html-language-features, startup: false, activationEvent: 'onLanguage:html'
2025-04-27 12:11:07.983 [info] ExtensionService#_doActivateExtension vscode.configuration-editing, startup: false, activationEvent: 'onLanguage:jsonc'
2025-04-27 12:11:07.984 [info] ExtensionService#_doActivateExtension vscode.json-language-features, startup: false, activationEvent: 'onLanguage:jsonc'
2025-04-27 12:11:07.985 [info] ExtensionService#_doActivateExtension vscode.typescript-language-features, startup: false, activationEvent: 'onLanguage:jsonc'
2025-04-27 12:11:08.487 [info] Lock '/home/abywu/.vscode-server/data/User/workspaceStorage/7fa4cfd2e2b30c129916018b762863e4/vscode.lock': Lock acquired.
2025-04-27 12:11:08.988 [info] ExtensionService#_doActivateExtension vscode.git-base, startup: true, activationEvent: '*', root cause: vscode.git
2025-04-27 12:11:08.995 [info] ExtensionService#_doActivateExtension vscode.git, startup: true, activationEvent: '*'
2025-04-27 12:11:08.996 [info] ExtensionService#_doActivateExtension vscode.github, startup: true, activationEvent: '*'
2025-04-27 12:11:09.187 [info] Eager extensions activated
2025-04-27 12:11:09.188 [info] ExtensionService#_doActivateExtension vscode.debug-auto-launch, startup: false, activationEvent: 'onStartupFinished'
2025-04-27 12:11:09.189 [info] ExtensionService#_doActivateExtension vscode.merge-conflict, startup: false, activationEvent: 'onStartupFinished'
2025-04-27 12:11:09.190 [info] ExtensionService#_doActivateExtension ritwickdey.LiveServer, startup: false, activationEvent: 'onStartupFinished'
2025-04-27 12:11:09.387 [info] ExtensionService#_doActivateExtension vscode.tunnel-forwarding, startup: false, activationEvent: 'onTunnel'
2025-04-27 12:11:39.681 [info] ExtensionService#_doActivateExtension vscode.npm, startup: false, activationEvent: 'onTerminalQuickFixRequest:ms-vscode.npm-command'
2025-04-27 13:11:17.589 [info] Extension host terminating: received terminate message from renderer
2025-04-27 13:11:17.591 [info] Lock '/home/abywu/.vscode-server/data/User/workspaceStorage/7fa4cfd2e2b30c129916018b762863e4/vscode.lock': Marking the lockfile as scheduled to be released in 6000 ms.
2025-04-27 13:11:17.800 [error] Canceled: Canceled
	at new HR (file:///home/abywu/.vscode-server/bin/17baf841131aa23349f217ca7c570c76ee87b957/out/vs/workbench/api/node/extensionHostProcess.js:29:156308)
	at i4.U (file:///home/abywu/.vscode-server/bin/17baf841131aa23349f217ca7c570c76ee87b957/out/vs/workbench/api/node/extensionHostProcess.js:29:160919)
	at s.<computed>.n.charCodeAt.s.<computed> (file:///home/abywu/.vscode-server/bin/17baf841131aa23349f217ca7c570c76ee87b957/out/vs/workbench/api/node/extensionHostProcess.js:29:158413)
	at vw.g (file:///home/abywu/.vscode-server/bin/17baf841131aa23349f217ca7c570c76ee87b957/out/vs/workbench/api/node/extensionHostProcess.js:111:40983)
	at vw.executeCommand (file:///home/abywu/.vscode-server/bin/17baf841131aa23349f217ca7c570c76ee87b957/out/vs/workbench/api/node/extensionHostProcess.js:111:40487)
	at r.registerCommand.description (file:///home/abywu/.vscode-server/bin/17baf841131aa23349f217ca7c570c76ee87b957/out/vs/workbench/api/node/extensionHostProcess.js:111:39817)
	at vw.h (file:///home/abywu/.vscode-server/bin/17baf841131aa23349f217ca7c570c76ee87b957/out/vs/workbench/api/node/extensionHostProcess.js:111:41503)
	at vw.g (file:///home/abywu/.vscode-server/bin/17baf841131aa23349f217ca7c570c76ee87b957/out/vs/workbench/api/node/extensionHostProcess.js:111:40580)
	at vw.executeCommand (file:///home/abywu/.vscode-server/bin/17baf841131aa23349f217ca7c570c76ee87b957/out/vs/workbench/api/node/extensionHostProcess.js:111:40487)
	at Object.executeCommand (file:///home/abywu/.vscode-server/bin/17baf841131aa23349f217ca7c570c76ee87b957/out/vs/workbench/api/node/extensionHostProcess.js:173:30346)
	at Ah.L [as value] (/home/abywu/.vscode-server/bin/17baf841131aa23349f217ca7c570c76ee87b957/extensions/git/dist/main.js:2:511809)
	at P.B (file:///home/abywu/.vscode-server/bin/17baf841131aa23349f217ca7c570c76ee87b957/out/vs/workbench/api/node/extensionHostProcess.js:27:2375)
	at P.C (file:///home/abywu/.vscode-server/bin/17baf841131aa23349f217ca7c570c76ee87b957/out/vs/workbench/api/node/extensionHostProcess.js:27:2445)
	at P.fire (file:///home/abywu/.vscode-server/bin/17baf841131aa23349f217ca7c570c76ee87b957/out/vs/workbench/api/node/extensionHostProcess.js:27:2662)
	at Object.g [as dispose] (/home/abywu/.vscode-server/bin/17baf841131aa23349f217ca7c570c76ee87b957/extensions/git/dist/main.js:2:534449)
	at /home/abywu/.vscode-server/bin/17baf841131aa23349f217ca7c570c76ee87b957/extensions/git/dist/main.js:2:540767
	at Array.forEach (<anonymous>)
	at b.dispose (/home/abywu/.vscode-server/bin/17baf841131aa23349f217ca7c570c76ee87b957/extensions/git/dist/main.js:2:540753)
	at iv.<anonymous> (file:///home/abywu/.vscode-server/bin/17baf841131aa23349f217ca7c570c76ee87b957/out/vs/workbench/api/node/extensionHostProcess.js:107:8922)
	at iv.dispose (file:///home/abywu/.vscode-server/bin/17baf841131aa23349f217ca7c570c76ee87b957/out/vs/workbench/api/node/extensionHostProcess.js:107:9018)
	at iv.<anonymous> (/home/abywu/.vscode-server/bin/17baf841131aa23349f217ca7c570c76ee87b957/extensions/git/dist/main.js:2:514293)
	at iv.dispose (file:///home/abywu/.vscode-server/bin/17baf841131aa23349f217ca7c570c76ee87b957/out/vs/workbench/api/node/extensionHostProcess.js:107:9018)
	at pi (file:///home/abywu/.vscode-server/bin/17baf841131aa23349f217ca7c570c76ee87b957/out/vs/workbench/api/node/extensionHostProcess.js:25:701)
	at file:///home/abywu/.vscode-server/bin/17baf841131aa23349f217ca7c570c76ee87b957/out/vs/workbench/api/node/extensionHostProcess.js:115:14994
	at file:///home/abywu/.vscode-server/bin/17baf841131aa23349f217ca7c570c76ee87b957/out/vs/workbench/api/node/extensionHostProcess.js:25:1011
	at Object.dispose (file:///home/abywu/.vscode-server/bin/17baf841131aa23349f217ca7c570c76ee87b957/out/vs/workbench/api/node/extensionHostProcess.js:8:705)
	at vV.eb (file:///home/abywu/.vscode-server/bin/17baf841131aa23349f217ca7c570c76ee87b957/out/vs/workbench/api/node/extensionHostProcess.js:115:11921)
	at file:///home/abywu/.vscode-server/bin/17baf841131aa23349f217ca7c570c76ee87b957/out/vs/workbench/api/node/extensionHostProcess.js:115:9876
	at Array.map (<anonymous>)
	at vV.$ (file:///home/abywu/.vscode-server/bin/17baf841131aa23349f217ca7c570c76ee87b957/out/vs/workbench/api/node/extensionHostProcess.js:115:9864)
	at vV.terminate (file:///home/abywu/.vscode-server/bin/17baf841131aa23349f217ca7c570c76ee87b957/out/vs/workbench/api/node/extensionHostProcess.js:115:10107)
	at oP.terminate (file:///home/abywu/.vscode-server/bin/17baf841131aa23349f217ca7c570c76ee87b957/out/vs/workbench/api/node/extensionHostProcess.js:116:1434)
	at es (file:///home/abywu/.vscode-server/bin/17baf841131aa23349f217ca7c570c76ee87b957/out/vs/workbench/api/node/extensionHostProcess.js:197:5701)
	at Ah.value (file:///home/abywu/.vscode-server/bin/17baf841131aa23349f217ca7c570c76ee87b957/out/vs/workbench/api/node/extensionHostProcess.js:197:3862)
	at P.B (file:///home/abywu/.vscode-server/bin/17baf841131aa23349f217ca7c570c76ee87b957/out/vs/workbench/api/node/extensionHostProcess.js:27:2375)
	at P.fire (file:///home/abywu/.vscode-server/bin/17baf841131aa23349f217ca7c570c76ee87b957/out/vs/workbench/api/node/extensionHostProcess.js:27:2593)
	at Jn.fire (file:///home/abywu/.vscode-server/bin/17baf841131aa23349f217ca7c570c76ee87b957/out/vs/workbench/api/node/extensionHostProcess.js:29:9459)
	at Km.A (file:///home/abywu/.vscode-server/bin/17baf841131aa23349f217ca7c570c76ee87b957/out/vs/workbench/api/node/extensionHostProcess.js:29:12575)
	at Ah.value (file:///home/abywu/.vscode-server/bin/17baf841131aa23349f217ca7c570c76ee87b957/out/vs/workbench/api/node/extensionHostProcess.js:29:10995)
	at P.B (file:///home/abywu/.vscode-server/bin/17baf841131aa23349f217ca7c570c76ee87b957/out/vs/workbench/api/node/extensionHostProcess.js:27:2375)
	at P.fire (file:///home/abywu/.vscode-server/bin/17baf841131aa23349f217ca7c570c76ee87b957/out/vs/workbench/api/node/extensionHostProcess.js:27:2593)
	at M6.acceptChunk (file:///home/abywu/.vscode-server/bin/17baf841131aa23349f217ca7c570c76ee87b957/out/vs/workbench/api/node/extensionHostProcess.js:29:7942)
	at Ah.value (file:///home/abywu/.vscode-server/bin/17baf841131aa23349f217ca7c570c76ee87b957/out/vs/workbench/api/node/extensionHostProcess.js:29:7228)
	at P.B (file:///home/abywu/.vscode-server/bin/17baf841131aa23349f217ca7c570c76ee87b957/out/vs/workbench/api/node/extensionHostProcess.js:27:2375)
	at P.fire (file:///home/abywu/.vscode-server/bin/17baf841131aa23349f217ca7c570c76ee87b957/out/vs/workbench/api/node/extensionHostProcess.js:27:2593)
	at AT.z (file:///home/abywu/.vscode-server/bin/17baf841131aa23349f217ca7c570c76ee87b957/out/vs/workbench/api/node/extensionHostProcess.js:29:21747)
	at AT.acceptFrame (file:///home/abywu/.vscode-server/bin/17baf841131aa23349f217ca7c570c76ee87b957/out/vs/workbench/api/node/extensionHostProcess.js:29:21553)
	at DT.n (file:///home/abywu/.vscode-server/bin/17baf841131aa23349f217ca7c570c76ee87b957/out/vs/workbench/api/node/extensionHostProcess.js:29:20080)
	at file:///home/abywu/.vscode-server/bin/17baf841131aa23349f217ca7c570c76ee87b957/out/vs/workbench/api/node/extensionHostProcess.js:29:17312
	at Socket.t (file:///home/abywu/.vscode-server/bin/17baf841131aa23349f217ca7c570c76ee87b957/out/vs/workbench/api/node/extensionHostProcess.js:29:15252)
	at Socket.emit (node:events:518:28)
	at addChunk (node:internal/streams/readable:561:12)
	at readableAddChunkPushByteMode (node:internal/streams/readable:512:3)
	at Readable.push (node:internal/streams/readable:392:5)
	at TCP.onStreamRead (node:internal/stream_base_commons:191:23) setContext undefined
2025-04-27 13:11:17.803 [error] Canceled: Canceled
	at new HR (file:///home/abywu/.vscode-server/bin/17baf841131aa23349f217ca7c570c76ee87b957/out/vs/workbench/api/node/extensionHostProcess.js:29:156308)
	at i4.U (file:///home/abywu/.vscode-server/bin/17baf841131aa23349f217ca7c570c76ee87b957/out/vs/workbench/api/node/extensionHostProcess.js:29:160919)
	at s.<computed>.n.charCodeAt.s.<computed> (file:///home/abywu/.vscode-server/bin/17baf841131aa23349f217ca7c570c76ee87b957/out/vs/workbench/api/node/extensionHostProcess.js:29:158413)
	at vw.g (file:///home/abywu/.vscode-server/bin/17baf841131aa23349f217ca7c570c76ee87b957/out/vs/workbench/api/node/extensionHostProcess.js:111:40983)
	at vw.executeCommand (file:///home/abywu/.vscode-server/bin/17baf841131aa23349f217ca7c570c76ee87b957/out/vs/workbench/api/node/extensionHostProcess.js:111:40487)
	at r.registerCommand.description (file:///home/abywu/.vscode-server/bin/17baf841131aa23349f217ca7c570c76ee87b957/out/vs/workbench/api/node/extensionHostProcess.js:111:39817)
	at vw.h (file:///home/abywu/.vscode-server/bin/17baf841131aa23349f217ca7c570c76ee87b957/out/vs/workbench/api/node/extensionHostProcess.js:111:41503)
	at vw.g (file:///home/abywu/.vscode-server/bin/17baf841131aa23349f217ca7c570c76ee87b957/out/vs/workbench/api/node/extensionHostProcess.js:111:40580)
	at vw.executeCommand (file:///home/abywu/.vscode-server/bin/17baf841131aa23349f217ca7c570c76ee87b957/out/vs/workbench/api/node/extensionHostProcess.js:111:40487)
	at Object.executeCommand (file:///home/abywu/.vscode-server/bin/17baf841131aa23349f217ca7c570c76ee87b957/out/vs/workbench/api/node/extensionHostProcess.js:173:30346)
	at set hasGitHubRepositories [as hasGitHubRepositories] (/home/abywu/.vscode-server/bin/17baf841131aa23349f217ca7c570c76ee87b957/extensions/github/dist/extension.js:2:217805)
	at /home/abywu/.vscode-server/bin/17baf841131aa23349f217ca7c570c76ee87b957/extensions/github/dist/extension.js:2:218764
	at Ah.value (/home/abywu/.vscode-server/bin/17baf841131aa23349f217ca7c570c76ee87b957/extensions/git/dist/main.js:2:631688)
	at P.B (file:///home/abywu/.vscode-server/bin/17baf841131aa23349f217ca7c570c76ee87b957/out/vs/workbench/api/node/extensionHostProcess.js:27:2375)
	at P.C (file:///home/abywu/.vscode-server/bin/17baf841131aa23349f217ca7c570c76ee87b957/out/vs/workbench/api/node/extensionHostProcess.js:27:2445)
	at P.fire (file:///home/abywu/.vscode-server/bin/17baf841131aa23349f217ca7c570c76ee87b957/out/vs/workbench/api/node/extensionHostProcess.js:27:2662)
	at Object.g [as dispose] (/home/abywu/.vscode-server/bin/17baf841131aa23349f217ca7c570c76ee87b957/extensions/git/dist/main.js:2:534449)
	at /home/abywu/.vscode-server/bin/17baf841131aa23349f217ca7c570c76ee87b957/extensions/git/dist/main.js:2:540767
	at Array.forEach (<anonymous>)
	at b.dispose (/home/abywu/.vscode-server/bin/17baf841131aa23349f217ca7c570c76ee87b957/extensions/git/dist/main.js:2:540753)
	at iv.<anonymous> (file:///home/abywu/.vscode-server/bin/17baf841131aa23349f217ca7c570c76ee87b957/out/vs/workbench/api/node/extensionHostProcess.js:107:8922)
	at iv.dispose (file:///home/abywu/.vscode-server/bin/17baf841131aa23349f217ca7c570c76ee87b957/out/vs/workbench/api/node/extensionHostProcess.js:107:9018)
	at iv.<anonymous> (/home/abywu/.vscode-server/bin/17baf841131aa23349f217ca7c570c76ee87b957/extensions/git/dist/main.js:2:514293)
	at iv.dispose (file:///home/abywu/.vscode-server/bin/17baf841131aa23349f217ca7c570c76ee87b957/out/vs/workbench/api/node/extensionHostProcess.js:107:9018)
	at pi (file:///home/abywu/.vscode-server/bin/17baf841131aa23349f217ca7c570c76ee87b957/out/vs/workbench/api/node/extensionHostProcess.js:25:701)
	at file:///home/abywu/.vscode-server/bin/17baf841131aa23349f217ca7c570c76ee87b957/out/vs/workbench/api/node/extensionHostProcess.js:115:14994
	at file:///home/abywu/.vscode-server/bin/17baf841131aa23349f217ca7c570c76ee87b957/out/vs/workbench/api/node/extensionHostProcess.js:25:1011
	at Object.dispose (file:///home/abywu/.vscode-server/bin/17baf841131aa23349f217ca7c570c76ee87b957/out/vs/workbench/api/node/extensionHostProcess.js:8:705)
	at vV.eb (file:///home/abywu/.vscode-server/bin/17baf841131aa23349f217ca7c570c76ee87b957/out/vs/workbench/api/node/extensionHostProcess.js:115:11921)
	at file:///home/abywu/.vscode-server/bin/17baf841131aa23349f217ca7c570c76ee87b957/out/vs/workbench/api/node/extensionHostProcess.js:115:9876
	at Array.map (<anonymous>)
	at vV.$ (file:///home/abywu/.vscode-server/bin/17baf841131aa23349f217ca7c570c76ee87b957/out/vs/workbench/api/node/extensionHostProcess.js:115:9864)
	at vV.terminate (file:///home/abywu/.vscode-server/bin/17baf841131aa23349f217ca7c570c76ee87b957/out/vs/workbench/api/node/extensionHostProcess.js:115:10107)
	at oP.terminate (file:///home/abywu/.vscode-server/bin/17baf841131aa23349f217ca7c570c76ee87b957/out/vs/workbench/api/node/extensionHostProcess.js:116:1434)
	at es (file:///home/abywu/.vscode-server/bin/17baf841131aa23349f217ca7c570c76ee87b957/out/vs/workbench/api/node/extensionHostProcess.js:197:5701)
	at Ah.value (file:///home/abywu/.vscode-server/bin/17baf841131aa23349f217ca7c570c76ee87b957/out/vs/workbench/api/node/extensionHostProcess.js:197:3862)
	at P.B (file:///home/abywu/.vscode-server/bin/17baf841131aa23349f217ca7c570c76ee87b957/out/vs/workbench/api/node/extensionHostProcess.js:27:2375)
	at P.fire (file:///home/abywu/.vscode-server/bin/17baf841131aa23349f217ca7c570c76ee87b957/out/vs/workbench/api/node/extensionHostProcess.js:27:2593)
	at Jn.fire (file:///home/abywu/.vscode-server/bin/17baf841131aa23349f217ca7c570c76ee87b957/out/vs/workbench/api/node/extensionHostProcess.js:29:9459)
	at Km.A (file:///home/abywu/.vscode-server/bin/17baf841131aa23349f217ca7c570c76ee87b957/out/vs/workbench/api/node/extensionHostProcess.js:29:12575)
	at Ah.value (file:///home/abywu/.vscode-server/bin/17baf841131aa23349f217ca7c570c76ee87b957/out/vs/workbench/api/node/extensionHostProcess.js:29:10995)
	at P.B (file:///home/abywu/.vscode-server/bin/17baf841131aa23349f217ca7c570c76ee87b957/out/vs/workbench/api/node/extensionHostProcess.js:27:2375)
	at P.fire (file:///home/abywu/.vscode-server/bin/17baf841131aa23349f217ca7c570c76ee87b957/out/vs/workbench/api/node/extensionHostProcess.js:27:2593)
	at M6.acceptChunk (file:///home/abywu/.vscode-server/bin/17baf841131aa23349f217ca7c570c76ee87b957/out/vs/workbench/api/node/extensionHostProcess.js:29:7942)
	at Ah.value (file:///home/abywu/.vscode-server/bin/17baf841131aa23349f217ca7c570c76ee87b957/out/vs/workbench/api/node/extensionHostProcess.js:29:7228)
	at P.B (file:///home/abywu/.vscode-server/bin/17baf841131aa23349f217ca7c570c76ee87b957/out/vs/workbench/api/node/extensionHostProcess.js:27:2375)
	at P.fire (file:///home/abywu/.vscode-server/bin/17baf841131aa23349f217ca7c570c76ee87b957/out/vs/workbench/api/node/extensionHostProcess.js:27:2593)
	at AT.z (file:///home/abywu/.vscode-server/bin/17baf841131aa23349f217ca7c570c76ee87b957/out/vs/workbench/api/node/extensionHostProcess.js:29:21747)
	at AT.acceptFrame (file:///home/abywu/.vscode-server/bin/17baf841131aa23349f217ca7c570c76ee87b957/out/vs/workbench/api/node/extensionHostProcess.js:29:21553)
	at DT.n (file:///home/abywu/.vscode-server/bin/17baf841131aa23349f217ca7c570c76ee87b957/out/vs/workbench/api/node/extensionHostProcess.js:29:20080)
	at file:///home/abywu/.vscode-server/bin/17baf841131aa23349f217ca7c570c76ee87b957/out/vs/workbench/api/node/extensionHostProcess.js:29:17312
	at Socket.t (file:///home/abywu/.vscode-server/bin/17baf841131aa23349f217ca7c570c76ee87b957/out/vs/workbench/api/node/extensionHostProcess.js:29:15252)
	at Socket.emit (node:events:518:28)
	at addChunk (node:internal/streams/readable:561:12)
	at readableAddChunkPushByteMode (node:internal/streams/readable:512:3)
	at Readable.push (node:internal/streams/readable:392:5)
	at TCP.onStreamRead (node:internal/stream_base_commons:191:23) setContext undefined
2025-04-27 13:11:17.816 [info] Extension host with pid 1407 exiting with code 0
