0 verbose cli /home/abywu/.nvm/versions/node/v22.13.1/bin/node /home/abywu/.nvm/versions/node/v22.13.1/bin/npm
1 info using npm@10.9.2
2 info using node@v22.13.1
3 silly config load:file:/home/abywu/.nvm/versions/node/v22.13.1/lib/node_modules/npm/npmrc
4 silly config load:file:/home/abywu/vite-project/.npmrc
5 silly config load:file:/home/abywu/.npmrc
6 silly config load:file:/home/abywu/.nvm/versions/node/v22.13.1/etc/npmrc
7 verbose title npm install
8 verbose argv "install"
9 verbose logfile logs-max:10 dir:/home/abywu/.npm/_logs/2025-04-30T18_05_03_634Z-
10 verbose logfile /home/abywu/.npm/_logs/2025-04-30T18_05_03_634Z-debug-0.log
11 silly logfile start cleaning logs, removing 1 files
12 silly logfile done cleaning log files
13 silly packumentCache heap:2063859712 maxSize:515964928 maxEntrySize:257982464
14 silly idealTree buildDeps
15 silly fetch manifest react@^18.2.0
16 silly packumentCache full:https://registry.npmjs.org/react cache-miss
17 http fetch GET 200 https://registry.npmjs.org/react 2187ms (cache miss)
18 silly packumentCache full:https://registry.npmjs.org/react set size:undefined disposed:false
19 silly fetch manifest react-dom@^18.2.0
20 silly packumentCache full:https://registry.npmjs.org/react-dom cache-miss
21 http fetch GET 200 https://registry.npmjs.org/react-dom 904ms (cache miss)
22 silly packumentCache full:https://registry.npmjs.org/react-dom set size:undefined disposed:false
23 silly fetch manifest @types/react@^18.0.27
24 silly packumentCache full:https://registry.npmjs.org/@types%2freact cache-miss
25 http fetch GET 200 https://registry.npmjs.org/@types%2freact 1159ms (cache miss)
26 silly packumentCache full:https://registry.npmjs.org/@types%2freact set size:undefined disposed:false
27 silly fetch manifest @types/react-dom@^18.0.10
28 silly packumentCache full:https://registry.npmjs.org/@types%2freact-dom cache-miss
29 http fetch GET 200 https://registry.npmjs.org/@types%2freact-dom 777ms (cache miss)
30 silly packumentCache full:https://registry.npmjs.org/@types%2freact-dom set size:undefined disposed:false
31 silly fetch manifest @vitejs/plugin-react@^3.1.0
32 silly packumentCache full:https://registry.npmjs.org/@vitejs%2fplugin-react cache-miss
33 http fetch GET 200 https://registry.npmjs.org/@vitejs%2fplugin-react 827ms (cache miss)
34 silly packumentCache full:https://registry.npmjs.org/@vitejs%2fplugin-react set size:undefined disposed:false
35 silly fetch manifest vite@^4.1.0
36 silly packumentCache full:https://registry.npmjs.org/vite cache-miss
37 http fetch GET 200 https://registry.npmjs.org/vite 2886ms (cache miss)
38 silly packumentCache full:https://registry.npmjs.org/vite set size:undefined disposed:false
39 silly fetch manifest @types/node@>= 14
40 silly packumentCache full:https://registry.npmjs.org/@types%2fnode cache-miss
41 http fetch GET 200 https://registry.npmjs.org/@types%2fnode 1051ms (cache miss)
42 silly packumentCache full:https://registry.npmjs.org/@types%2fnode set size:undefined disposed:false
43 silly fetch manifest less@*
44 silly packumentCache full:https://registry.npmjs.org/less cache-miss
45 http fetch GET 200 https://registry.npmjs.org/less 862ms (cache miss)
46 silly packumentCache full:https://registry.npmjs.org/less set size:undefined disposed:false
47 silly fetch manifest lightningcss@^1.21.0
48 silly packumentCache full:https://registry.npmjs.org/lightningcss cache-miss
49 http fetch GET 200 https://registry.npmjs.org/lightningcss 479ms (cache miss)
50 silly packumentCache full:https://registry.npmjs.org/lightningcss set size:undefined disposed:false
51 silly fetch manifest sass@*
52 silly packumentCache full:https://registry.npmjs.org/sass cache-miss
53 http fetch GET 200 https://registry.npmjs.org/sass 3463ms (cache miss)
54 silly packumentCache full:https://registry.npmjs.org/sass set size:undefined disposed:false
55 silly fetch manifest stylus@*
56 silly packumentCache full:https://registry.npmjs.org/stylus cache-miss
57 http fetch GET 200 https://registry.npmjs.org/stylus 844ms (cache miss)
58 silly packumentCache full:https://registry.npmjs.org/stylus set size:undefined disposed:false
59 silly fetch manifest sugarss@*
60 silly packumentCache full:https://registry.npmjs.org/sugarss cache-miss
61 http fetch GET 200 https://registry.npmjs.org/sugarss 497ms (cache miss)
62 silly packumentCache full:https://registry.npmjs.org/sugarss set size:undefined disposed:false
63 silly fetch manifest postcss@^8.3.3
64 silly packumentCache full:https://registry.npmjs.org/postcss cache-miss
65 http fetch GET 200 https://registry.npmjs.org/postcss 1661ms (cache miss)
66 silly packumentCache full:https://registry.npmjs.org/postcss set size:undefined disposed:false
67 silly fetch manifest terser@^5.4.0
68 silly packumentCache full:https://registry.npmjs.org/terser cache-miss
69 http fetch GET 200 https://registry.npmjs.org/terser 1094ms (cache miss)
70 silly packumentCache full:https://registry.npmjs.org/terser set size:undefined disposed:false
71 silly fetch manifest typescript@^4.9.3
72 silly packumentCache full:https://registry.npmjs.org/typescript cache-miss
73 http fetch GET 200 https://registry.npmjs.org/typescript 9878ms (cache miss)
74 silly packumentCache full:https://registry.npmjs.org/typescript set size:undefined disposed:false
75 silly placeDep ROOT @types/react@18.3.20 OK for: vite-project@0.0.0 want: ^18.0.27
76 silly placeDep ROOT @types/react-dom@18.3.7 OK for: vite-project@0.0.0 want: ^18.0.10
77 silly placeDep ROOT @vitejs/plugin-react@3.1.0 OK for: vite-project@0.0.0 want: ^3.1.0
78 silly placeDep ROOT vite@4.5.14 OK for: @vitejs/plugin-react@3.1.0 want: ^4.1.0-beta.0
79 silly placeDep ROOT react@18.3.1 OK for: vite-project@0.0.0 want: ^18.2.0
80 silly placeDep ROOT react-dom@18.3.1 OK for: vite-project@0.0.0 want: ^18.2.0
81 silly placeDep ROOT typescript@4.9.5 OK for: vite-project@0.0.0 want: ^4.9.3
82 silly fetch manifest csstype@^3.0.2
83 silly packumentCache full:https://registry.npmjs.org/csstype cache-miss
84 silly fetch manifest @types/prop-types@*
85 silly packumentCache full:https://registry.npmjs.org/@types%2fprop-types cache-miss
86 silly fetch manifest @babel/core@^7.20.12
87 silly packumentCache full:https://registry.npmjs.org/@babel%2fcore cache-miss
88 silly fetch manifest magic-string@^0.27.0
89 silly packumentCache full:https://registry.npmjs.org/magic-string cache-miss
90 silly fetch manifest react-refresh@^0.14.0
91 silly packumentCache full:https://registry.npmjs.org/react-refresh cache-miss
92 silly fetch manifest @babel/plugin-transform-react-jsx-self@^7.18.6
93 silly packumentCache full:https://registry.npmjs.org/@babel%2fplugin-transform-react-jsx-self cache-miss
94 silly fetch manifest @babel/plugin-transform-react-jsx-source@^7.19.6
95 silly packumentCache full:https://registry.npmjs.org/@babel%2fplugin-transform-react-jsx-source cache-miss
96 http fetch GET 200 https://registry.npmjs.org/@babel%2fplugin-transform-react-jsx-self 300ms (cache miss)
97 silly packumentCache full:https://registry.npmjs.org/@babel%2fplugin-transform-react-jsx-self set size:undefined disposed:false
98 silly fetch manifest esbuild@^0.18.10
99 silly packumentCache full:https://registry.npmjs.org/esbuild cache-miss
100 http fetch GET 200 https://registry.npmjs.org/@babel%2fplugin-transform-react-jsx-source 370ms (cache miss)
101 silly packumentCache full:https://registry.npmjs.org/@babel%2fplugin-transform-react-jsx-source set size:undefined disposed:false
102 silly fetch manifest postcss@^8.4.27
103 silly packumentCache full:https://registry.npmjs.org/postcss cache-miss
104 http cache https://registry.npmjs.org/postcss 19ms (cache hit)
105 silly packumentCache full:https://registry.npmjs.org/postcss set size:687256 disposed:false
106 silly fetch manifest rollup@^3.27.1
107 silly packumentCache full:https://registry.npmjs.org/rollup cache-miss
108 http fetch GET 200 https://registry.npmjs.org/csstype 478ms (cache miss)
109 silly packumentCache full:https://registry.npmjs.org/csstype set size:undefined disposed:false
110 silly fetch manifest fsevents@~2.3.2
111 silly packumentCache full:https://registry.npmjs.org/fsevents cache-miss
112 http fetch GET 200 https://registry.npmjs.org/magic-string 576ms (cache miss)
113 silly packumentCache full:https://registry.npmjs.org/magic-string set size:undefined disposed:false
114 silly fetch manifest loose-envify@^1.1.0
115 silly packumentCache full:https://registry.npmjs.org/loose-envify cache-miss
116 http fetch GET 200 https://registry.npmjs.org/@types%2fprop-types 686ms (cache miss)
117 silly packumentCache full:https://registry.npmjs.org/@types%2fprop-types set size:undefined disposed:false
118 silly fetch manifest scheduler@^0.23.2
119 silly packumentCache full:https://registry.npmjs.org/scheduler cache-miss
120 http fetch GET 200 https://registry.npmjs.org/esbuild 808ms (cache miss)
121 silly packumentCache full:https://registry.npmjs.org/esbuild set size:undefined disposed:false
122 silly fetch manifest loose-envify@^1.1.0
123 silly packumentCache full:https://registry.npmjs.org/loose-envify cache-miss
124 http fetch GET 200 https://registry.npmjs.org/loose-envify 569ms (cache updated)
125 silly packumentCache full:https://registry.npmjs.org/loose-envify set size:undefined disposed:false
126 http fetch GET 200 https://registry.npmjs.org/@babel%2fcore 1309ms (cache updated)
127 silly packumentCache full:https://registry.npmjs.org/@babel%2fcore set size:undefined disposed:false
128 http fetch GET 200 https://registry.npmjs.org/fsevents 860ms (cache miss)
129 silly packumentCache full:https://registry.npmjs.org/fsevents set size:undefined disposed:false
130 http fetch GET 200 https://registry.npmjs.org/react-refresh 1403ms (cache miss)
131 silly packumentCache full:https://registry.npmjs.org/react-refresh set size:undefined disposed:false
132 http fetch GET 200 https://registry.npmjs.org/loose-envify 380ms (cache updated)
133 silly packumentCache full:https://registry.npmjs.org/loose-envify set size:undefined disposed:false
134 http fetch GET 200 https://registry.npmjs.org/rollup 1124ms (cache miss)
135 silly packumentCache full:https://registry.npmjs.org/rollup set size:undefined disposed:false
136 http fetch GET 200 https://registry.npmjs.org/scheduler 1047ms (cache miss)
137 silly packumentCache full:https://registry.npmjs.org/scheduler set size:undefined disposed:false
138 silly placeDep ROOT @types/prop-types@15.7.14 OK for: @types/react@18.3.20 want: *
139 silly placeDep ROOT csstype@3.1.3 OK for: @types/react@18.3.20 want: ^3.0.2
140 silly placeDep ROOT @babel/core@7.27.1 OK for: @vitejs/plugin-react@3.1.0 want: ^7.20.12
141 silly placeDep ROOT @babel/plugin-transform-react-jsx-self@7.27.1 OK for: @vitejs/plugin-react@3.1.0 want: ^7.18.6
142 silly placeDep ROOT @babel/plugin-transform-react-jsx-source@7.27.1 OK for: @vitejs/plugin-react@3.1.0 want: ^7.19.6
143 silly placeDep ROOT magic-string@0.27.0 OK for: @vitejs/plugin-react@3.1.0 want: ^0.27.0
144 silly placeDep ROOT react-refresh@0.14.2 OK for: @vitejs/plugin-react@3.1.0 want: ^0.14.0
145 silly fetch manifest @ampproject/remapping@^2.2.0
146 silly packumentCache full:https://registry.npmjs.org/@ampproject%2fremapping cache-miss
147 silly fetch manifest @babel/code-frame@^7.27.1
148 silly packumentCache full:https://registry.npmjs.org/@babel%2fcode-frame cache-miss
149 silly fetch manifest @babel/generator@^7.27.1
150 silly packumentCache full:https://registry.npmjs.org/@babel%2fgenerator cache-miss
151 silly fetch manifest @babel/helper-compilation-targets@^7.27.1
152 silly packumentCache full:https://registry.npmjs.org/@babel%2fhelper-compilation-targets cache-miss
153 silly fetch manifest @babel/helper-module-transforms@^7.27.1
154 silly packumentCache full:https://registry.npmjs.org/@babel%2fhelper-module-transforms cache-miss
155 silly fetch manifest @babel/helpers@^7.27.1
156 silly packumentCache full:https://registry.npmjs.org/@babel%2fhelpers cache-miss
157 silly fetch manifest @babel/parser@^7.27.1
158 silly packumentCache full:https://registry.npmjs.org/@babel%2fparser cache-miss
159 http fetch GET 200 https://registry.npmjs.org/@babel%2fcode-frame 442ms (cache updated)
160 silly packumentCache full:https://registry.npmjs.org/@babel%2fcode-frame set size:undefined disposed:false
161 silly fetch manifest @babel/template@^7.27.1
162 silly packumentCache full:https://registry.npmjs.org/@babel%2ftemplate cache-miss
163 http fetch GET 200 https://registry.npmjs.org/@babel%2fhelper-module-transforms 560ms (cache updated)
164 silly packumentCache full:https://registry.npmjs.org/@babel%2fhelper-module-transforms set size:undefined disposed:false
165 silly fetch manifest @babel/traverse@^7.27.1
166 silly packumentCache full:https://registry.npmjs.org/@babel%2ftraverse cache-miss
167 http fetch GET 200 https://registry.npmjs.org/@babel%2fhelper-compilation-targets 655ms (cache updated)
168 silly packumentCache full:https://registry.npmjs.org/@babel%2fhelper-compilation-targets set size:undefined disposed:false
169 silly fetch manifest @babel/types@^7.27.1
170 silly packumentCache full:https://registry.npmjs.org/@babel%2ftypes cache-miss
171 http fetch GET 200 https://registry.npmjs.org/@babel%2fhelpers 721ms (cache updated)
172 silly packumentCache full:https://registry.npmjs.org/@babel%2fhelpers set size:undefined disposed:false
173 silly fetch manifest convert-source-map@^2.0.0
174 silly packumentCache full:https://registry.npmjs.org/convert-source-map cache-miss
175 http fetch GET 200 https://registry.npmjs.org/@babel%2fgenerator 764ms (cache updated)
176 silly packumentCache full:https://registry.npmjs.org/@babel%2fgenerator set size:undefined disposed:false
177 silly fetch manifest debug@^4.1.0
178 silly packumentCache full:https://registry.npmjs.org/debug cache-miss
179 http fetch GET 200 https://registry.npmjs.org/@ampproject%2fremapping 796ms (cache updated)
180 silly packumentCache full:https://registry.npmjs.org/@ampproject%2fremapping set size:undefined disposed:false
181 silly fetch manifest gensync@^1.0.0-beta.2
182 silly packumentCache full:https://registry.npmjs.org/gensync cache-miss
183 http fetch GET 200 https://registry.npmjs.org/@babel%2ftemplate 530ms (cache updated)
184 silly packumentCache full:https://registry.npmjs.org/@babel%2ftemplate set size:undefined disposed:false
185 silly fetch manifest json5@^2.2.3
186 silly packumentCache full:https://registry.npmjs.org/json5 cache-miss
187 http fetch GET 200 https://registry.npmjs.org/gensync 286ms (cache updated)
188 silly packumentCache full:https://registry.npmjs.org/gensync set size:undefined disposed:false
189 silly fetch manifest semver@^6.3.1
190 silly packumentCache full:https://registry.npmjs.org/semver cache-miss
191 http fetch GET 200 https://registry.npmjs.org/@babel%2fparser 1117ms (cache updated)
192 silly packumentCache full:https://registry.npmjs.org/@babel%2fparser set size:undefined disposed:false
193 silly fetch manifest @babel/helper-plugin-utils@^7.27.1
194 silly packumentCache full:https://registry.npmjs.org/@babel%2fhelper-plugin-utils cache-miss
195 http fetch GET 200 https://registry.npmjs.org/json5 161ms (cache updated)
196 silly packumentCache full:https://registry.npmjs.org/json5 set size:undefined disposed:false
197 silly fetch manifest @babel/helper-plugin-utils@^7.27.1
198 silly packumentCache full:https://registry.npmjs.org/@babel%2fhelper-plugin-utils cache-miss
199 http fetch GET 200 https://registry.npmjs.org/convert-source-map 717ms (cache updated)
200 silly packumentCache full:https://registry.npmjs.org/convert-source-map set size:undefined disposed:false
201 silly fetch manifest @jridgewell/sourcemap-codec@^1.4.13
202 silly packumentCache full:https://registry.npmjs.org/@jridgewell%2fsourcemap-codec cache-miss
203 http fetch GET 200 https://registry.npmjs.org/debug 693ms (cache updated)
204 silly packumentCache full:https://registry.npmjs.org/debug set size:undefined disposed:false
205 http fetch GET 200 https://registry.npmjs.org/@babel%2ftraverse 906ms (cache updated)
206 silly packumentCache full:https://registry.npmjs.org/@babel%2ftraverse set size:undefined disposed:false
207 http fetch GET 200 https://registry.npmjs.org/@babel%2fhelper-plugin-utils 435ms (cache updated)
208 silly packumentCache full:https://registry.npmjs.org/@babel%2fhelper-plugin-utils set size:undefined disposed:false
209 http fetch GET 200 https://registry.npmjs.org/semver 552ms (cache updated)
210 silly packumentCache full:https://registry.npmjs.org/semver set size:undefined disposed:false
211 http fetch GET 200 https://registry.npmjs.org/@babel%2ftypes 1110ms (cache updated)
212 silly packumentCache full:https://registry.npmjs.org/@babel%2ftypes set size:undefined disposed:false
213 http fetch GET 200 https://registry.npmjs.org/@babel%2fhelper-plugin-utils 940ms (cache updated)
214 silly packumentCache full:https://registry.npmjs.org/@babel%2fhelper-plugin-utils set size:undefined disposed:false
215 http fetch GET 200 https://registry.npmjs.org/@jridgewell%2fsourcemap-codec 706ms (cache updated)
216 silly packumentCache full:https://registry.npmjs.org/@jridgewell%2fsourcemap-codec set size:undefined disposed:false
217 silly fetch manifest @babel/core@^7.0.0
218 silly packumentCache full:https://registry.npmjs.org/@babel%2fcore cache-miss
219 http cache https://registry.npmjs.org/@babel%2fcore 10ms (cache hit)
220 silly packumentCache full:https://registry.npmjs.org/@babel%2fcore set size:702395 disposed:false
221 silly placeDep ROOT @ampproject/remapping@2.3.0 OK for: @babel/core@7.27.1 want: ^2.2.0
222 silly placeDep ROOT @babel/code-frame@7.27.1 OK for: @babel/core@7.27.1 want: ^7.27.1
223 silly placeDep ROOT @babel/generator@7.27.1 OK for: @babel/core@7.27.1 want: ^7.27.1
224 silly placeDep ROOT @babel/helper-compilation-targets@7.27.1 OK for: @babel/core@7.27.1 want: ^7.27.1
225 silly placeDep ROOT @babel/helper-module-transforms@7.27.1 OK for: @babel/core@7.27.1 want: ^7.27.1
226 silly placeDep ROOT @babel/helpers@7.27.1 OK for: @babel/core@7.27.1 want: ^7.27.1
227 silly placeDep ROOT @babel/parser@7.27.1 OK for: @babel/core@7.27.1 want: ^7.27.1
228 silly placeDep ROOT @babel/template@7.27.1 OK for: @babel/core@7.27.1 want: ^7.27.1
229 silly placeDep ROOT @babel/traverse@7.27.1 OK for: @babel/core@7.27.1 want: ^7.27.1
230 silly placeDep ROOT @babel/types@7.27.1 OK for: @babel/core@7.27.1 want: ^7.27.1
231 silly placeDep ROOT convert-source-map@2.0.0 OK for: @babel/core@7.27.1 want: ^2.0.0
232 silly placeDep ROOT debug@4.4.0 OK for: @babel/core@7.27.1 want: ^4.1.0
233 silly placeDep ROOT gensync@1.0.0-beta.2 OK for: @babel/core@7.27.1 want: ^1.0.0-beta.2
234 silly placeDep ROOT json5@2.2.3 OK for: @babel/core@7.27.1 want: ^2.2.3
235 silly placeDep ROOT semver@6.3.1 OK for: @babel/core@7.27.1 want: ^6.3.1
236 silly fetch manifest @jridgewell/gen-mapping@^0.3.5
237 silly packumentCache full:https://registry.npmjs.org/@jridgewell%2fgen-mapping cache-miss
238 silly fetch manifest @jridgewell/trace-mapping@^0.3.24
239 silly packumentCache full:https://registry.npmjs.org/@jridgewell%2ftrace-mapping cache-miss
240 silly fetch manifest @babel/helper-validator-identifier@^7.27.1
241 silly packumentCache full:https://registry.npmjs.org/@babel%2fhelper-validator-identifier cache-miss
242 silly fetch manifest js-tokens@^4.0.0
243 silly packumentCache full:https://registry.npmjs.org/js-tokens cache-miss
244 silly fetch manifest picocolors@^1.1.1
245 silly packumentCache full:https://registry.npmjs.org/picocolors cache-miss
246 silly fetch manifest @jridgewell/gen-mapping@^0.3.5
247 silly packumentCache full:https://registry.npmjs.org/@jridgewell%2fgen-mapping cache-miss
248 silly fetch manifest @jridgewell/trace-mapping@^0.3.25
249 silly packumentCache full:https://registry.npmjs.org/@jridgewell%2ftrace-mapping cache-miss
250 http fetch GET 200 https://registry.npmjs.org/picocolors 207ms (cache updated)
251 silly packumentCache full:https://registry.npmjs.org/picocolors set size:undefined disposed:false
252 silly fetch manifest jsesc@^3.0.2
253 silly packumentCache full:https://registry.npmjs.org/jsesc cache-miss
254 http fetch GET 200 https://registry.npmjs.org/jsesc 136ms (cache updated)
255 silly packumentCache full:https://registry.npmjs.org/jsesc set size:undefined disposed:false
256 silly fetch manifest @babel/compat-data@^7.27.1
257 silly packumentCache full:https://registry.npmjs.org/@babel%2fcompat-data cache-miss
258 http fetch GET 200 https://registry.npmjs.org/js-tokens 503ms (cache updated)
259 silly packumentCache full:https://registry.npmjs.org/js-tokens set size:undefined disposed:false
260 silly fetch manifest @babel/helper-validator-option@^7.27.1
261 silly packumentCache full:https://registry.npmjs.org/@babel%2fhelper-validator-option cache-miss
262 http fetch GET 200 https://registry.npmjs.org/@babel%2fhelper-validator-identifier 515ms (cache updated)
263 silly packumentCache full:https://registry.npmjs.org/@babel%2fhelper-validator-identifier set size:undefined disposed:false
264 silly fetch manifest browserslist@^4.24.0
265 silly packumentCache full:https://registry.npmjs.org/browserslist cache-miss
266 http fetch GET 200 https://registry.npmjs.org/@jridgewell%2fgen-mapping 773ms (cache updated)
267 silly packumentCache full:https://registry.npmjs.org/@jridgewell%2fgen-mapping set size:undefined disposed:false
268 silly fetch manifest lru-cache@^5.1.1
269 silly packumentCache full:https://registry.npmjs.org/lru-cache cache-miss
270 http fetch GET 200 https://registry.npmjs.org/@jridgewell%2ftrace-mapping 835ms (cache updated)
271 silly packumentCache full:https://registry.npmjs.org/@jridgewell%2ftrace-mapping set size:undefined disposed:false
272 silly fetch manifest @babel/helper-module-imports@^7.27.1
273 silly packumentCache full:https://registry.npmjs.org/@babel%2fhelper-module-imports cache-miss
274 http fetch GET 200 https://registry.npmjs.org/@jridgewell%2fgen-mapping 945ms (cache updated)
275 silly packumentCache full:https://registry.npmjs.org/@jridgewell%2fgen-mapping set size:undefined disposed:false
276 silly fetch manifest debug@^4.3.1
277 silly packumentCache full:https://registry.npmjs.org/debug cache-miss
278 http cache https://registry.npmjs.org/debug 46ms (cache hit)
279 silly packumentCache full:https://registry.npmjs.org/debug set size:191237 disposed:false
280 silly fetch manifest globals@^11.1.0
281 silly packumentCache full:https://registry.npmjs.org/globals cache-miss
282 http fetch GET 200 https://registry.npmjs.org/lru-cache 248ms (cache updated)
283 silly packumentCache full:https://registry.npmjs.org/lru-cache set size:undefined disposed:false
284 silly fetch manifest @babel/helper-string-parser@^7.27.1
285 silly packumentCache full:https://registry.npmjs.org/@babel%2fhelper-string-parser cache-miss
286 http fetch GET 200 https://registry.npmjs.org/browserslist 534ms (cache updated)
287 silly packumentCache full:https://registry.npmjs.org/browserslist set size:undefined disposed:false
288 silly fetch manifest ms@^2.1.3
289 silly packumentCache full:https://registry.npmjs.org/ms cache-miss
290 http fetch GET 200 https://registry.npmjs.org/@babel%2fhelper-validator-option 589ms (cache updated)
291 silly packumentCache full:https://registry.npmjs.org/@babel%2fhelper-validator-option set size:undefined disposed:false
292 http fetch GET 200 https://registry.npmjs.org/@jridgewell%2ftrace-mapping 1123ms (cache updated)
293 silly packumentCache full:https://registry.npmjs.org/@jridgewell%2ftrace-mapping set size:undefined disposed:false
294 http fetch GET 200 https://registry.npmjs.org/ms 109ms (cache updated)
295 silly packumentCache full:https://registry.npmjs.org/ms set size:undefined disposed:false
296 http fetch GET 200 https://registry.npmjs.org/globals 430ms (cache updated)
297 silly packumentCache full:https://registry.npmjs.org/globals set size:undefined disposed:false
298 http fetch GET 200 https://registry.npmjs.org/@babel%2fcompat-data 1118ms (cache updated)
299 silly packumentCache full:https://registry.npmjs.org/@babel%2fcompat-data set size:undefined disposed:false
300 http fetch GET 200 https://registry.npmjs.org/@babel%2fhelper-string-parser 481ms (cache updated)
301 silly packumentCache full:https://registry.npmjs.org/@babel%2fhelper-string-parser set size:undefined disposed:false
302 http fetch GET 200 https://registry.npmjs.org/@babel%2fhelper-module-imports 1698ms (cache updated)
303 silly packumentCache full:https://registry.npmjs.org/@babel%2fhelper-module-imports set size:undefined disposed:false
304 silly placeDep ROOT @jridgewell/gen-mapping@0.3.8 OK for: @ampproject/remapping@2.3.0 want: ^0.3.5
305 silly placeDep ROOT @jridgewell/trace-mapping@0.3.25 OK for: @ampproject/remapping@2.3.0 want: ^0.3.24
306 silly fetch manifest @jridgewell/set-array@^1.2.1
307 silly packumentCache full:https://registry.npmjs.org/@jridgewell%2fset-array cache-miss
308 silly fetch manifest @jridgewell/sourcemap-codec@^1.4.10
309 silly packumentCache full:https://registry.npmjs.org/@jridgewell%2fsourcemap-codec cache-miss
310 silly fetch manifest @jridgewell/resolve-uri@^3.1.0
311 silly packumentCache full:https://registry.npmjs.org/@jridgewell%2fresolve-uri cache-miss
312 silly fetch manifest @jridgewell/sourcemap-codec@^1.4.14
313 silly packumentCache full:https://registry.npmjs.org/@jridgewell%2fsourcemap-codec cache-miss
314 http cache https://registry.npmjs.org/@jridgewell%2fsourcemap-codec 21ms (cache hit)
315 silly packumentCache full:https://registry.npmjs.org/@jridgewell%2fsourcemap-codec set size:54548 disposed:false
316 http cache https://registry.npmjs.org/@jridgewell%2fsourcemap-codec 26ms (cache hit)
317 silly packumentCache full:https://registry.npmjs.org/@jridgewell%2fsourcemap-codec set size:54548 disposed:false
318 silly packumentCache full:https://registry.npmjs.org/@jridgewell%2fsourcemap-codec dispose
319 http fetch GET 200 https://registry.npmjs.org/@jridgewell%2fset-array 1027ms (cache updated)
320 silly packumentCache full:https://registry.npmjs.org/@jridgewell%2fset-array set size:undefined disposed:false
321 http fetch GET 200 https://registry.npmjs.org/@jridgewell%2fresolve-uri 1034ms (cache updated)
322 silly packumentCache full:https://registry.npmjs.org/@jridgewell%2fresolve-uri set size:undefined disposed:false
323 silly placeDep ROOT @babel/helper-validator-identifier@7.27.1 OK for: @babel/code-frame@7.27.1 want: ^7.27.1
324 silly placeDep ROOT js-tokens@4.0.0 OK for: @babel/code-frame@7.27.1 want: ^4.0.0
325 silly placeDep ROOT picocolors@1.1.1 OK for: @babel/code-frame@7.27.1 want: ^1.1.1
326 silly placeDep ROOT jsesc@3.1.0 OK for: @babel/generator@7.27.1 want: ^3.0.2
327 silly placeDep ROOT @babel/compat-data@7.27.1 OK for: @babel/helper-compilation-targets@7.27.1 want: ^7.27.1
328 silly placeDep ROOT @babel/helper-validator-option@7.27.1 OK for: @babel/helper-compilation-targets@7.27.1 want: ^7.27.1
329 silly placeDep ROOT browserslist@4.24.4 OK for: @babel/helper-compilation-targets@7.27.1 want: ^4.24.0
330 silly placeDep ROOT lru-cache@5.1.1 OK for: @babel/helper-compilation-targets@7.27.1 want: ^5.1.1
331 silly fetch manifest caniuse-lite@^1.0.30001688
332 silly packumentCache full:https://registry.npmjs.org/caniuse-lite cache-miss
333 silly fetch manifest electron-to-chromium@^1.5.73
334 silly packumentCache full:https://registry.npmjs.org/electron-to-chromium cache-miss
335 silly fetch manifest node-releases@^2.0.19
336 silly packumentCache full:https://registry.npmjs.org/node-releases cache-miss
337 silly fetch manifest update-browserslist-db@^1.1.1
338 silly packumentCache full:https://registry.npmjs.org/update-browserslist-db cache-miss
339 silly fetch manifest yallist@^3.0.2
340 silly packumentCache full:https://registry.npmjs.org/yallist cache-miss
341 http fetch GET 200 https://registry.npmjs.org/node-releases 345ms (cache updated)
342 silly packumentCache full:https://registry.npmjs.org/node-releases set size:undefined disposed:false
343 http fetch GET 200 https://registry.npmjs.org/update-browserslist-db 456ms (cache updated)
344 silly packumentCache full:https://registry.npmjs.org/update-browserslist-db set size:undefined disposed:false
345 http fetch GET 200 https://registry.npmjs.org/caniuse-lite 4511ms (cache updated)
346 silly packumentCache full:https://registry.npmjs.org/caniuse-lite set size:undefined disposed:false
347 http fetch GET 200 https://registry.npmjs.org/electron-to-chromium 9430ms (cache updated)
348 silly packumentCache full:https://registry.npmjs.org/electron-to-chromium set size:undefined disposed:false
349 http fetch GET 200 https://registry.npmjs.org/yallist 13000ms (cache updated)
350 silly packumentCache full:https://registry.npmjs.org/yallist set size:undefined disposed:false
351 silly placeDep ROOT @babel/helper-module-imports@7.27.1 OK for: @babel/helper-module-transforms@7.27.1 want: ^7.27.1
352 silly placeDep ROOT @babel/helper-plugin-utils@7.27.1 OK for: @babel/plugin-transform-react-jsx-self@7.27.1 want: ^7.27.1
353 silly placeDep ROOT globals@11.12.0 OK for: @babel/traverse@7.27.1 want: ^11.1.0
354 silly placeDep ROOT @babel/helper-string-parser@7.27.1 OK for: @babel/types@7.27.1 want: ^7.27.1
355 silly placeDep ROOT @jridgewell/set-array@1.2.1 OK for: @jridgewell/gen-mapping@0.3.8 want: ^1.2.1
356 silly placeDep ROOT @jridgewell/sourcemap-codec@1.5.0 OK for: @jridgewell/gen-mapping@0.3.8 want: ^1.4.10
357 silly placeDep ROOT @jridgewell/resolve-uri@3.1.2 OK for: @jridgewell/trace-mapping@0.3.25 want: ^3.1.0
358 silly fetch manifest browserslist@>= 4.21.0
359 silly packumentCache full:https://registry.npmjs.org/browserslist cache-miss
360 http cache https://registry.npmjs.org/browserslist 22ms (cache hit)
361 silly packumentCache full:https://registry.npmjs.org/browserslist set size:476941 disposed:false
362 silly placeDep ROOT caniuse-lite@1.0.30001716 OK for: browserslist@4.24.4 want: ^1.0.30001688
363 silly placeDep ROOT electron-to-chromium@1.5.145 OK for: browserslist@4.24.4 want: ^1.5.73
364 silly placeDep ROOT node-releases@2.0.19 OK for: browserslist@4.24.4 want: ^2.0.19
365 silly placeDep ROOT update-browserslist-db@1.1.3 OK for: browserslist@4.24.4 want: ^1.1.1
366 silly fetch manifest escalade@^3.2.0
367 silly packumentCache full:https://registry.npmjs.org/escalade cache-miss
368 http fetch GET 200 https://registry.npmjs.org/escalade 369ms (cache updated)
369 silly packumentCache full:https://registry.npmjs.org/escalade set size:undefined disposed:false
370 silly placeDep ROOT ms@2.1.3 OK for: debug@4.4.0 want: ^2.1.3
371 silly placeDep ROOT yallist@3.1.1 OK for: lru-cache@5.1.1 want: ^3.0.2
372 silly placeDep ROOT loose-envify@1.4.0 OK for: react@18.3.1 want: ^1.1.0
373 silly placeDep ROOT scheduler@0.23.2 OK for: react-dom@18.3.1 want: ^0.23.2
374 silly placeDep ROOT escalade@3.2.0 OK for: update-browserslist-db@1.1.3 want: ^3.2.0
375 silly placeDep ROOT esbuild@0.18.20 OK for: vite@4.5.14 want: ^0.18.10
376 silly placeDep ROOT fsevents@2.3.3 OK for: vite@4.5.14 want: ~2.3.2
377 silly placeDep ROOT postcss@8.5.3 OK for: vite@4.5.14 want: ^8.4.27
378 silly placeDep ROOT rollup@3.29.5 OK for: vite@4.5.14 want: ^3.27.1
379 silly fetch manifest @esbuild/linux-arm@0.18.20
380 silly packumentCache full:https://registry.npmjs.org/@esbuild%2flinux-arm cache-miss
381 silly fetch manifest @esbuild/linux-x64@0.18.20
382 silly packumentCache full:https://registry.npmjs.org/@esbuild%2flinux-x64 cache-miss
383 silly fetch manifest @esbuild/sunos-x64@0.18.20
384 silly packumentCache full:https://registry.npmjs.org/@esbuild%2fsunos-x64 cache-miss
385 silly fetch manifest @esbuild/win32-x64@0.18.20
386 silly packumentCache full:https://registry.npmjs.org/@esbuild%2fwin32-x64 cache-miss
387 silly fetch manifest @esbuild/darwin-x64@0.18.20
388 silly packumentCache full:https://registry.npmjs.org/@esbuild%2fdarwin-x64 cache-miss
389 silly fetch manifest @esbuild/linux-ia32@0.18.20
390 silly packumentCache full:https://registry.npmjs.org/@esbuild%2flinux-ia32 cache-miss
391 silly fetch manifest @esbuild/netbsd-x64@0.18.20
392 silly packumentCache full:https://registry.npmjs.org/@esbuild%2fnetbsd-x64 cache-miss
393 http fetch GET 200 https://registry.npmjs.org/@esbuild%2fsunos-x64 774ms (cache miss)
394 silly packumentCache full:https://registry.npmjs.org/@esbuild%2fsunos-x64 set size:undefined disposed:false
395 silly fetch manifest @esbuild/win32-ia32@0.18.20
396 silly packumentCache full:https://registry.npmjs.org/@esbuild%2fwin32-ia32 cache-miss
397 http fetch GET 200 https://registry.npmjs.org/@esbuild%2flinux-ia32 794ms (cache miss)
398 silly packumentCache full:https://registry.npmjs.org/@esbuild%2flinux-ia32 set size:undefined disposed:false
399 silly fetch manifest @esbuild/android-arm@0.18.20
400 silly packumentCache full:https://registry.npmjs.org/@esbuild%2fandroid-arm cache-miss
401 http fetch GET 200 https://registry.npmjs.org/@esbuild%2flinux-x64 805ms (cache miss)
402 silly packumentCache full:https://registry.npmjs.org/@esbuild%2flinux-x64 set size:undefined disposed:false
403 silly fetch manifest @esbuild/android-x64@0.18.20
404 silly packumentCache full:https://registry.npmjs.org/@esbuild%2fandroid-x64 cache-miss
405 http fetch GET 200 https://registry.npmjs.org/@esbuild%2fwin32-x64 1014ms (cache miss)
406 silly packumentCache full:https://registry.npmjs.org/@esbuild%2fwin32-x64 set size:undefined disposed:false
407 silly fetch manifest @esbuild/freebsd-x64@0.18.20
408 silly packumentCache full:https://registry.npmjs.org/@esbuild%2ffreebsd-x64 cache-miss
409 http fetch GET 200 https://registry.npmjs.org/@esbuild%2fdarwin-x64 1023ms (cache miss)
410 silly packumentCache full:https://registry.npmjs.org/@esbuild%2fdarwin-x64 set size:undefined disposed:false
411 silly fetch manifest @esbuild/linux-arm64@0.18.20
412 silly packumentCache full:https://registry.npmjs.org/@esbuild%2flinux-arm64 cache-miss
413 http fetch GET 200 https://registry.npmjs.org/@esbuild%2flinux-arm 1036ms (cache miss)
414 silly packumentCache full:https://registry.npmjs.org/@esbuild%2flinux-arm set size:undefined disposed:false
415 silly fetch manifest @esbuild/linux-ppc64@0.18.20
416 silly packumentCache full:https://registry.npmjs.org/@esbuild%2flinux-ppc64 cache-miss
417 http fetch GET 200 https://registry.npmjs.org/@esbuild%2fnetbsd-x64 1264ms (cache miss)
418 silly packumentCache full:https://registry.npmjs.org/@esbuild%2fnetbsd-x64 set size:undefined disposed:false
419 silly fetch manifest @esbuild/linux-s390x@0.18.20
420 silly packumentCache full:https://registry.npmjs.org/@esbuild%2flinux-s390x cache-miss
421 http fetch GET 200 https://registry.npmjs.org/@esbuild%2fandroid-x64 827ms (cache miss)
422 silly packumentCache full:https://registry.npmjs.org/@esbuild%2fandroid-x64 set size:undefined disposed:false
423 silly fetch manifest @esbuild/openbsd-x64@0.18.20
424 silly packumentCache full:https://registry.npmjs.org/@esbuild%2fopenbsd-x64 cache-miss
425 http fetch GET 200 https://registry.npmjs.org/@esbuild%2fwin32-ia32 883ms (cache miss)
426 silly packumentCache full:https://registry.npmjs.org/@esbuild%2fwin32-ia32 set size:undefined disposed:false
427 silly fetch manifest @esbuild/win32-arm64@0.18.20
428 silly packumentCache full:https://registry.npmjs.org/@esbuild%2fwin32-arm64 cache-miss
429 http fetch GET 200 https://registry.npmjs.org/@esbuild%2flinux-ppc64 846ms (cache miss)
430 silly packumentCache full:https://registry.npmjs.org/@esbuild%2flinux-ppc64 set size:undefined disposed:false
431 silly fetch manifest @esbuild/darwin-arm64@0.18.20
432 silly packumentCache full:https://registry.npmjs.org/@esbuild%2fdarwin-arm64 cache-miss
433 http fetch GET 200 https://registry.npmjs.org/@esbuild%2ffreebsd-x64 923ms (cache miss)
434 silly packumentCache full:https://registry.npmjs.org/@esbuild%2ffreebsd-x64 set size:undefined disposed:false
435 silly fetch manifest @esbuild/android-arm64@0.18.20
436 silly packumentCache full:https://registry.npmjs.org/@esbuild%2fandroid-arm64 cache-miss
437 http fetch GET 200 https://registry.npmjs.org/@esbuild%2flinux-s390x 835ms (cache miss)
438 silly packumentCache full:https://registry.npmjs.org/@esbuild%2flinux-s390x set size:undefined disposed:false
439 silly fetch manifest @esbuild/freebsd-arm64@0.18.20
440 silly packumentCache full:https://registry.npmjs.org/@esbuild%2ffreebsd-arm64 cache-miss
441 http fetch GET 200 https://registry.npmjs.org/@esbuild%2flinux-arm64 1380ms (cache miss)
442 silly packumentCache full:https://registry.npmjs.org/@esbuild%2flinux-arm64 set size:undefined disposed:false
443 silly fetch manifest @esbuild/linux-loong64@0.18.20
444 silly packumentCache full:https://registry.npmjs.org/@esbuild%2flinux-loong64 cache-miss
445 http fetch GET 200 https://registry.npmjs.org/@esbuild%2fwin32-arm64 947ms (cache miss)
446 silly packumentCache full:https://registry.npmjs.org/@esbuild%2fwin32-arm64 set size:undefined disposed:false
447 silly fetch manifest @esbuild/linux-riscv64@0.18.20
448 silly packumentCache full:https://registry.npmjs.org/@esbuild%2flinux-riscv64 cache-miss
449 http fetch GET 200 https://registry.npmjs.org/@esbuild%2fdarwin-arm64 865ms (cache miss)
450 silly packumentCache full:https://registry.npmjs.org/@esbuild%2fdarwin-arm64 set size:undefined disposed:false
451 silly fetch manifest @esbuild/linux-mips64el@0.18.20
452 silly packumentCache full:https://registry.npmjs.org/@esbuild%2flinux-mips64el cache-miss
453 http fetch GET 200 https://registry.npmjs.org/@esbuild%2fopenbsd-x64 1129ms (cache miss)
454 silly packumentCache full:https://registry.npmjs.org/@esbuild%2fopenbsd-x64 set size:undefined disposed:false
455 silly fetch manifest nanoid@^3.3.8
456 silly packumentCache full:https://registry.npmjs.org/nanoid cache-miss
457 http fetch GET 200 https://registry.npmjs.org/@esbuild%2fandroid-arm64 889ms (cache miss)
458 silly packumentCache full:https://registry.npmjs.org/@esbuild%2fandroid-arm64 set size:undefined disposed:false
459 silly fetch manifest source-map-js@^1.2.1
460 silly packumentCache full:https://registry.npmjs.org/source-map-js cache-miss
461 http fetch GET 200 https://registry.npmjs.org/source-map-js 182ms (cache miss)
462 silly packumentCache full:https://registry.npmjs.org/source-map-js set size:undefined disposed:false
463 http fetch GET 200 https://registry.npmjs.org/nanoid 356ms (cache miss)
464 silly packumentCache full:https://registry.npmjs.org/nanoid set size:undefined disposed:false
465 http fetch GET 200 https://registry.npmjs.org/@esbuild%2ffreebsd-arm64 1191ms (cache miss)
466 silly packumentCache full:https://registry.npmjs.org/@esbuild%2ffreebsd-arm64 set size:undefined disposed:false
467 http fetch GET 200 https://registry.npmjs.org/@esbuild%2flinux-riscv64 791ms (cache miss)
468 silly packumentCache full:https://registry.npmjs.org/@esbuild%2flinux-riscv64 set size:undefined disposed:false
469 http fetch GET 200 https://registry.npmjs.org/@esbuild%2flinux-loong64 1196ms (cache miss)
470 silly packumentCache full:https://registry.npmjs.org/@esbuild%2flinux-loong64 set size:undefined disposed:false
471 http fetch GET 200 https://registry.npmjs.org/@esbuild%2flinux-mips64el 1212ms (cache miss)
472 silly packumentCache full:https://registry.npmjs.org/@esbuild%2flinux-mips64el set size:undefined disposed:false
473 http fetch GET 200 https://registry.npmjs.org/@esbuild%2fandroid-arm 3191ms (cache miss)
474 silly packumentCache full:https://registry.npmjs.org/@esbuild%2fandroid-arm set size:undefined disposed:false
475 silly placeDep ROOT @esbuild/android-arm@0.18.20 OK for: esbuild@0.18.20 want: 0.18.20
476 silly placeDep ROOT @esbuild/android-arm64@0.18.20 OK for: esbuild@0.18.20 want: 0.18.20
477 silly placeDep ROOT @esbuild/android-x64@0.18.20 OK for: esbuild@0.18.20 want: 0.18.20
478 silly placeDep ROOT @esbuild/darwin-arm64@0.18.20 OK for: esbuild@0.18.20 want: 0.18.20
479 silly placeDep ROOT @esbuild/darwin-x64@0.18.20 OK for: esbuild@0.18.20 want: 0.18.20
480 silly placeDep ROOT @esbuild/freebsd-arm64@0.18.20 OK for: esbuild@0.18.20 want: 0.18.20
481 silly placeDep ROOT @esbuild/freebsd-x64@0.18.20 OK for: esbuild@0.18.20 want: 0.18.20
482 silly placeDep ROOT @esbuild/linux-arm@0.18.20 OK for: esbuild@0.18.20 want: 0.18.20
483 silly placeDep ROOT @esbuild/linux-arm64@0.18.20 OK for: esbuild@0.18.20 want: 0.18.20
484 silly placeDep ROOT @esbuild/linux-ia32@0.18.20 OK for: esbuild@0.18.20 want: 0.18.20
485 silly placeDep ROOT @esbuild/linux-loong64@0.18.20 OK for: esbuild@0.18.20 want: 0.18.20
486 silly placeDep ROOT @esbuild/linux-mips64el@0.18.20 OK for: esbuild@0.18.20 want: 0.18.20
487 silly placeDep ROOT @esbuild/linux-ppc64@0.18.20 OK for: esbuild@0.18.20 want: 0.18.20
488 silly placeDep ROOT @esbuild/linux-riscv64@0.18.20 OK for: esbuild@0.18.20 want: 0.18.20
489 silly placeDep ROOT @esbuild/linux-s390x@0.18.20 OK for: esbuild@0.18.20 want: 0.18.20
490 silly placeDep ROOT @esbuild/linux-x64@0.18.20 OK for: esbuild@0.18.20 want: 0.18.20
491 silly placeDep ROOT @esbuild/netbsd-x64@0.18.20 OK for: esbuild@0.18.20 want: 0.18.20
492 silly placeDep ROOT @esbuild/openbsd-x64@0.18.20 OK for: esbuild@0.18.20 want: 0.18.20
493 silly placeDep ROOT @esbuild/sunos-x64@0.18.20 OK for: esbuild@0.18.20 want: 0.18.20
494 silly placeDep ROOT @esbuild/win32-arm64@0.18.20 OK for: esbuild@0.18.20 want: 0.18.20
495 silly placeDep ROOT @esbuild/win32-ia32@0.18.20 OK for: esbuild@0.18.20 want: 0.18.20
496 silly placeDep ROOT @esbuild/win32-x64@0.18.20 OK for: esbuild@0.18.20 want: 0.18.20
497 silly placeDep ROOT nanoid@3.3.11 OK for: postcss@8.5.3 want: ^3.3.8
498 silly placeDep ROOT source-map-js@1.2.1 OK for: postcss@8.5.3 want: ^1.2.1
499 silly reify moves {}
500 silly audit bulk request {
500 silly audit   '@types/react': [ '18.3.20' ],
500 silly audit   '@types/react-dom': [ '18.3.7' ],
500 silly audit   '@vitejs/plugin-react': [ '3.1.0' ],
500 silly audit   vite: [ '4.5.14' ],
500 silly audit   react: [ '18.3.1' ],
500 silly audit   'react-dom': [ '18.3.1' ],
500 silly audit   typescript: [ '4.9.5' ],
500 silly audit   '@types/prop-types': [ '15.7.14' ],
500 silly audit   csstype: [ '3.1.3' ],
500 silly audit   '@babel/core': [ '7.27.1' ],
500 silly audit   '@babel/plugin-transform-react-jsx-self': [ '7.27.1' ],
500 silly audit   '@babel/plugin-transform-react-jsx-source': [ '7.27.1' ],
500 silly audit   'magic-string': [ '0.27.0' ],
500 silly audit   'react-refresh': [ '0.14.2' ],
500 silly audit   '@ampproject/remapping': [ '2.3.0' ],
500 silly audit   '@babel/code-frame': [ '7.27.1' ],
500 silly audit   '@babel/generator': [ '7.27.1' ],
500 silly audit   '@babel/helper-compilation-targets': [ '7.27.1' ],
500 silly audit   '@babel/helper-module-transforms': [ '7.27.1' ],
500 silly audit   '@babel/helpers': [ '7.27.1' ],
500 silly audit   '@babel/parser': [ '7.27.1' ],
500 silly audit   '@babel/template': [ '7.27.1' ],
500 silly audit   '@babel/traverse': [ '7.27.1' ],
500 silly audit   '@babel/types': [ '7.27.1' ],
500 silly audit   'convert-source-map': [ '2.0.0' ],
500 silly audit   debug: [ '4.4.0' ],
500 silly audit   gensync: [ '1.0.0-beta.2' ],
500 silly audit   json5: [ '2.2.3' ],
500 silly audit   semver: [ '6.3.1' ],
500 silly audit   '@jridgewell/gen-mapping': [ '0.3.8' ],
500 silly audit   '@jridgewell/trace-mapping': [ '0.3.25' ],
500 silly audit   '@babel/helper-validator-identifier': [ '7.27.1' ],
500 silly audit   'js-tokens': [ '4.0.0' ],
500 silly audit   picocolors: [ '1.1.1' ],
500 silly audit   jsesc: [ '3.1.0' ],
500 silly audit   '@babel/compat-data': [ '7.27.1' ],
500 silly audit   '@babel/helper-validator-option': [ '7.27.1' ],
500 silly audit   browserslist: [ '4.24.4' ],
500 silly audit   'lru-cache': [ '5.1.1' ],
500 silly audit   '@babel/helper-module-imports': [ '7.27.1' ],
500 silly audit   '@babel/helper-plugin-utils': [ '7.27.1' ],
500 silly audit   globals: [ '11.12.0' ],
500 silly audit   '@babel/helper-string-parser': [ '7.27.1' ],
500 silly audit   '@jridgewell/set-array': [ '1.2.1' ],
500 silly audit   '@jridgewell/sourcemap-codec': [ '1.5.0' ],
500 silly audit   '@jridgewell/resolve-uri': [ '3.1.2' ],
500 silly audit   'caniuse-lite': [ '1.0.30001716' ],
500 silly audit   'electron-to-chromium': [ '1.5.145' ],
500 silly audit   'node-releases': [ '2.0.19' ],
500 silly audit   'update-browserslist-db': [ '1.1.3' ],
500 silly audit   ms: [ '2.1.3' ],
500 silly audit   yallist: [ '3.1.1' ],
500 silly audit   'loose-envify': [ '1.4.0' ],
500 silly audit   scheduler: [ '0.23.2' ],
500 silly audit   escalade: [ '3.2.0' ],
500 silly audit   esbuild: [ '0.18.20' ],
500 silly audit   fsevents: [ '2.3.3' ],
500 silly audit   postcss: [ '8.5.3' ],
500 silly audit   rollup: [ '3.29.5' ],
500 silly audit   '@esbuild/android-arm': [ '0.18.20' ],
500 silly audit   '@esbuild/android-arm64': [ '0.18.20' ],
500 silly audit   '@esbuild/android-x64': [ '0.18.20' ],
500 silly audit   '@esbuild/darwin-arm64': [ '0.18.20' ],
500 silly audit   '@esbuild/darwin-x64': [ '0.18.20' ],
500 silly audit   '@esbuild/freebsd-arm64': [ '0.18.20' ],
500 silly audit   '@esbuild/freebsd-x64': [ '0.18.20' ],
500 silly audit   '@esbuild/linux-arm': [ '0.18.20' ],
500 silly audit   '@esbuild/linux-arm64': [ '0.18.20' ],
500 silly audit   '@esbuild/linux-ia32': [ '0.18.20' ],
500 silly audit   '@esbuild/linux-loong64': [ '0.18.20' ],
500 silly audit   '@esbuild/linux-mips64el': [ '0.18.20' ],
500 silly audit   '@esbuild/linux-ppc64': [ '0.18.20' ],
500 silly audit   '@esbuild/linux-riscv64': [ '0.18.20' ],
500 silly audit   '@esbuild/linux-s390x': [ '0.18.20' ],
500 silly audit   '@esbuild/linux-x64': [ '0.18.20' ],
500 silly audit   '@esbuild/netbsd-x64': [ '0.18.20' ],
500 silly audit   '@esbuild/openbsd-x64': [ '0.18.20' ],
500 silly audit   '@esbuild/sunos-x64': [ '0.18.20' ],
500 silly audit   '@esbuild/win32-arm64': [ '0.18.20' ],
500 silly audit   '@esbuild/win32-ia32': [ '0.18.20' ],
500 silly audit   '@esbuild/win32-x64': [ '0.18.20' ],
500 silly audit   nanoid: [ '3.3.11' ],
500 silly audit   'source-map-js': [ '1.2.1' ]
500 silly audit }
501 verbose reify failed optional dependency /home/abywu/vite-project/node_modules/@esbuild/win32-x64
502 silly reify mark deleted [ '/home/abywu/vite-project/node_modules/@esbuild/win32-x64' ]
503 verbose reify failed optional dependency /home/abywu/vite-project/node_modules/@esbuild/win32-ia32
504 silly reify mark deleted [ '/home/abywu/vite-project/node_modules/@esbuild/win32-ia32' ]
505 verbose reify failed optional dependency /home/abywu/vite-project/node_modules/@esbuild/win32-arm64
506 silly reify mark deleted [ '/home/abywu/vite-project/node_modules/@esbuild/win32-arm64' ]
507 verbose reify failed optional dependency /home/abywu/vite-project/node_modules/@esbuild/sunos-x64
508 silly reify mark deleted [ '/home/abywu/vite-project/node_modules/@esbuild/sunos-x64' ]
509 verbose reify failed optional dependency /home/abywu/vite-project/node_modules/@esbuild/openbsd-x64
510 silly reify mark deleted [ '/home/abywu/vite-project/node_modules/@esbuild/openbsd-x64' ]
511 verbose reify failed optional dependency /home/abywu/vite-project/node_modules/@esbuild/netbsd-x64
512 silly reify mark deleted [ '/home/abywu/vite-project/node_modules/@esbuild/netbsd-x64' ]
513 verbose reify failed optional dependency /home/abywu/vite-project/node_modules/@esbuild/linux-s390x
514 silly reify mark deleted [ '/home/abywu/vite-project/node_modules/@esbuild/linux-s390x' ]
515 verbose reify failed optional dependency /home/abywu/vite-project/node_modules/@esbuild/linux-riscv64
516 silly reify mark deleted [ '/home/abywu/vite-project/node_modules/@esbuild/linux-riscv64' ]
517 verbose reify failed optional dependency /home/abywu/vite-project/node_modules/@esbuild/linux-ppc64
518 silly reify mark deleted [ '/home/abywu/vite-project/node_modules/@esbuild/linux-ppc64' ]
519 verbose reify failed optional dependency /home/abywu/vite-project/node_modules/@esbuild/linux-mips64el
520 silly reify mark deleted [ '/home/abywu/vite-project/node_modules/@esbuild/linux-mips64el' ]
521 verbose reify failed optional dependency /home/abywu/vite-project/node_modules/@esbuild/linux-loong64
522 silly reify mark deleted [ '/home/abywu/vite-project/node_modules/@esbuild/linux-loong64' ]
523 verbose reify failed optional dependency /home/abywu/vite-project/node_modules/@esbuild/linux-ia32
524 silly reify mark deleted [ '/home/abywu/vite-project/node_modules/@esbuild/linux-ia32' ]
525 verbose reify failed optional dependency /home/abywu/vite-project/node_modules/@esbuild/linux-arm64
526 silly reify mark deleted [ '/home/abywu/vite-project/node_modules/@esbuild/linux-arm64' ]
527 verbose reify failed optional dependency /home/abywu/vite-project/node_modules/@esbuild/linux-arm
528 silly reify mark deleted [ '/home/abywu/vite-project/node_modules/@esbuild/linux-arm' ]
529 verbose reify failed optional dependency /home/abywu/vite-project/node_modules/@esbuild/freebsd-x64
530 silly reify mark deleted [ '/home/abywu/vite-project/node_modules/@esbuild/freebsd-x64' ]
531 verbose reify failed optional dependency /home/abywu/vite-project/node_modules/@esbuild/freebsd-arm64
532 silly reify mark deleted [ '/home/abywu/vite-project/node_modules/@esbuild/freebsd-arm64' ]
533 verbose reify failed optional dependency /home/abywu/vite-project/node_modules/@esbuild/darwin-x64
534 silly reify mark deleted [ '/home/abywu/vite-project/node_modules/@esbuild/darwin-x64' ]
535 verbose reify failed optional dependency /home/abywu/vite-project/node_modules/@esbuild/darwin-arm64
536 silly reify mark deleted [ '/home/abywu/vite-project/node_modules/@esbuild/darwin-arm64' ]
537 verbose reify failed optional dependency /home/abywu/vite-project/node_modules/@esbuild/android-x64
538 silly reify mark deleted [ '/home/abywu/vite-project/node_modules/@esbuild/android-x64' ]
539 verbose reify failed optional dependency /home/abywu/vite-project/node_modules/@esbuild/android-arm64
540 silly reify mark deleted [ '/home/abywu/vite-project/node_modules/@esbuild/android-arm64' ]
541 verbose reify failed optional dependency /home/abywu/vite-project/node_modules/@esbuild/android-arm
542 silly reify mark deleted [ '/home/abywu/vite-project/node_modules/@esbuild/android-arm' ]
543 verbose reify failed optional dependency /home/abywu/vite-project/node_modules/fsevents
544 silly reify mark deleted [ '/home/abywu/vite-project/node_modules/fsevents' ]
545 http cache source-map-js@https://registry.npmjs.org/source-map-js/-/source-map-js-1.2.1.tgz 0ms (cache hit)
546 http cache @esbuild/linux-x64@https://registry.npmjs.org/@esbuild/linux-x64/-/linux-x64-0.18.20.tgz 0ms (cache hit)
547 http cache rollup@https://registry.npmjs.org/rollup/-/rollup-3.29.5.tgz 0ms (cache hit)
548 http cache postcss@https://registry.npmjs.org/postcss/-/postcss-8.5.3.tgz 0ms (cache hit)
549 http cache esbuild@https://registry.npmjs.org/esbuild/-/esbuild-0.18.20.tgz 0ms (cache hit)
550 http cache escalade@https://registry.npmjs.org/escalade/-/escalade-3.2.0.tgz 0ms (cache hit)
551 http cache scheduler@https://registry.npmjs.org/scheduler/-/scheduler-0.23.2.tgz 0ms (cache hit)
552 http cache loose-envify@https://registry.npmjs.org/loose-envify/-/loose-envify-1.4.0.tgz 0ms (cache hit)
553 http cache ms@https://registry.npmjs.org/ms/-/ms-2.1.3.tgz 0ms (cache hit)
554 http cache yallist@https://registry.npmjs.org/yallist/-/yallist-3.1.1.tgz 0ms (cache hit)
555 http cache update-browserslist-db@https://registry.npmjs.org/update-browserslist-db/-/update-browserslist-db-1.1.3.tgz 0ms (cache hit)
556 http cache nanoid@https://registry.npmjs.org/nanoid/-/nanoid-3.3.11.tgz 0ms (cache hit)
557 http cache node-releases@https://registry.npmjs.org/node-releases/-/node-releases-2.0.19.tgz 0ms (cache hit)
558 http cache electron-to-chromium@https://registry.npmjs.org/electron-to-chromium/-/electron-to-chromium-1.5.145.tgz 0ms (cache hit)
559 http cache @jridgewell/resolve-uri@https://registry.npmjs.org/@jridgewell/resolve-uri/-/resolve-uri-3.1.2.tgz 0ms (cache hit)
560 http cache caniuse-lite@https://registry.npmjs.org/caniuse-lite/-/caniuse-lite-1.0.30001716.tgz 0ms (cache hit)
561 http cache @jridgewell/set-array@https://registry.npmjs.org/@jridgewell/set-array/-/set-array-1.2.1.tgz 0ms (cache hit)
562 http cache @babel/helper-string-parser@https://registry.npmjs.org/@babel/helper-string-parser/-/helper-string-parser-7.27.1.tgz 0ms (cache hit)
563 http cache globals@https://registry.npmjs.org/globals/-/globals-11.12.0.tgz 0ms (cache hit)
564 http cache @babel/helper-plugin-utils@https://registry.npmjs.org/@babel/helper-plugin-utils/-/helper-plugin-utils-7.27.1.tgz 0ms (cache hit)
565 http cache @babel/helper-module-imports@https://registry.npmjs.org/@babel/helper-module-imports/-/helper-module-imports-7.27.1.tgz 0ms (cache hit)
566 http cache lru-cache@https://registry.npmjs.org/lru-cache/-/lru-cache-5.1.1.tgz 0ms (cache hit)
567 http cache browserslist@https://registry.npmjs.org/browserslist/-/browserslist-4.24.4.tgz 0ms (cache hit)
568 http cache @babel/helper-validator-option@https://registry.npmjs.org/@babel/helper-validator-option/-/helper-validator-option-7.27.1.tgz 0ms (cache hit)
569 http cache @babel/compat-data@https://registry.npmjs.org/@babel/compat-data/-/compat-data-7.27.1.tgz 0ms (cache hit)
570 http cache jsesc@https://registry.npmjs.org/jsesc/-/jsesc-3.1.0.tgz 0ms (cache hit)
571 http cache picocolors@https://registry.npmjs.org/picocolors/-/picocolors-1.1.1.tgz 0ms (cache hit)
572 http cache js-tokens@https://registry.npmjs.org/js-tokens/-/js-tokens-4.0.0.tgz 0ms (cache hit)
573 http cache @jridgewell/sourcemap-codec@https://registry.npmjs.org/@jridgewell/sourcemap-codec/-/sourcemap-codec-1.5.0.tgz 0ms (cache hit)
574 http cache @babel/helper-validator-identifier@https://registry.npmjs.org/@babel/helper-validator-identifier/-/helper-validator-identifier-7.27.1.tgz 0ms (cache hit)
575 http cache @jridgewell/trace-mapping@https://registry.npmjs.org/@jridgewell/trace-mapping/-/trace-mapping-0.3.25.tgz 0ms (cache hit)
576 http cache semver@https://registry.npmjs.org/semver/-/semver-6.3.1.tgz 0ms (cache hit)
577 http cache json5@https://registry.npmjs.org/json5/-/json5-2.2.3.tgz 1ms (cache hit)
578 http cache gensync@https://registry.npmjs.org/gensync/-/gensync-1.0.0-beta.2.tgz 0ms (cache hit)
579 http cache @jridgewell/gen-mapping@https://registry.npmjs.org/@jridgewell/gen-mapping/-/gen-mapping-0.3.8.tgz 0ms (cache hit)
580 http cache debug@https://registry.npmjs.org/debug/-/debug-4.4.0.tgz 0ms (cache hit)
581 http cache convert-source-map@https://registry.npmjs.org/convert-source-map/-/convert-source-map-2.0.0.tgz 0ms (cache hit)
582 http cache @babel/traverse@https://registry.npmjs.org/@babel/traverse/-/traverse-7.27.1.tgz 0ms (cache hit)
583 http cache @babel/template@https://registry.npmjs.org/@babel/template/-/template-7.27.1.tgz 0ms (cache hit)
584 http cache @babel/types@https://registry.npmjs.org/@babel/types/-/types-7.27.1.tgz 0ms (cache hit)
585 http cache @babel/parser@https://registry.npmjs.org/@babel/parser/-/parser-7.27.1.tgz 0ms (cache hit)
586 http cache @babel/helpers@https://registry.npmjs.org/@babel/helpers/-/helpers-7.27.1.tgz 0ms (cache hit)
587 http cache @babel/helper-compilation-targets@https://registry.npmjs.org/@babel/helper-compilation-targets/-/helper-compilation-targets-7.27.1.tgz 0ms (cache hit)
588 http cache @babel/generator@https://registry.npmjs.org/@babel/generator/-/generator-7.27.1.tgz 0ms (cache hit)
589 http cache @babel/code-frame@https://registry.npmjs.org/@babel/code-frame/-/code-frame-7.27.1.tgz 0ms (cache hit)
590 http cache @ampproject/remapping@https://registry.npmjs.org/@ampproject/remapping/-/remapping-2.3.0.tgz 0ms (cache hit)
591 http cache react-refresh@https://registry.npmjs.org/react-refresh/-/react-refresh-0.14.2.tgz 0ms (cache hit)
592 http cache @babel/plugin-transform-react-jsx-source@https://registry.npmjs.org/@babel/plugin-transform-react-jsx-source/-/plugin-transform-react-jsx-source-7.27.1.tgz 0ms (cache hit)
593 http cache @babel/helper-module-transforms@https://registry.npmjs.org/@babel/helper-module-transforms/-/helper-module-transforms-7.27.1.tgz 0ms (cache hit)
594 http cache @babel/plugin-transform-react-jsx-self@https://registry.npmjs.org/@babel/plugin-transform-react-jsx-self/-/plugin-transform-react-jsx-self-7.27.1.tgz 0ms (cache hit)
595 http cache magic-string@https://registry.npmjs.org/magic-string/-/magic-string-0.27.0.tgz 0ms (cache hit)
596 http cache @babel/core@https://registry.npmjs.org/@babel/core/-/core-7.27.1.tgz 0ms (cache hit)
597 http cache @types/prop-types@https://registry.npmjs.org/@types/prop-types/-/prop-types-15.7.14.tgz 0ms (cache hit)
598 http cache typescript@https://registry.npmjs.org/typescript/-/typescript-4.9.5.tgz 0ms (cache hit)
599 http cache csstype@https://registry.npmjs.org/csstype/-/csstype-3.1.3.tgz 0ms (cache hit)
600 http cache react-dom@https://registry.npmjs.org/react-dom/-/react-dom-18.3.1.tgz 0ms (cache hit)
601 http cache react@https://registry.npmjs.org/react/-/react-18.3.1.tgz 0ms (cache hit)
602 http cache vite@https://registry.npmjs.org/vite/-/vite-4.5.14.tgz 0ms (cache hit)
603 http cache @types/react@https://registry.npmjs.org/@types/react/-/react-18.3.20.tgz 0ms (cache hit)
604 http cache @vitejs/plugin-react@https://registry.npmjs.org/@vitejs/plugin-react/-/plugin-react-3.1.0.tgz 0ms (cache hit)
605 http cache @types/react-dom@https://registry.npmjs.org/@types/react-dom/-/react-dom-18.3.7.tgz 0ms (cache hit)
606 silly tarball no local data for source-map-js@https://registry.npmjs.org/source-map-js/-/source-map-js-1.2.1.tgz. Extracting by manifest.
607 silly tarball no local data for @esbuild/linux-x64@https://registry.npmjs.org/@esbuild/linux-x64/-/linux-x64-0.18.20.tgz. Extracting by manifest.
608 silly tarball no local data for rollup@https://registry.npmjs.org/rollup/-/rollup-3.29.5.tgz. Extracting by manifest.
609 silly tarball no local data for postcss@https://registry.npmjs.org/postcss/-/postcss-8.5.3.tgz. Extracting by manifest.
610 silly tarball no local data for esbuild@https://registry.npmjs.org/esbuild/-/esbuild-0.18.20.tgz. Extracting by manifest.
611 silly tarball no local data for scheduler@https://registry.npmjs.org/scheduler/-/scheduler-0.23.2.tgz. Extracting by manifest.
612 silly tarball no local data for nanoid@https://registry.npmjs.org/nanoid/-/nanoid-3.3.11.tgz. Extracting by manifest.
613 silly tarball no local data for electron-to-chromium@https://registry.npmjs.org/electron-to-chromium/-/electron-to-chromium-1.5.145.tgz. Extracting by manifest.
614 silly tarball no local data for caniuse-lite@https://registry.npmjs.org/caniuse-lite/-/caniuse-lite-1.0.30001716.tgz. Extracting by manifest.
615 silly tarball no local data for @babel/helper-string-parser@https://registry.npmjs.org/@babel/helper-string-parser/-/helper-string-parser-7.27.1.tgz. Extracting by manifest.
616 silly tarball no local data for @babel/helper-plugin-utils@https://registry.npmjs.org/@babel/helper-plugin-utils/-/helper-plugin-utils-7.27.1.tgz. Extracting by manifest.
617 silly tarball no local data for @babel/helper-module-imports@https://registry.npmjs.org/@babel/helper-module-imports/-/helper-module-imports-7.27.1.tgz. Extracting by manifest.
618 silly tarball no local data for @babel/helper-validator-option@https://registry.npmjs.org/@babel/helper-validator-option/-/helper-validator-option-7.27.1.tgz. Extracting by manifest.
619 silly tarball no local data for @babel/compat-data@https://registry.npmjs.org/@babel/compat-data/-/compat-data-7.27.1.tgz. Extracting by manifest.
620 silly tarball no local data for @babel/helper-validator-identifier@https://registry.npmjs.org/@babel/helper-validator-identifier/-/helper-validator-identifier-7.27.1.tgz. Extracting by manifest.
621 silly tarball no local data for @babel/traverse@https://registry.npmjs.org/@babel/traverse/-/traverse-7.27.1.tgz. Extracting by manifest.
622 silly tarball no local data for @babel/template@https://registry.npmjs.org/@babel/template/-/template-7.27.1.tgz. Extracting by manifest.
623 silly tarball no local data for @babel/types@https://registry.npmjs.org/@babel/types/-/types-7.27.1.tgz. Extracting by manifest.
624 silly tarball no local data for @babel/parser@https://registry.npmjs.org/@babel/parser/-/parser-7.27.1.tgz. Extracting by manifest.
625 silly tarball no local data for @babel/helpers@https://registry.npmjs.org/@babel/helpers/-/helpers-7.27.1.tgz. Extracting by manifest.
626 silly tarball no local data for @babel/helper-compilation-targets@https://registry.npmjs.org/@babel/helper-compilation-targets/-/helper-compilation-targets-7.27.1.tgz. Extracting by manifest.
627 silly tarball no local data for @babel/generator@https://registry.npmjs.org/@babel/generator/-/generator-7.27.1.tgz. Extracting by manifest.
628 silly tarball no local data for @babel/code-frame@https://registry.npmjs.org/@babel/code-frame/-/code-frame-7.27.1.tgz. Extracting by manifest.
629 silly tarball no local data for react-refresh@https://registry.npmjs.org/react-refresh/-/react-refresh-0.14.2.tgz. Extracting by manifest.
630 silly tarball no local data for @babel/plugin-transform-react-jsx-source@https://registry.npmjs.org/@babel/plugin-transform-react-jsx-source/-/plugin-transform-react-jsx-source-7.27.1.tgz. Extracting by manifest.
631 silly tarball no local data for @babel/helper-module-transforms@https://registry.npmjs.org/@babel/helper-module-transforms/-/helper-module-transforms-7.27.1.tgz. Extracting by manifest.
632 silly tarball no local data for @babel/plugin-transform-react-jsx-self@https://registry.npmjs.org/@babel/plugin-transform-react-jsx-self/-/plugin-transform-react-jsx-self-7.27.1.tgz. Extracting by manifest.
633 silly tarball no local data for magic-string@https://registry.npmjs.org/magic-string/-/magic-string-0.27.0.tgz. Extracting by manifest.
634 silly tarball no local data for @babel/core@https://registry.npmjs.org/@babel/core/-/core-7.27.1.tgz. Extracting by manifest.
635 silly tarball no local data for @types/prop-types@https://registry.npmjs.org/@types/prop-types/-/prop-types-15.7.14.tgz. Extracting by manifest.
636 silly tarball no local data for typescript@https://registry.npmjs.org/typescript/-/typescript-4.9.5.tgz. Extracting by manifest.
637 silly tarball no local data for csstype@https://registry.npmjs.org/csstype/-/csstype-3.1.3.tgz. Extracting by manifest.
638 silly tarball no local data for react-dom@https://registry.npmjs.org/react-dom/-/react-dom-18.3.1.tgz. Extracting by manifest.
639 silly tarball no local data for react@https://registry.npmjs.org/react/-/react-18.3.1.tgz. Extracting by manifest.
640 silly tarball no local data for vite@https://registry.npmjs.org/vite/-/vite-4.5.14.tgz. Extracting by manifest.
641 silly tarball no local data for @types/react@https://registry.npmjs.org/@types/react/-/react-18.3.20.tgz. Extracting by manifest.
642 silly tarball no local data for @vitejs/plugin-react@https://registry.npmjs.org/@vitejs/plugin-react/-/plugin-react-3.1.0.tgz. Extracting by manifest.
643 silly tarball no local data for @types/react-dom@https://registry.npmjs.org/@types/react-dom/-/react-dom-18.3.7.tgz. Extracting by manifest.
644 http fetch GET 200 https://registry.npmjs.org/scheduler/-/scheduler-0.23.2.tgz 328ms (cache miss)
645 http fetch GET 200 https://registry.npmjs.org/esbuild/-/esbuild-0.18.20.tgz 365ms (cache miss)
646 http fetch GET 200 https://registry.npmjs.org/postcss/-/postcss-8.5.3.tgz 408ms (cache miss)
647 http fetch GET 200 https://registry.npmjs.org/source-map-js/-/source-map-js-1.2.1.tgz 528ms (cache miss)
648 http fetch GET 200 https://registry.npmjs.org/@babel/helper-validator-identifier/-/helper-validator-identifier-7.27.1.tgz 593ms (cache miss)
649 http fetch GET 200 https://registry.npmjs.org/nanoid/-/nanoid-3.3.11.tgz 616ms (cache miss)
650 http fetch GET 200 https://registry.npmjs.org/@babel/template/-/template-7.27.1.tgz 797ms (cache miss)
651 http fetch GET 200 https://registry.npmjs.org/@babel/helper-module-imports/-/helper-module-imports-7.27.1.tgz 835ms (cache miss)
652 http fetch GET 200 https://registry.npmjs.org/@babel/compat-data/-/compat-data-7.27.1.tgz 1156ms (cache miss)
653 http fetch GET 200 https://registry.npmjs.org/@babel/helper-compilation-targets/-/helper-compilation-targets-7.27.1.tgz 1348ms (cache miss)
654 http fetch GET 200 https://registry.npmjs.org/@babel/code-frame/-/code-frame-7.27.1.tgz 1367ms (cache miss)
655 http fetch GET 200 https://registry.npmjs.org/react-refresh/-/react-refresh-0.14.2.tgz 1423ms (cache miss)
656 http fetch GET 200 https://registry.npmjs.org/@babel/helper-string-parser/-/helper-string-parser-7.27.1.tgz 1626ms (cache miss)
657 http fetch GET 200 https://registry.npmjs.org/@babel/plugin-transform-react-jsx-self/-/plugin-transform-react-jsx-self-7.27.1.tgz 1684ms (cache miss)
658 http fetch GET 200 https://registry.npmjs.org/electron-to-chromium/-/electron-to-chromium-1.5.145.tgz 1715ms (cache miss)
659 http fetch POST 200 https://registry.npmjs.org/-/npm/v1/security/advisories/bulk 1815ms
660 silly audit report {
660 silly audit report   esbuild: [
660 silly audit report     {
660 silly audit report       id: 1102341,
660 silly audit report       url: 'https://github.com/advisories/GHSA-67mh-4wv8-2f99',
660 silly audit report       title: 'esbuild enables any website to send any requests to the development server and read the response',
660 silly audit report       severity: 'moderate',
660 silly audit report       vulnerable_versions: '<=0.24.2',
660 silly audit report       cwe: [Array],
660 silly audit report       cvss: [Object]
660 silly audit report     }
660 silly audit report   ]
660 silly audit report }
661 silly packumentCache corgi:https://registry.npmjs.org/esbuild cache-miss
662 http fetch GET 200 https://registry.npmjs.org/@babel/plugin-transform-react-jsx-source/-/plugin-transform-react-jsx-source-7.27.1.tgz 1791ms (cache miss)
663 http fetch GET 200 https://registry.npmjs.org/@types/prop-types/-/prop-types-15.7.14.tgz 1824ms (cache miss)
664 http fetch GET 200 https://registry.npmjs.org/@babel/traverse/-/traverse-7.27.1.tgz 1846ms (cache miss)
665 http fetch GET 200 https://registry.npmjs.org/@babel/generator/-/generator-7.27.1.tgz 1911ms (cache miss)
666 http fetch GET 200 https://registry.npmjs.org/magic-string/-/magic-string-0.27.0.tgz 2335ms (cache miss)
667 http fetch GET 200 https://registry.npmjs.org/@babel/types/-/types-7.27.1.tgz 2459ms (cache miss)
668 http fetch GET 200 https://registry.npmjs.org/react/-/react-18.3.1.tgz 2458ms (cache miss)
669 http fetch GET 200 https://registry.npmjs.org/@babel/helpers/-/helpers-7.27.1.tgz 2479ms (cache miss)
670 http fetch GET 200 https://registry.npmjs.org/@babel/helper-module-transforms/-/helper-module-transforms-7.27.1.tgz 2507ms (cache miss)
671 http fetch GET 200 https://registry.npmjs.org/@vitejs/plugin-react/-/plugin-react-3.1.0.tgz 2587ms (cache miss)
672 http fetch GET 200 https://registry.npmjs.org/@types/react/-/react-18.3.20.tgz 2632ms (cache miss)
673 http fetch GET 200 https://registry.npmjs.org/@types/react-dom/-/react-dom-18.3.7.tgz 2634ms (cache miss)
674 http fetch GET 200 https://registry.npmjs.org/@babel/helper-validator-option/-/helper-validator-option-7.27.1.tgz 2675ms (cache miss)
675 http fetch GET 200 https://registry.npmjs.org/caniuse-lite/-/caniuse-lite-1.0.30001716.tgz 2704ms (cache miss)
676 http fetch GET 200 https://registry.npmjs.org/csstype/-/csstype-3.1.3.tgz 2719ms (cache miss)
677 http fetch GET 200 https://registry.npmjs.org/@esbuild/linux-x64/-/linux-x64-0.18.20.tgz 2789ms (cache miss)
678 http fetch GET 200 https://registry.npmjs.org/@babel/core/-/core-7.27.1.tgz 2933ms (cache miss)
679 http fetch GET 200 https://registry.npmjs.org/vite/-/vite-4.5.14.tgz 4208ms (cache miss)
680 http fetch GET 200 https://registry.npmjs.org/esbuild 2787ms (cache miss)
681 silly packumentCache corgi:https://registry.npmjs.org/esbuild set size:undefined disposed:false
682 silly packumentCache corgi:https://registry.npmjs.org/vite cache-miss
683 http fetch GET 200 https://registry.npmjs.org/@babel/helper-plugin-utils/-/helper-plugin-utils-7.27.1.tgz 4587ms (cache miss)
684 http fetch GET 200 https://registry.npmjs.org/react-dom/-/react-dom-18.3.1.tgz 5446ms (cache miss)
685 http fetch GET 200 https://registry.npmjs.org/vite 1758ms (cache miss)
686 silly packumentCache corgi:https://registry.npmjs.org/vite set size:undefined disposed:false
687 silly packumentCache corgi:https://registry.npmjs.org/@vitejs%2fplugin-react cache-miss
688 http fetch GET 200 https://registry.npmjs.org/@vitejs%2fplugin-react 554ms (cache miss)
689 silly packumentCache corgi:https://registry.npmjs.org/@vitejs%2fplugin-react set size:undefined disposed:false
690 http fetch GET 200 https://registry.npmjs.org/@babel/parser/-/parser-7.27.1.tgz 9006ms (cache miss)
691 http fetch GET 200 https://registry.npmjs.org/rollup/-/rollup-3.29.5.tgz 12798ms (cache miss)
692 http fetch GET 200 https://registry.npmjs.org/typescript/-/typescript-4.9.5.tgz 16218ms (cache miss)
693 info run esbuild@0.18.20 postinstall node_modules/esbuild node install.js
694 info run esbuild@0.18.20 postinstall { code: 0, signal: null }
695 silly ADD node_modules/source-map-js
696 silly ADD node_modules/nanoid
697 silly ADD
698 silly ADD
699 silly ADD
700 silly ADD
701 silly ADD
702 silly ADD
703 silly ADD node_modules/@esbuild/linux-x64
704 silly ADD
705 silly ADD
706 silly ADD
707 silly ADD
708 silly ADD
709 silly ADD
710 silly ADD
711 silly ADD
712 silly ADD
713 silly ADD
714 silly ADD
715 silly ADD
716 silly ADD
717 silly ADD
718 silly ADD
719 silly ADD node_modules/rollup
720 silly ADD node_modules/postcss
721 silly ADD
722 silly ADD node_modules/esbuild
723 silly ADD node_modules/escalade
724 silly ADD node_modules/scheduler
725 silly ADD node_modules/loose-envify
726 silly ADD node_modules/yallist
727 silly ADD node_modules/ms
728 silly ADD node_modules/update-browserslist-db
729 silly ADD node_modules/node-releases
730 silly ADD node_modules/electron-to-chromium
731 silly ADD node_modules/caniuse-lite
732 silly ADD node_modules/@jridgewell/resolve-uri
733 silly ADD node_modules/@jridgewell/sourcemap-codec
734 silly ADD node_modules/@jridgewell/set-array
735 silly ADD node_modules/@babel/helper-string-parser
736 silly ADD node_modules/globals
737 silly ADD node_modules/@babel/helper-plugin-utils
738 silly ADD node_modules/@babel/helper-module-imports
739 silly ADD node_modules/lru-cache
740 silly ADD node_modules/browserslist
741 silly ADD node_modules/@babel/helper-validator-option
742 silly ADD node_modules/@babel/compat-data
743 silly ADD node_modules/jsesc
744 silly ADD node_modules/picocolors
745 silly ADD node_modules/js-tokens
746 silly ADD node_modules/@babel/helper-validator-identifier
747 silly ADD node_modules/@jridgewell/trace-mapping
748 silly ADD node_modules/@jridgewell/gen-mapping
749 silly ADD node_modules/semver
750 silly ADD node_modules/json5
751 silly ADD node_modules/gensync
752 silly ADD node_modules/debug
753 silly ADD node_modules/convert-source-map
754 silly ADD node_modules/@babel/types
755 silly ADD node_modules/@babel/traverse
756 silly ADD node_modules/@babel/template
757 silly ADD node_modules/@babel/parser
758 silly ADD node_modules/@babel/helpers
759 silly ADD node_modules/@babel/helper-module-transforms
760 silly ADD node_modules/@babel/helper-compilation-targets
761 silly ADD node_modules/@babel/generator
762 silly ADD node_modules/@babel/code-frame
763 silly ADD node_modules/@ampproject/remapping
764 silly ADD node_modules/react-refresh
765 silly ADD node_modules/magic-string
766 silly ADD node_modules/@babel/plugin-transform-react-jsx-source
767 silly ADD node_modules/@babel/plugin-transform-react-jsx-self
768 silly ADD node_modules/@babel/core
769 silly ADD node_modules/csstype
770 silly ADD node_modules/@types/prop-types
771 silly ADD node_modules/typescript
772 silly ADD node_modules/react-dom
773 silly ADD node_modules/react
774 silly ADD node_modules/vite
775 silly ADD node_modules/@vitejs/plugin-react
776 silly ADD node_modules/@types/react-dom
777 silly ADD node_modules/@types/react
778 verbose cwd /home/abywu/vite-project
779 verbose os Linux 5.15.167.4-microsoft-standard-WSL2
780 verbose node v22.13.1
781 verbose npm  v10.9.2
782 verbose exit 0
783 info ok
