0 verbose cli /home/abywu/.nvm/versions/node/v22.13.1/bin/node /home/abywu/.nvm/versions/node/v22.13.1/bin/npm
1 info using npm@10.9.2
2 info using node@v22.13.1
3 silly config load:file:/home/abywu/.nvm/versions/node/v22.13.1/lib/node_modules/npm/npmrc
4 silly config load:file:/home/abywu/.npmrc
5 silly config load:file:/home/abywu/.nvm/versions/node/v22.13.1/etc/npmrc
6 verbose title npm install
7 verbose argv "install"
8 verbose logfile logs-max:10 dir:/home/abywu/.npm/_logs/2025-04-29T15_41_11_924Z-
9 verbose logfile /home/abywu/.npm/_logs/2025-04-29T15_41_11_924Z-debug-0.log
10 silly logfile start cleaning logs, removing 2 files
11 silly packumentCache heap:2063859712 maxSize:515964928 maxEntrySize:257982464
12 silly logfile done cleaning log files
13 silly idealTree buildDeps
14 silly reify moves {}
15 verbose stack Error: Could not read package.json: Error: ENOENT: no such file or directory, open '/home/abywu/package.json'
15 verbose stack     at async open (node:internal/fs/promises:638:25)
15 verbose stack     at async readFile (node:internal/fs/promises:1242:14)
15 verbose stack     at async read (/home/abywu/.nvm/versions/node/v22.13.1/lib/node_modules/npm/node_modules/@npmcli/package-json/lib/read-package.js:9:18)
15 verbose stack     at async PackageJson.load (/home/abywu/.nvm/versions/node/v22.13.1/lib/node_modules/npm/node_modules/@npmcli/package-json/lib/index.js:131:31)
15 verbose stack     at async PackageJson.normalize (/home/abywu/.nvm/versions/node/v22.13.1/lib/node_modules/npm/node_modules/@npmcli/package-json/lib/index.js:117:5)
15 verbose stack     at async runScript (/home/abywu/.nvm/versions/node/v22.13.1/lib/node_modules/npm/node_modules/@npmcli/run-script/lib/run-script.js:11:28)
15 verbose stack     at async Install.exec (/home/abywu/.nvm/versions/node/v22.13.1/lib/node_modules/npm/lib/commands/install.js:163:9)
15 verbose stack     at async Npm.exec (/home/abywu/.nvm/versions/node/v22.13.1/lib/node_modules/npm/lib/npm.js:207:9)
15 verbose stack     at async module.exports (/home/abywu/.nvm/versions/node/v22.13.1/lib/node_modules/npm/lib/cli/entry.js:74:5)
16 error code ENOENT
17 error syscall open
18 error path /home/abywu/package.json
19 error errno -2
20 error enoent Could not read package.json: Error: ENOENT: no such file or directory, open '/home/abywu/package.json'
21 error enoent This is related to npm not being able to find a file.
21 error enoent
22 verbose cwd /home/abywu
23 verbose os Linux 5.15.167.4-microsoft-standard-WSL2
24 verbose node v22.13.1
25 verbose npm  v10.9.2
26 verbose exit -2
27 verbose code -2
28 error A complete log of this run can be found in: /home/abywu/.npm/_logs/2025-04-29T15_41_11_924Z-debug-0.log
