0 verbose cli /home/abywu/.nvm/versions/node/v22.13.1/bin/node /home/abywu/.nvm/versions/node/v22.13.1/bin/npm
1 info using npm@10.9.2
2 info using node@v22.13.1
3 silly config load:file:/home/abywu/.nvm/versions/node/v22.13.1/lib/node_modules/npm/npmrc
4 silly config load:file:/home/abywu/.npmrc
5 silly config load:file:/home/abywu/.nvm/versions/node/v22.13.1/etc/npmrc
6 verbose title npm create vite@4.1.0
7 verbose argv "create" "vite@4.1.0"
8 verbose logfile logs-max:10 dir:/home/abywu/.npm/_logs/2025-04-30T18_03_38_422Z-
9 verbose logfile /home/abywu/.npm/_logs/2025-04-30T18_03_38_422Z-debug-0.log
10 silly logfile start cleaning logs, removing 1 files
11 silly logfile done cleaning log files
12 silly packumentCache heap:2063859712 maxSize:515964928 maxEntrySize:257982464
13 http fetch GET 200 https://registry.npmjs.org/create-vite 1154ms (cache miss)
14 silly packumentCache heap:2063859712 maxSize:515964928 maxEntrySize:257982464
15 silly idealTree buildDeps
16 silly fetch manifest create-vite@4.1.0
17 silly packumentCache full:https://registry.npmjs.org/create-vite cache-miss
18 http fetch GET 200 https://registry.npmjs.org/create-vite 372ms (cache miss)
19 silly packumentCache full:https://registry.npmjs.org/create-vite set size:undefined disposed:false
20 silly placeDep ROOT create-vite@4.1.0 OK for:  want: 4.1.0
21 silly reify moves {}
22 silly audit bulk request { 'create-vite': [ '4.1.0' ] }
23 http cache create-vite@https://registry.npmjs.org/create-vite/-/create-vite-4.1.0.tgz 0ms (cache hit)
24 silly tarball no local data for create-vite@https://registry.npmjs.org/create-vite/-/create-vite-4.1.0.tgz. Extracting by manifest.
25 http fetch POST 200 https://registry.npmjs.org/-/npm/v1/security/advisories/bulk 1522ms
26 silly audit report {}
27 http fetch GET 200 https://registry.npmjs.org/create-vite/-/create-vite-4.1.0.tgz 3382ms (cache miss)
28 verbose cwd /home/abywu
29 verbose os Linux 5.15.167.4-microsoft-standard-WSL2
30 verbose node v22.13.1
31 verbose npm  v10.9.2
32 verbose exit 0
33 info ok
