2025-04-30 21:00:19.009 [info] [main] Log level: Info
2025-04-30 21:00:19.009 [info] [main] Validating found git in: "git"
2025-04-30 21:00:19.009 [info] [main] Using git "2.48.1" from "git"
2025-04-30 21:00:19.009 [info] [Model][doInitialScan] Initial repository scan started
2025-04-30 21:00:19.009 [info] > git rev-parse --show-toplevel [115ms]
2025-04-30 21:00:19.009 [info] > git rev-parse --git-dir --git-common-dir [24ms]
2025-04-30 21:00:19.009 [info] [Model][openRepository] Opened repository: /home/abywu
2025-04-30 21:00:19.009 [info] > git rev-parse --show-toplevel [10ms]
2025-04-30 21:00:19.009 [info] > git config --get commit.template [18ms]
2025-04-30 21:00:19.032 [info] > git rev-parse --show-toplevel [25ms]
2025-04-30 21:00:19.047 [info] [Model][doInitialScan] Initial repository scan completed - repositories (1), closed repositories (0), parent repositories (0), unsafe repositories (0)
2025-04-30 21:00:19.054 [info] > git for-each-ref --format=%(refname)%00%(upstream:short)%00%(objectname)%00%(upstream:track)%00%(upstream:remotename)%00%(upstream:remoteref) refs/heads/gh-pages refs/remotes/gh-pages [35ms]
2025-04-30 21:00:19.102 [info] > git for-each-ref --sort -committerdate --format %(refname)%00%(objectname)%00%(*objectname) [16ms]
2025-04-30 21:00:19.350 [info] > git show --textconv :abiud/maestros/index.html [9ms]
2025-04-30 21:00:19.356 [info] > git ls-files --stage -- abiud/maestros/index.html [11ms]
2025-04-30 21:00:19.366 [info] > git hash-object -t tree /dev/null [12ms]
2025-04-30 21:00:19.370 [warning] [GitFileSystemProvider][readFile] File not found - git:/home/abywu/abiud/maestros/index.html.git?%7B%22path%22%3A%22%2Fhome%2Fabywu%2Fabiud%2Fmaestros%2Findex.html%22%2C%22ref%22%3A%22%22%7D
2025-04-30 21:00:19.376 [info] > git hash-object -t tree /dev/null [16ms]
2025-04-30 21:00:19.376 [warning] [GitFileSystemProvider][stat] File not found - git:/home/abywu/abiud/maestros/index.html.git?%7B%22path%22%3A%22%2Fhome%2Fabywu%2Fabiud%2Fmaestros%2Findex.html%22%2C%22ref%22%3A%22%22%7D
2025-04-30 21:00:19.684 [info] > git check-ignore -v -z --stdin [9ms]
2025-04-30 21:00:26.042 [info] > git status -z -uall [6976ms] (cancelled)
2025-04-30 21:00:26.043 [info] > git for-each-ref --format=%(refname)%00%(upstream:short)%00%(objectname)%00%(upstream:track)%00%(upstream:remotename)%00%(upstream:remoteref) refs/heads/gh-pages refs/remotes/gh-pages [2388ms]
2025-04-30 21:00:26.098 [info] > git config --get --local branch.gh-pages.vscode-merge-base [49ms]
2025-04-30 21:00:26.098 [warning] [Git][config] git config failed: Failed to execute git
2025-04-30 21:00:26.108 [info] > git config --get commit.template [70ms]
2025-04-30 21:00:26.121 [info] > git reflog gh-pages --grep-reflog=branch: Created from *. [15ms]
2025-04-30 21:00:26.131 [info] > git for-each-ref --format=%(refname)%00%(upstream:short)%00%(objectname)%00%(upstream:track)%00%(upstream:remotename)%00%(upstream:remoteref) refs/heads/gh-pages refs/remotes/gh-pages [13ms]
2025-04-30 21:00:26.146 [info] > git reflog HEAD --grep-reflog=checkout: moving from .* to gh-pages [17ms]
2025-04-30 21:00:26.154 [info] > git for-each-ref --sort -committerdate --format %(refname)%00%(objectname)%00%(*objectname) [11ms]
2025-04-30 21:00:26.157 [info] > git for-each-ref --format=%(refname)%00%(upstream:short)%00%(objectname)%00%(upstream:track)%00%(upstream:remotename)%00%(upstream:remoteref) refs/heads/main refs/remotes/main [5ms]
2025-04-30 21:00:26.172 [info] > git symbolic-ref --short refs/remotes/origin/HEAD [8ms]
2025-04-30 21:00:26.172 [info] fatal: ref refs/remotes/origin/HEAD is not a symbolic ref
2025-04-30 21:00:26.172 [warning] [Repository][getDefaultBranch] Failed to get default branch details: Failed to execute git.
2025-04-30 21:00:28.722 [info] > git status -z -uall [2586ms] (cancelled)
