2025-04-24 05:53:48.380 [info] [main] Log level: Info
2025-04-24 05:53:48.380 [info] [main] Validating found git in: "git"
2025-04-24 05:53:48.380 [info] [main] Using git "2.48.1" from "git"
2025-04-24 05:53:48.380 [info] [Model][doInitialScan] Initial repository scan started
2025-04-24 05:53:48.380 [info] > git rev-parse --show-toplevel [7ms]
2025-04-24 05:53:48.380 [info] > git rev-parse --git-dir --git-common-dir [38ms]
2025-04-24 05:53:48.380 [info] [Model][openRepository] Opened repository: /home/abywu/moringa/SDF-PT10/Phase-1/DOM-editing/phase-0-the-dom-editing-lab
2025-04-24 05:53:48.380 [info] > git rev-parse --show-toplevel [3ms]
2025-04-24 05:53:48.380 [info] > git config --get commit.template [7ms]
2025-04-24 05:53:48.389 [info] > git rev-parse --show-toplevel [6ms]
2025-04-24 05:53:48.392 [info] [Model][doInitialScan] Initial repository scan completed - repositories (1), closed repositories (0), parent repositories (0), unsafe repositories (0)
2025-04-24 05:53:48.397 [info] > git for-each-ref --format=%(refname)%00%(upstream:short)%00%(objectname)%00%(upstream:track)%00%(upstream:remotename)%00%(upstream:remoteref) refs/heads/master refs/remotes/master [10ms]
2025-04-24 05:53:48.401 [warning] [Git][revParse] Unable to read file: ENOENT: no such file or directory, open '/home/abywu/moringa/SDF-PT10/Phase-1/DOM-editing/phase-0-the-dom-editing-lab/.git/refs/remotes/origin/master'
2025-04-24 05:53:48.406 [info] > git rev-parse refs/remotes/origin/master [4ms]
2025-04-24 05:53:48.415 [info] > git status -z -uall [5ms]
2025-04-24 05:53:48.417 [info] > git for-each-ref --sort -committerdate --format %(refname)%00%(objectname)%00%(*objectname) [3ms]
2025-04-24 05:53:48.464 [info] > git for-each-ref --format=%(refname)%00%(upstream:short)%00%(objectname)%00%(upstream:track)%00%(upstream:remotename)%00%(upstream:remoteref) refs/heads/master refs/remotes/master [9ms]
2025-04-24 05:53:48.471 [info] > git config --get commit.template [9ms]
2025-04-24 05:53:48.472 [info] > git config --get --local branch.master.vscode-merge-base [4ms]
2025-04-24 05:53:48.472 [warning] [Git][config] git config failed: Failed to execute git
2025-04-24 05:53:48.480 [info] > git reflog master --grep-reflog=branch: Created from *. [5ms]
2025-04-24 05:53:48.484 [info] > git for-each-ref --format=%(refname)%00%(upstream:short)%00%(objectname)%00%(upstream:track)%00%(upstream:remotename)%00%(upstream:remoteref) refs/heads/master refs/remotes/master [5ms]
2025-04-24 05:53:48.486 [warning] [Git][revParse] Unable to read file: ENOENT: no such file or directory, open '/home/abywu/moringa/SDF-PT10/Phase-1/DOM-editing/phase-0-the-dom-editing-lab/.git/refs/remotes/origin/master'
2025-04-24 05:53:48.487 [info] > git symbolic-ref --short refs/remotes/origin/HEAD [4ms]
2025-04-24 05:53:48.491 [info] > git rev-parse refs/remotes/origin/master [4ms]
2025-04-24 05:53:48.505 [info] > git status -z -uall [11ms]
2025-04-24 05:53:48.506 [info] > git for-each-ref --format=%(refname)%00%(upstream:short)%00%(objectname)%00%(upstream:track)%00%(upstream:remotename)%00%(upstream:remoteref) refs/heads/origin/master refs/remotes/origin/master [17ms]
2025-04-24 05:53:48.509 [info] > git for-each-ref --sort -committerdate --format %(refname)%00%(objectname)%00%(*objectname) [12ms]
2025-04-24 05:53:48.519 [info] > git for-each-ref --format=%(refname)%00%(upstream:short)%00%(objectname)%00%(upstream:track)%00%(upstream:remotename)%00%(upstream:remoteref) refs/heads/master refs/remotes/master [4ms]
2025-04-24 05:53:48.523 [info] > git config --add --local branch.master.vscode-merge-base origin/master [14ms]
2025-04-24 05:53:48.528 [info] > git config --get --local branch.master.vscode-merge-base [6ms]
2025-04-24 05:53:48.534 [info] > git config --get commit.template [7ms]
2025-04-24 05:53:48.535 [info] > git for-each-ref --format=%(refname)%00%(upstream:short)%00%(objectname)%00%(upstream:track)%00%(upstream:remotename)%00%(upstream:remoteref) refs/heads/origin/master refs/remotes/origin/master [3ms]
2025-04-24 05:53:48.721 [info] > git for-each-ref --format=%(refname)%00%(upstream:short)%00%(objectname)%00%(upstream:track)%00%(upstream:remotename)%00%(upstream:remoteref) refs/heads/master refs/remotes/master [180ms]
2025-04-24 05:53:48.721 [info] > git merge-base refs/heads/master refs/remotes/origin/master [183ms]
2025-04-24 05:53:48.727 [warning] [Git][revParse] Unable to read file: ENOENT: no such file or directory, open '/home/abywu/moringa/SDF-PT10/Phase-1/DOM-editing/phase-0-the-dom-editing-lab/.git/refs/remotes/origin/master'
2025-04-24 05:53:48.728 [info] > git diff --name-status -z --diff-filter=ADMR 360bb11ff27c2751e6a5b8a3979d4efe28e745da...refs/remotes/origin/master [4ms]
2025-04-24 05:53:48.729 [info] > git rev-parse refs/remotes/origin/master [2ms]
2025-04-24 05:53:48.738 [info] > git status -z -uall [4ms]
2025-04-24 05:53:48.739 [info] > git for-each-ref --sort -committerdate --format %(refname)%00%(objectname)%00%(*objectname) [3ms]
2025-04-24 05:53:48.883 [info] > git check-ignore -v -z --stdin [2ms]
2025-04-24 06:03:50.028 [info] > git ls-files --stage -- index.html [24ms]
2025-04-24 06:03:50.038 [info] > git show --textconv :index.html [39ms]
2025-04-24 06:03:50.041 [info] > git cat-file -s 1790bb178410a5919e5de74182e3cf49a3a3126a [4ms]
2025-04-24 06:03:53.884 [info] > git show --textconv :index.js [5ms]
2025-04-24 06:03:53.886 [info] > git ls-files --stage -- index.js [4ms]
2025-04-24 06:03:53.891 [info] > git cat-file -s e69de29bb2d1d6434b8b29ae775ad8c2e48c5391 [2ms]
2025-04-24 06:03:57.269 [info] > git show --textconv :README.md [22ms]
2025-04-24 06:03:57.270 [info] > git ls-files --stage -- README.md [18ms]
2025-04-24 06:03:57.276 [info] > git cat-file -s 572653b8b22df297c09bdcbad7f3eb227ad3d391 [2ms]
2025-04-24 06:03:59.822 [info] > git show --textconv :index.html [7ms]
2025-04-24 06:03:59.823 [info] > git ls-files --stage -- index.html [2ms]
2025-04-24 06:03:59.830 [info] > git cat-file -s 1790bb178410a5919e5de74182e3cf49a3a3126a [3ms]
2025-04-24 06:04:21.774 [info] > git blame --root --incremental 360bb11ff27c2751e6a5b8a3979d4efe28e745da -- index.html [5ms]
2025-04-24 06:04:25.781 [info] > git config --get commit.template [7ms]
2025-04-24 06:04:25.781 [info] > git for-each-ref --format=%(refname)%00%(upstream:short)%00%(objectname)%00%(upstream:track)%00%(upstream:remotename)%00%(upstream:remoteref) refs/heads/master refs/remotes/master [4ms]
2025-04-24 06:04:25.785 [warning] [Git][revParse] Unable to read file: ENOENT: no such file or directory, open '/home/abywu/moringa/SDF-PT10/Phase-1/DOM-editing/phase-0-the-dom-editing-lab/.git/refs/remotes/origin/master'
2025-04-24 06:04:25.789 [info] > git rev-parse refs/remotes/origin/master [4ms]
2025-04-24 06:04:25.800 [info] > git status -z -uall [7ms]
2025-04-24 06:04:25.801 [info] > git for-each-ref --sort -committerdate --format %(refname)%00%(objectname)%00%(*objectname) [4ms]
2025-04-24 06:24:39.810 [info] > git config --get commit.template [18ms]
2025-04-24 06:24:39.818 [info] > git for-each-ref --format=%(refname)%00%(upstream:short)%00%(objectname)%00%(upstream:track)%00%(upstream:remotename)%00%(upstream:remoteref) refs/heads/master refs/remotes/master [22ms]
2025-04-24 06:24:39.821 [warning] [Git][revParse] Unable to read file: ENOENT: no such file or directory, open '/home/abywu/moringa/SDF-PT10/Phase-1/DOM-editing/phase-0-the-dom-editing-lab/.git/refs/remotes/origin/master'
2025-04-24 06:24:39.823 [info] > git rev-parse refs/remotes/origin/master [2ms]
2025-04-24 06:24:39.832 [info] > git for-each-ref --sort -committerdate --format %(refname)%00%(objectname)%00%(*objectname) [3ms]
2025-04-24 06:24:39.837 [info] > git status -z -uall [11ms]
2025-04-24 06:24:44.853 [info] > git config --get commit.template [5ms]
2025-04-24 06:24:44.853 [info] > git for-each-ref --format=%(refname)%00%(upstream:short)%00%(objectname)%00%(upstream:track)%00%(upstream:remotename)%00%(upstream:remoteref) refs/heads/master refs/remotes/master [1ms]
2025-04-24 06:24:44.856 [warning] [Git][revParse] Unable to read file: ENOENT: no such file or directory, open '/home/abywu/moringa/SDF-PT10/Phase-1/DOM-editing/phase-0-the-dom-editing-lab/.git/refs/remotes/origin/master'
2025-04-24 06:24:44.858 [info] > git rev-parse refs/remotes/origin/master [1ms]
2025-04-24 06:24:44.864 [info] > git status -z -uall [4ms]
2025-04-24 06:24:44.866 [info] > git for-each-ref --sort -committerdate --format %(refname)%00%(objectname)%00%(*objectname) [3ms]
2025-04-24 06:24:53.430 [info] > git config --get commit.template [6ms]
2025-04-24 06:24:53.431 [info] > git for-each-ref --format=%(refname)%00%(upstream:short)%00%(objectname)%00%(upstream:track)%00%(upstream:remotename)%00%(upstream:remoteref) refs/heads/master refs/remotes/master [2ms]
2025-04-24 06:24:53.434 [warning] [Git][revParse] Unable to read file: ENOENT: no such file or directory, open '/home/abywu/moringa/SDF-PT10/Phase-1/DOM-editing/phase-0-the-dom-editing-lab/.git/refs/remotes/origin/master'
2025-04-24 06:24:53.435 [info] > git rev-parse refs/remotes/origin/master [1ms]
2025-04-24 06:24:53.443 [info] > git status -z -uall [4ms]
2025-04-24 06:24:53.444 [info] > git for-each-ref --sort -committerdate --format %(refname)%00%(objectname)%00%(*objectname) [2ms]
2025-04-24 06:24:58.739 [info] > git config --get commit.template [4ms]
2025-04-24 06:24:58.740 [info] > git for-each-ref --format=%(refname)%00%(upstream:short)%00%(objectname)%00%(upstream:track)%00%(upstream:remotename)%00%(upstream:remoteref) refs/heads/master refs/remotes/master [2ms]
2025-04-24 06:24:58.744 [warning] [Git][revParse] Unable to read file: ENOENT: no such file or directory, open '/home/abywu/moringa/SDF-PT10/Phase-1/DOM-editing/phase-0-the-dom-editing-lab/.git/refs/remotes/origin/master'
2025-04-24 06:24:58.745 [info] > git rev-parse refs/remotes/origin/master [1ms]
2025-04-24 06:24:58.753 [info] > git status -z -uall [5ms]
2025-04-24 06:24:58.754 [info] > git for-each-ref --sort -committerdate --format %(refname)%00%(objectname)%00%(*objectname) [2ms]
2025-04-24 06:25:03.766 [info] > git config --get commit.template [4ms]
2025-04-24 06:25:03.767 [info] > git for-each-ref --format=%(refname)%00%(upstream:short)%00%(objectname)%00%(upstream:track)%00%(upstream:remotename)%00%(upstream:remoteref) refs/heads/master refs/remotes/master [2ms]
2025-04-24 06:25:03.769 [warning] [Git][revParse] Unable to read file: ENOENT: no such file or directory, open '/home/abywu/moringa/SDF-PT10/Phase-1/DOM-editing/phase-0-the-dom-editing-lab/.git/refs/remotes/origin/master'
2025-04-24 06:25:03.770 [info] > git rev-parse refs/remotes/origin/master [1ms]
2025-04-24 06:25:03.777 [info] > git status -z -uall [4ms]
2025-04-24 06:25:03.778 [info] > git for-each-ref --sort -committerdate --format %(refname)%00%(objectname)%00%(*objectname) [3ms]
2025-04-24 06:25:08.803 [info] > git config --get commit.template [5ms]
2025-04-24 06:25:08.819 [info] > git for-each-ref --format=%(refname)%00%(upstream:short)%00%(objectname)%00%(upstream:track)%00%(upstream:remotename)%00%(upstream:remoteref) refs/heads/master refs/remotes/master [8ms]
2025-04-24 06:25:08.824 [warning] [Git][revParse] Unable to read file: ENOENT: no such file or directory, open '/home/abywu/moringa/SDF-PT10/Phase-1/DOM-editing/phase-0-the-dom-editing-lab/.git/refs/remotes/origin/master'
2025-04-24 06:25:08.838 [info] > git rev-parse refs/remotes/origin/master [15ms]
2025-04-24 06:25:08.846 [info] > git status -z -uall [6ms]
2025-04-24 06:25:08.847 [info] > git for-each-ref --sort -committerdate --format %(refname)%00%(objectname)%00%(*objectname) [3ms]
2025-04-24 06:25:13.860 [info] > git config --get commit.template [5ms]
2025-04-24 06:25:13.861 [info] > git for-each-ref --format=%(refname)%00%(upstream:short)%00%(objectname)%00%(upstream:track)%00%(upstream:remotename)%00%(upstream:remoteref) refs/heads/master refs/remotes/master [2ms]
2025-04-24 06:25:13.864 [warning] [Git][revParse] Unable to read file: ENOENT: no such file or directory, open '/home/abywu/moringa/SDF-PT10/Phase-1/DOM-editing/phase-0-the-dom-editing-lab/.git/refs/remotes/origin/master'
2025-04-24 06:25:13.865 [info] > git rev-parse refs/remotes/origin/master [1ms]
2025-04-24 06:25:13.873 [info] > git status -z -uall [4ms]
2025-04-24 06:25:13.875 [info] > git for-each-ref --sort -committerdate --format %(refname)%00%(objectname)%00%(*objectname) [3ms]
2025-04-24 06:25:18.890 [info] > git config --get commit.template [5ms]
2025-04-24 06:25:18.891 [info] > git for-each-ref --format=%(refname)%00%(upstream:short)%00%(objectname)%00%(upstream:track)%00%(upstream:remotename)%00%(upstream:remoteref) refs/heads/master refs/remotes/master [2ms]
2025-04-24 06:25:18.895 [warning] [Git][revParse] Unable to read file: ENOENT: no such file or directory, open '/home/abywu/moringa/SDF-PT10/Phase-1/DOM-editing/phase-0-the-dom-editing-lab/.git/refs/remotes/origin/master'
2025-04-24 06:25:18.896 [info] > git rev-parse refs/remotes/origin/master [1ms]
2025-04-24 06:25:18.905 [info] > git status -z -uall [5ms]
2025-04-24 06:25:18.906 [info] > git for-each-ref --sort -committerdate --format %(refname)%00%(objectname)%00%(*objectname) [2ms]
2025-04-24 06:25:23.931 [info] > git config --get commit.template [4ms]
2025-04-24 06:25:23.932 [info] > git for-each-ref --format=%(refname)%00%(upstream:short)%00%(objectname)%00%(upstream:track)%00%(upstream:remotename)%00%(upstream:remoteref) refs/heads/master refs/remotes/master [2ms]
2025-04-24 06:25:23.935 [warning] [Git][revParse] Unable to read file: ENOENT: no such file or directory, open '/home/abywu/moringa/SDF-PT10/Phase-1/DOM-editing/phase-0-the-dom-editing-lab/.git/refs/remotes/origin/master'
2025-04-24 06:25:23.937 [info] > git rev-parse refs/remotes/origin/master [2ms]
2025-04-24 06:25:23.945 [info] > git status -z -uall [4ms]
2025-04-24 06:25:23.946 [info] > git for-each-ref --sort -committerdate --format %(refname)%00%(objectname)%00%(*objectname) [2ms]
2025-04-24 06:25:28.967 [info] > git config --get commit.template [7ms]
2025-04-24 06:25:28.969 [info] > git for-each-ref --format=%(refname)%00%(upstream:short)%00%(objectname)%00%(upstream:track)%00%(upstream:remotename)%00%(upstream:remoteref) refs/heads/master refs/remotes/master [4ms]
2025-04-24 06:25:28.974 [warning] [Git][revParse] Unable to read file: ENOENT: no such file or directory, open '/home/abywu/moringa/SDF-PT10/Phase-1/DOM-editing/phase-0-the-dom-editing-lab/.git/refs/remotes/origin/master'
2025-04-24 06:25:28.975 [info] > git rev-parse refs/remotes/origin/master [2ms]
2025-04-24 06:25:28.984 [info] > git status -z -uall [5ms]
2025-04-24 06:25:28.985 [info] > git for-each-ref --sort -committerdate --format %(refname)%00%(objectname)%00%(*objectname) [3ms]
2025-04-24 06:25:34.207 [info] > git config --get commit.template [5ms]
2025-04-24 06:25:34.208 [info] > git for-each-ref --format=%(refname)%00%(upstream:short)%00%(objectname)%00%(upstream:track)%00%(upstream:remotename)%00%(upstream:remoteref) refs/heads/master refs/remotes/master [2ms]
2025-04-24 06:25:34.212 [warning] [Git][revParse] Unable to read file: ENOENT: no such file or directory, open '/home/abywu/moringa/SDF-PT10/Phase-1/DOM-editing/phase-0-the-dom-editing-lab/.git/refs/remotes/origin/master'
2025-04-24 06:25:34.213 [info] > git rev-parse refs/remotes/origin/master [1ms]
2025-04-24 06:25:34.222 [info] > git status -z -uall [5ms]
2025-04-24 06:25:34.222 [info] > git for-each-ref --sort -committerdate --format %(refname)%00%(objectname)%00%(*objectname) [2ms]
2025-04-24 06:25:39.238 [info] > git config --get commit.template [4ms]
2025-04-24 06:25:39.239 [info] > git for-each-ref --format=%(refname)%00%(upstream:short)%00%(objectname)%00%(upstream:track)%00%(upstream:remotename)%00%(upstream:remoteref) refs/heads/master refs/remotes/master [1ms]
2025-04-24 06:25:39.242 [warning] [Git][revParse] Unable to read file: ENOENT: no such file or directory, open '/home/abywu/moringa/SDF-PT10/Phase-1/DOM-editing/phase-0-the-dom-editing-lab/.git/refs/remotes/origin/master'
2025-04-24 06:25:39.243 [info] > git rev-parse refs/remotes/origin/master [1ms]
2025-04-24 06:25:39.250 [info] > git status -z -uall [3ms]
2025-04-24 06:25:39.251 [info] > git for-each-ref --sort -committerdate --format %(refname)%00%(objectname)%00%(*objectname) [2ms]
2025-04-24 06:25:52.258 [info] > git config --get commit.template [8ms]
2025-04-24 06:25:52.260 [info] > git for-each-ref --format=%(refname)%00%(upstream:short)%00%(objectname)%00%(upstream:track)%00%(upstream:remotename)%00%(upstream:remoteref) refs/heads/master refs/remotes/master [4ms]
2025-04-24 06:25:52.267 [warning] [Git][revParse] Unable to read file: ENOENT: no such file or directory, open '/home/abywu/moringa/SDF-PT10/Phase-1/DOM-editing/phase-0-the-dom-editing-lab/.git/refs/remotes/origin/master'
2025-04-24 06:25:52.269 [info] > git rev-parse refs/remotes/origin/master [2ms]
2025-04-24 06:25:52.281 [info] > git status -z -uall [6ms]
2025-04-24 06:25:52.284 [info] > git for-each-ref --sort -committerdate --format %(refname)%00%(objectname)%00%(*objectname) [4ms]
2025-04-24 06:26:03.553 [info] > git config --get commit.template [5ms]
2025-04-24 06:26:03.554 [info] > git for-each-ref --format=%(refname)%00%(upstream:short)%00%(objectname)%00%(upstream:track)%00%(upstream:remotename)%00%(upstream:remoteref) refs/heads/master refs/remotes/master [2ms]
2025-04-24 06:26:03.557 [warning] [Git][revParse] Unable to read file: ENOENT: no such file or directory, open '/home/abywu/moringa/SDF-PT10/Phase-1/DOM-editing/phase-0-the-dom-editing-lab/.git/refs/remotes/origin/master'
2025-04-24 06:26:03.558 [info] > git rev-parse refs/remotes/origin/master [1ms]
2025-04-24 06:26:03.564 [info] > git status -z -uall [4ms]
2025-04-24 06:26:03.567 [info] > git for-each-ref --sort -committerdate --format %(refname)%00%(objectname)%00%(*objectname) [4ms]
2025-04-24 06:26:08.585 [info] > git config --get commit.template [5ms]
2025-04-24 06:26:08.586 [info] > git for-each-ref --format=%(refname)%00%(upstream:short)%00%(objectname)%00%(upstream:track)%00%(upstream:remotename)%00%(upstream:remoteref) refs/heads/master refs/remotes/master [2ms]
2025-04-24 06:26:08.589 [warning] [Git][revParse] Unable to read file: ENOENT: no such file or directory, open '/home/abywu/moringa/SDF-PT10/Phase-1/DOM-editing/phase-0-the-dom-editing-lab/.git/refs/remotes/origin/master'
2025-04-24 06:26:08.591 [info] > git rev-parse refs/remotes/origin/master [2ms]
2025-04-24 06:26:08.598 [info] > git status -z -uall [4ms]
2025-04-24 06:26:08.599 [info] > git for-each-ref --sort -committerdate --format %(refname)%00%(objectname)%00%(*objectname) [2ms]
2025-04-24 06:26:13.638 [info] > git config --get commit.template [19ms]
2025-04-24 06:26:13.645 [info] > git for-each-ref --format=%(refname)%00%(upstream:short)%00%(objectname)%00%(upstream:track)%00%(upstream:remotename)%00%(upstream:remoteref) refs/heads/master refs/remotes/master [22ms]
2025-04-24 06:26:13.648 [warning] [Git][revParse] Unable to read file: ENOENT: no such file or directory, open '/home/abywu/moringa/SDF-PT10/Phase-1/DOM-editing/phase-0-the-dom-editing-lab/.git/refs/remotes/origin/master'
2025-04-24 06:26:13.650 [info] > git rev-parse refs/remotes/origin/master [2ms]
2025-04-24 06:26:13.658 [info] > git for-each-ref --sort -committerdate --format %(refname)%00%(objectname)%00%(*objectname) [2ms]
2025-04-24 06:26:13.665 [info] > git status -z -uall [12ms]
2025-04-24 06:26:18.689 [info] > git config --get commit.template [4ms]
2025-04-24 06:26:18.690 [info] > git for-each-ref --format=%(refname)%00%(upstream:short)%00%(objectname)%00%(upstream:track)%00%(upstream:remotename)%00%(upstream:remoteref) refs/heads/master refs/remotes/master [1ms]
2025-04-24 06:26:18.693 [warning] [Git][revParse] Unable to read file: ENOENT: no such file or directory, open '/home/abywu/moringa/SDF-PT10/Phase-1/DOM-editing/phase-0-the-dom-editing-lab/.git/refs/remotes/origin/master'
2025-04-24 06:26:18.694 [info] > git rev-parse refs/remotes/origin/master [1ms]
2025-04-24 06:26:18.700 [info] > git status -z -uall [3ms]
2025-04-24 06:26:18.702 [info] > git for-each-ref --sort -committerdate --format %(refname)%00%(objectname)%00%(*objectname) [1ms]
2025-04-24 06:26:23.717 [info] > git config --get commit.template [2ms]
2025-04-24 06:26:23.723 [info] > git for-each-ref --format=%(refname)%00%(upstream:short)%00%(objectname)%00%(upstream:track)%00%(upstream:remotename)%00%(upstream:remoteref) refs/heads/master refs/remotes/master [3ms]
2025-04-24 06:26:23.727 [warning] [Git][revParse] Unable to read file: ENOENT: no such file or directory, open '/home/abywu/moringa/SDF-PT10/Phase-1/DOM-editing/phase-0-the-dom-editing-lab/.git/refs/remotes/origin/master'
2025-04-24 06:26:23.728 [info] > git rev-parse refs/remotes/origin/master [1ms]
2025-04-24 06:26:23.734 [info] > git status -z -uall [3ms]
2025-04-24 06:26:23.736 [info] > git for-each-ref --sort -committerdate --format %(refname)%00%(objectname)%00%(*objectname) [2ms]
2025-04-24 06:26:28.764 [info] > git config --get commit.template [9ms]
2025-04-24 06:26:28.766 [info] > git for-each-ref --format=%(refname)%00%(upstream:short)%00%(objectname)%00%(upstream:track)%00%(upstream:remotename)%00%(upstream:remoteref) refs/heads/master refs/remotes/master [3ms]
2025-04-24 06:26:28.771 [warning] [Git][revParse] Unable to read file: ENOENT: no such file or directory, open '/home/abywu/moringa/SDF-PT10/Phase-1/DOM-editing/phase-0-the-dom-editing-lab/.git/refs/remotes/origin/master'
2025-04-24 06:26:28.773 [info] > git rev-parse refs/remotes/origin/master [2ms]
2025-04-24 06:26:28.786 [info] > git for-each-ref --sort -committerdate --format %(refname)%00%(objectname)%00%(*objectname) [2ms]
2025-04-24 06:26:28.787 [info] > git status -z -uall [8ms]
2025-04-24 06:26:33.802 [info] > git config --get commit.template [2ms]
2025-04-24 06:26:33.807 [info] > git for-each-ref --format=%(refname)%00%(upstream:short)%00%(objectname)%00%(upstream:track)%00%(upstream:remotename)%00%(upstream:remoteref) refs/heads/master refs/remotes/master [2ms]
2025-04-24 06:26:33.810 [warning] [Git][revParse] Unable to read file: ENOENT: no such file or directory, open '/home/abywu/moringa/SDF-PT10/Phase-1/DOM-editing/phase-0-the-dom-editing-lab/.git/refs/remotes/origin/master'
2025-04-24 06:26:33.811 [info] > git rev-parse refs/remotes/origin/master [1ms]
2025-04-24 06:26:33.817 [info] > git status -z -uall [3ms]
2025-04-24 06:26:33.819 [info] > git for-each-ref --sort -committerdate --format %(refname)%00%(objectname)%00%(*objectname) [2ms]
2025-04-24 06:29:06.486 [info] > git config --get commit.template [17ms]
2025-04-24 06:29:06.493 [info] > git for-each-ref --format=%(refname)%00%(upstream:short)%00%(objectname)%00%(upstream:track)%00%(upstream:remotename)%00%(upstream:remoteref) refs/heads/master refs/remotes/master [21ms]
2025-04-24 06:29:06.497 [warning] [Git][revParse] Unable to read file: ENOENT: no such file or directory, open '/home/abywu/moringa/SDF-PT10/Phase-1/DOM-editing/phase-0-the-dom-editing-lab/.git/refs/remotes/origin/master'
2025-04-24 06:29:06.499 [info] > git rev-parse refs/remotes/origin/master [2ms]
2025-04-24 06:29:06.508 [info] > git for-each-ref --sort -committerdate --format %(refname)%00%(objectname)%00%(*objectname) [3ms]
2025-04-24 06:29:06.513 [info] > git status -z -uall [11ms]
2025-04-24 06:29:11.533 [info] > git config --get commit.template [9ms]
2025-04-24 06:29:11.537 [info] > git for-each-ref --format=%(refname)%00%(upstream:short)%00%(objectname)%00%(upstream:track)%00%(upstream:remotename)%00%(upstream:remoteref) refs/heads/master refs/remotes/master [5ms]
2025-04-24 06:29:11.542 [warning] [Git][revParse] Unable to read file: ENOENT: no such file or directory, open '/home/abywu/moringa/SDF-PT10/Phase-1/DOM-editing/phase-0-the-dom-editing-lab/.git/refs/remotes/origin/master'
2025-04-24 06:29:11.548 [info] > git rev-parse refs/remotes/origin/master [7ms]
2025-04-24 06:29:11.557 [info] > git status -z -uall [5ms]
2025-04-24 06:29:11.558 [info] > git for-each-ref --sort -committerdate --format %(refname)%00%(objectname)%00%(*objectname) [2ms]
2025-04-24 06:29:16.590 [info] > git config --get commit.template [9ms]
2025-04-24 06:29:16.591 [info] > git for-each-ref --format=%(refname)%00%(upstream:short)%00%(objectname)%00%(upstream:track)%00%(upstream:remotename)%00%(upstream:remoteref) refs/heads/master refs/remotes/master [3ms]
2025-04-24 06:29:16.596 [warning] [Git][revParse] Unable to read file: ENOENT: no such file or directory, open '/home/abywu/moringa/SDF-PT10/Phase-1/DOM-editing/phase-0-the-dom-editing-lab/.git/refs/remotes/origin/master'
2025-04-24 06:29:16.598 [info] > git rev-parse refs/remotes/origin/master [2ms]
2025-04-24 06:29:16.606 [info] > git status -z -uall [5ms]
2025-04-24 06:29:16.607 [info] > git for-each-ref --sort -committerdate --format %(refname)%00%(objectname)%00%(*objectname) [2ms]
2025-04-24 06:29:21.623 [info] > git config --get commit.template [6ms]
2025-04-24 06:29:21.624 [info] > git for-each-ref --format=%(refname)%00%(upstream:short)%00%(objectname)%00%(upstream:track)%00%(upstream:remotename)%00%(upstream:remoteref) refs/heads/master refs/remotes/master [2ms]
2025-04-24 06:29:21.628 [warning] [Git][revParse] Unable to read file: ENOENT: no such file or directory, open '/home/abywu/moringa/SDF-PT10/Phase-1/DOM-editing/phase-0-the-dom-editing-lab/.git/refs/remotes/origin/master'
2025-04-24 06:29:21.630 [info] > git rev-parse refs/remotes/origin/master [2ms]
2025-04-24 06:29:21.639 [info] > git status -z -uall [5ms]
2025-04-24 06:29:21.641 [info] > git for-each-ref --sort -committerdate --format %(refname)%00%(objectname)%00%(*objectname) [3ms]
2025-04-24 06:29:26.651 [info] > git config --get commit.template [3ms]
2025-04-24 06:29:26.653 [info] > git for-each-ref --format=%(refname)%00%(upstream:short)%00%(objectname)%00%(upstream:track)%00%(upstream:remotename)%00%(upstream:remoteref) refs/heads/master refs/remotes/master [2ms]
2025-04-24 06:29:26.657 [warning] [Git][revParse] Unable to read file: ENOENT: no such file or directory, open '/home/abywu/moringa/SDF-PT10/Phase-1/DOM-editing/phase-0-the-dom-editing-lab/.git/refs/remotes/origin/master'
2025-04-24 06:29:26.659 [info] > git rev-parse refs/remotes/origin/master [2ms]
2025-04-24 06:29:26.671 [info] > git status -z -uall [8ms]
2025-04-24 06:29:26.672 [info] > git for-each-ref --sort -committerdate --format %(refname)%00%(objectname)%00%(*objectname) [4ms]
2025-04-24 06:29:31.690 [info] > git config --get commit.template [5ms]
2025-04-24 06:29:31.698 [info] > git for-each-ref --format=%(refname)%00%(upstream:short)%00%(objectname)%00%(upstream:track)%00%(upstream:remotename)%00%(upstream:remoteref) refs/heads/master refs/remotes/master [2ms]
2025-04-24 06:29:31.703 [warning] [Git][revParse] Unable to read file: ENOENT: no such file or directory, open '/home/abywu/moringa/SDF-PT10/Phase-1/DOM-editing/phase-0-the-dom-editing-lab/.git/refs/remotes/origin/master'
2025-04-24 06:29:31.705 [info] > git rev-parse refs/remotes/origin/master [2ms]
2025-04-24 06:29:31.716 [info] > git status -z -uall [7ms]
2025-04-24 06:29:31.718 [info] > git for-each-ref --sort -committerdate --format %(refname)%00%(objectname)%00%(*objectname) [4ms]
2025-04-24 06:29:36.730 [info] > git config --get commit.template [5ms]
2025-04-24 06:29:36.731 [info] > git for-each-ref --format=%(refname)%00%(upstream:short)%00%(objectname)%00%(upstream:track)%00%(upstream:remotename)%00%(upstream:remoteref) refs/heads/master refs/remotes/master [2ms]
2025-04-24 06:29:36.734 [warning] [Git][revParse] Unable to read file: ENOENT: no such file or directory, open '/home/abywu/moringa/SDF-PT10/Phase-1/DOM-editing/phase-0-the-dom-editing-lab/.git/refs/remotes/origin/master'
2025-04-24 06:29:36.738 [info] > git rev-parse refs/remotes/origin/master [3ms]
2025-04-24 06:29:36.746 [info] > git status -z -uall [5ms]
2025-04-24 06:29:36.747 [info] > git for-each-ref --sort -committerdate --format %(refname)%00%(objectname)%00%(*objectname) [3ms]
2025-04-24 06:29:41.761 [info] > git config --get commit.template [4ms]
2025-04-24 06:29:41.762 [info] > git for-each-ref --format=%(refname)%00%(upstream:short)%00%(objectname)%00%(upstream:track)%00%(upstream:remotename)%00%(upstream:remoteref) refs/heads/master refs/remotes/master [1ms]
2025-04-24 06:29:41.765 [warning] [Git][revParse] Unable to read file: ENOENT: no such file or directory, open '/home/abywu/moringa/SDF-PT10/Phase-1/DOM-editing/phase-0-the-dom-editing-lab/.git/refs/remotes/origin/master'
2025-04-24 06:29:41.767 [info] > git rev-parse refs/remotes/origin/master [2ms]
2025-04-24 06:29:41.773 [info] > git status -z -uall [4ms]
2025-04-24 06:29:41.775 [info] > git for-each-ref --sort -committerdate --format %(refname)%00%(objectname)%00%(*objectname) [2ms]
2025-04-24 06:29:50.617 [info] > git config --get commit.template [2ms]
2025-04-24 06:29:50.622 [info] > git for-each-ref --format=%(refname)%00%(upstream:short)%00%(objectname)%00%(upstream:track)%00%(upstream:remotename)%00%(upstream:remoteref) refs/heads/master refs/remotes/master [1ms]
2025-04-24 06:29:50.626 [warning] [Git][revParse] Unable to read file: ENOENT: no such file or directory, open '/home/abywu/moringa/SDF-PT10/Phase-1/DOM-editing/phase-0-the-dom-editing-lab/.git/refs/remotes/origin/master'
2025-04-24 06:29:50.627 [info] > git rev-parse refs/remotes/origin/master [2ms]
2025-04-24 06:29:50.634 [info] > git status -z -uall [4ms]
2025-04-24 06:29:50.635 [info] > git for-each-ref --sort -committerdate --format %(refname)%00%(objectname)%00%(*objectname) [2ms]
2025-04-24 06:29:55.647 [info] > git config --get commit.template [5ms]
2025-04-24 06:29:55.653 [info] > git for-each-ref --format=%(refname)%00%(upstream:short)%00%(objectname)%00%(upstream:track)%00%(upstream:remotename)%00%(upstream:remoteref) refs/heads/master refs/remotes/master [3ms]
2025-04-24 06:29:55.656 [warning] [Git][revParse] Unable to read file: ENOENT: no such file or directory, open '/home/abywu/moringa/SDF-PT10/Phase-1/DOM-editing/phase-0-the-dom-editing-lab/.git/refs/remotes/origin/master'
2025-04-24 06:29:55.657 [info] > git rev-parse refs/remotes/origin/master [1ms]
2025-04-24 06:29:55.664 [info] > git status -z -uall [4ms]
2025-04-24 06:29:55.665 [info] > git for-each-ref --sort -committerdate --format %(refname)%00%(objectname)%00%(*objectname) [2ms]
2025-04-24 06:30:00.688 [info] > git config --get commit.template [6ms]
2025-04-24 06:30:00.689 [info] > git for-each-ref --format=%(refname)%00%(upstream:short)%00%(objectname)%00%(upstream:track)%00%(upstream:remotename)%00%(upstream:remoteref) refs/heads/master refs/remotes/master [2ms]
2025-04-24 06:30:00.694 [warning] [Git][revParse] Unable to read file: ENOENT: no such file or directory, open '/home/abywu/moringa/SDF-PT10/Phase-1/DOM-editing/phase-0-the-dom-editing-lab/.git/refs/remotes/origin/master'
2025-04-24 06:30:00.695 [info] > git rev-parse refs/remotes/origin/master [2ms]
2025-04-24 06:30:00.702 [info] > git status -z -uall [3ms]
2025-04-24 06:30:00.703 [info] > git for-each-ref --sort -committerdate --format %(refname)%00%(objectname)%00%(*objectname) [2ms]
2025-04-24 06:30:05.717 [info] > git config --get commit.template [4ms]
2025-04-24 06:30:05.718 [info] > git for-each-ref --format=%(refname)%00%(upstream:short)%00%(objectname)%00%(upstream:track)%00%(upstream:remotename)%00%(upstream:remoteref) refs/heads/master refs/remotes/master [1ms]
2025-04-24 06:30:05.721 [warning] [Git][revParse] Unable to read file: ENOENT: no such file or directory, open '/home/abywu/moringa/SDF-PT10/Phase-1/DOM-editing/phase-0-the-dom-editing-lab/.git/refs/remotes/origin/master'
2025-04-24 06:30:05.723 [info] > git rev-parse refs/remotes/origin/master [2ms]
2025-04-24 06:30:05.729 [info] > git status -z -uall [4ms]
2025-04-24 06:30:05.731 [info] > git for-each-ref --sort -committerdate --format %(refname)%00%(objectname)%00%(*objectname) [3ms]
2025-04-24 06:30:15.736 [info] > git config --get commit.template [8ms]
2025-04-24 06:30:15.738 [info] > git for-each-ref --format=%(refname)%00%(upstream:short)%00%(objectname)%00%(upstream:track)%00%(upstream:remotename)%00%(upstream:remoteref) refs/heads/master refs/remotes/master [4ms]
2025-04-24 06:30:15.743 [warning] [Git][revParse] Unable to read file: ENOENT: no such file or directory, open '/home/abywu/moringa/SDF-PT10/Phase-1/DOM-editing/phase-0-the-dom-editing-lab/.git/refs/remotes/origin/master'
2025-04-24 06:30:15.746 [info] > git rev-parse refs/remotes/origin/master [3ms]
2025-04-24 06:30:15.760 [info] > git status -z -uall [9ms]
2025-04-24 06:30:15.762 [info] > git for-each-ref --sort -committerdate --format %(refname)%00%(objectname)%00%(*objectname) [5ms]
2025-04-24 06:30:20.794 [info] > git config --get commit.template [11ms]
2025-04-24 06:30:20.797 [info] > git for-each-ref --format=%(refname)%00%(upstream:short)%00%(objectname)%00%(upstream:track)%00%(upstream:remotename)%00%(upstream:remoteref) refs/heads/master refs/remotes/master [4ms]
2025-04-24 06:30:20.802 [warning] [Git][revParse] Unable to read file: ENOENT: no such file or directory, open '/home/abywu/moringa/SDF-PT10/Phase-1/DOM-editing/phase-0-the-dom-editing-lab/.git/refs/remotes/origin/master'
2025-04-24 06:30:20.804 [info] > git rev-parse refs/remotes/origin/master [2ms]
2025-04-24 06:30:20.812 [info] > git status -z -uall [5ms]
2025-04-24 06:30:20.814 [info] > git for-each-ref --sort -committerdate --format %(refname)%00%(objectname)%00%(*objectname) [2ms]
2025-04-24 06:30:29.069 [info] > git config --get commit.template [8ms]
2025-04-24 06:30:29.071 [info] > git for-each-ref --format=%(refname)%00%(upstream:short)%00%(objectname)%00%(upstream:track)%00%(upstream:remotename)%00%(upstream:remoteref) refs/heads/master refs/remotes/master [3ms]
2025-04-24 06:30:29.075 [warning] [Git][revParse] Unable to read file: ENOENT: no such file or directory, open '/home/abywu/moringa/SDF-PT10/Phase-1/DOM-editing/phase-0-the-dom-editing-lab/.git/refs/remotes/origin/master'
2025-04-24 06:30:29.076 [info] > git rev-parse refs/remotes/origin/master [1ms]
2025-04-24 06:30:29.085 [info] > git status -z -uall [5ms]
2025-04-24 06:30:29.086 [info] > git for-each-ref --sort -committerdate --format %(refname)%00%(objectname)%00%(*objectname) [3ms]
2025-04-24 06:30:34.098 [info] > git config --get commit.template [4ms]
2025-04-24 06:30:34.099 [info] > git for-each-ref --format=%(refname)%00%(upstream:short)%00%(objectname)%00%(upstream:track)%00%(upstream:remotename)%00%(upstream:remoteref) refs/heads/master refs/remotes/master [2ms]
2025-04-24 06:30:34.102 [warning] [Git][revParse] Unable to read file: ENOENT: no such file or directory, open '/home/abywu/moringa/SDF-PT10/Phase-1/DOM-editing/phase-0-the-dom-editing-lab/.git/refs/remotes/origin/master'
2025-04-24 06:30:34.103 [info] > git rev-parse refs/remotes/origin/master [1ms]
2025-04-24 06:30:34.109 [info] > git status -z -uall [3ms]
2025-04-24 06:30:34.111 [info] > git for-each-ref --sort -committerdate --format %(refname)%00%(objectname)%00%(*objectname) [2ms]
2025-04-24 06:30:39.499 [info] > git config --get commit.template [14ms]
2025-04-24 06:30:39.502 [info] > git for-each-ref --format=%(refname)%00%(upstream:short)%00%(objectname)%00%(upstream:track)%00%(upstream:remotename)%00%(upstream:remoteref) refs/heads/master refs/remotes/master [4ms]
2025-04-24 06:30:39.508 [warning] [Git][revParse] Unable to read file: ENOENT: no such file or directory, open '/home/abywu/moringa/SDF-PT10/Phase-1/DOM-editing/phase-0-the-dom-editing-lab/.git/refs/remotes/origin/master'
2025-04-24 06:30:39.510 [info] > git rev-parse refs/remotes/origin/master [1ms]
2025-04-24 06:30:39.518 [info] > git status -z -uall [4ms]
2025-04-24 06:30:39.519 [info] > git for-each-ref --sort -committerdate --format %(refname)%00%(objectname)%00%(*objectname) [2ms]
2025-04-24 06:30:44.538 [info] > git config --get commit.template [6ms]
2025-04-24 06:30:44.539 [info] > git for-each-ref --format=%(refname)%00%(upstream:short)%00%(objectname)%00%(upstream:track)%00%(upstream:remotename)%00%(upstream:remoteref) refs/heads/master refs/remotes/master [2ms]
2025-04-24 06:30:44.542 [warning] [Git][revParse] Unable to read file: ENOENT: no such file or directory, open '/home/abywu/moringa/SDF-PT10/Phase-1/DOM-editing/phase-0-the-dom-editing-lab/.git/refs/remotes/origin/master'
2025-04-24 06:30:44.544 [info] > git rev-parse refs/remotes/origin/master [2ms]
2025-04-24 06:30:44.550 [info] > git status -z -uall [4ms]
2025-04-24 06:30:44.551 [info] > git for-each-ref --sort -committerdate --format %(refname)%00%(objectname)%00%(*objectname) [2ms]
2025-04-24 06:30:49.579 [info] > git config --get commit.template [8ms]
2025-04-24 06:30:49.581 [info] > git for-each-ref --format=%(refname)%00%(upstream:short)%00%(objectname)%00%(upstream:track)%00%(upstream:remotename)%00%(upstream:remoteref) refs/heads/master refs/remotes/master [3ms]
2025-04-24 06:30:49.585 [warning] [Git][revParse] Unable to read file: ENOENT: no such file or directory, open '/home/abywu/moringa/SDF-PT10/Phase-1/DOM-editing/phase-0-the-dom-editing-lab/.git/refs/remotes/origin/master'
2025-04-24 06:30:49.587 [info] > git rev-parse refs/remotes/origin/master [2ms]
2025-04-24 06:30:49.595 [info] > git status -z -uall [4ms]
2025-04-24 06:30:49.596 [info] > git for-each-ref --sort -committerdate --format %(refname)%00%(objectname)%00%(*objectname) [2ms]
2025-04-24 06:30:54.614 [info] > git config --get commit.template [5ms]
2025-04-24 06:30:54.616 [info] > git for-each-ref --format=%(refname)%00%(upstream:short)%00%(objectname)%00%(upstream:track)%00%(upstream:remotename)%00%(upstream:remoteref) refs/heads/master refs/remotes/master [3ms]
2025-04-24 06:30:54.620 [warning] [Git][revParse] Unable to read file: ENOENT: no such file or directory, open '/home/abywu/moringa/SDF-PT10/Phase-1/DOM-editing/phase-0-the-dom-editing-lab/.git/refs/remotes/origin/master'
2025-04-24 06:30:54.625 [info] > git rev-parse refs/remotes/origin/master [5ms]
2025-04-24 06:30:54.633 [info] > git status -z -uall [5ms]
2025-04-24 06:30:54.634 [info] > git for-each-ref --sort -committerdate --format %(refname)%00%(objectname)%00%(*objectname) [2ms]
2025-04-24 06:30:59.645 [info] > git config --get commit.template [4ms]
2025-04-24 06:30:59.646 [info] > git for-each-ref --format=%(refname)%00%(upstream:short)%00%(objectname)%00%(upstream:track)%00%(upstream:remotename)%00%(upstream:remoteref) refs/heads/master refs/remotes/master [2ms]
2025-04-24 06:30:59.649 [warning] [Git][revParse] Unable to read file: ENOENT: no such file or directory, open '/home/abywu/moringa/SDF-PT10/Phase-1/DOM-editing/phase-0-the-dom-editing-lab/.git/refs/remotes/origin/master'
2025-04-24 06:30:59.652 [info] > git rev-parse refs/remotes/origin/master [3ms]
2025-04-24 06:30:59.658 [info] > git status -z -uall [3ms]
2025-04-24 06:30:59.660 [info] > git for-each-ref --sort -committerdate --format %(refname)%00%(objectname)%00%(*objectname) [3ms]
2025-04-24 06:31:04.677 [info] > git config --get commit.template [8ms]
2025-04-24 06:31:04.678 [info] > git for-each-ref --format=%(refname)%00%(upstream:short)%00%(objectname)%00%(upstream:track)%00%(upstream:remotename)%00%(upstream:remoteref) refs/heads/master refs/remotes/master [3ms]
2025-04-24 06:31:04.683 [warning] [Git][revParse] Unable to read file: ENOENT: no such file or directory, open '/home/abywu/moringa/SDF-PT10/Phase-1/DOM-editing/phase-0-the-dom-editing-lab/.git/refs/remotes/origin/master'
2025-04-24 06:31:04.684 [info] > git rev-parse refs/remotes/origin/master [1ms]
2025-04-24 06:31:04.692 [info] > git status -z -uall [4ms]
2025-04-24 06:31:04.694 [info] > git for-each-ref --sort -committerdate --format %(refname)%00%(objectname)%00%(*objectname) [2ms]
2025-04-24 06:31:09.711 [info] > git config --get commit.template [4ms]
2025-04-24 06:31:09.712 [info] > git for-each-ref --format=%(refname)%00%(upstream:short)%00%(objectname)%00%(upstream:track)%00%(upstream:remotename)%00%(upstream:remoteref) refs/heads/master refs/remotes/master [2ms]
2025-04-24 06:31:09.716 [warning] [Git][revParse] Unable to read file: ENOENT: no such file or directory, open '/home/abywu/moringa/SDF-PT10/Phase-1/DOM-editing/phase-0-the-dom-editing-lab/.git/refs/remotes/origin/master'
2025-04-24 06:31:09.717 [info] > git rev-parse refs/remotes/origin/master [2ms]
2025-04-24 06:31:09.724 [info] > git status -z -uall [3ms]
2025-04-24 06:31:09.725 [info] > git for-each-ref --sort -committerdate --format %(refname)%00%(objectname)%00%(*objectname) [2ms]
2025-04-24 06:31:14.743 [info] > git config --get commit.template [5ms]
2025-04-24 06:31:14.744 [info] > git for-each-ref --format=%(refname)%00%(upstream:short)%00%(objectname)%00%(upstream:track)%00%(upstream:remotename)%00%(upstream:remoteref) refs/heads/master refs/remotes/master [1ms]
2025-04-24 06:31:14.748 [warning] [Git][revParse] Unable to read file: ENOENT: no such file or directory, open '/home/abywu/moringa/SDF-PT10/Phase-1/DOM-editing/phase-0-the-dom-editing-lab/.git/refs/remotes/origin/master'
2025-04-24 06:31:14.749 [info] > git rev-parse refs/remotes/origin/master [2ms]
2025-04-24 06:31:14.756 [info] > git status -z -uall [4ms]
2025-04-24 06:31:14.757 [info] > git for-each-ref --sort -committerdate --format %(refname)%00%(objectname)%00%(*objectname) [2ms]
2025-04-24 06:36:37.286 [info] > git config --get commit.template [18ms]
2025-04-24 06:36:37.294 [info] > git for-each-ref --format=%(refname)%00%(upstream:short)%00%(objectname)%00%(upstream:track)%00%(upstream:remotename)%00%(upstream:remoteref) refs/heads/master refs/remotes/master [18ms]
2025-04-24 06:36:37.297 [warning] [Git][revParse] Unable to read file: ENOENT: no such file or directory, open '/home/abywu/moringa/SDF-PT10/Phase-1/DOM-editing/phase-0-the-dom-editing-lab/.git/refs/remotes/origin/master'
2025-04-24 06:36:37.299 [info] > git rev-parse refs/remotes/origin/master [2ms]
2025-04-24 06:36:37.312 [info] > git for-each-ref --sort -committerdate --format %(refname)%00%(objectname)%00%(*objectname) [3ms]
2025-04-24 06:36:37.316 [info] > git status -z -uall [13ms]
2025-04-24 06:36:51.289 [info] > git config --get commit.template [3ms]
2025-04-24 06:36:51.291 [info] > git for-each-ref --format=%(refname)%00%(upstream:short)%00%(objectname)%00%(upstream:track)%00%(upstream:remotename)%00%(upstream:remoteref) refs/heads/master refs/remotes/master [2ms]
2025-04-24 06:36:51.294 [warning] [Git][revParse] Unable to read file: ENOENT: no such file or directory, open '/home/abywu/moringa/SDF-PT10/Phase-1/DOM-editing/phase-0-the-dom-editing-lab/.git/refs/remotes/origin/master'
2025-04-24 06:36:51.295 [info] > git rev-parse refs/remotes/origin/master [1ms]
2025-04-24 06:36:51.302 [info] > git status -z -uall [4ms]
2025-04-24 06:36:51.304 [info] > git for-each-ref --sort -committerdate --format %(refname)%00%(objectname)%00%(*objectname) [2ms]
2025-04-24 06:36:56.312 [info] > git config --get commit.template [1ms]
2025-04-24 06:36:56.317 [info] > git for-each-ref --format=%(refname)%00%(upstream:short)%00%(objectname)%00%(upstream:track)%00%(upstream:remotename)%00%(upstream:remoteref) refs/heads/master refs/remotes/master [2ms]
2025-04-24 06:36:56.320 [warning] [Git][revParse] Unable to read file: ENOENT: no such file or directory, open '/home/abywu/moringa/SDF-PT10/Phase-1/DOM-editing/phase-0-the-dom-editing-lab/.git/refs/remotes/origin/master'
2025-04-24 06:36:56.321 [info] > git rev-parse refs/remotes/origin/master [2ms]
2025-04-24 06:36:56.327 [info] > git status -z -uall [4ms]
2025-04-24 06:36:56.328 [info] > git for-each-ref --sort -committerdate --format %(refname)%00%(objectname)%00%(*objectname) [2ms]
2025-04-24 06:37:16.189 [info] > git config --get commit.template [4ms]
2025-04-24 06:37:16.190 [info] > git for-each-ref --format=%(refname)%00%(upstream:short)%00%(objectname)%00%(upstream:track)%00%(upstream:remotename)%00%(upstream:remoteref) refs/heads/master refs/remotes/master [2ms]
2025-04-24 06:37:16.193 [warning] [Git][revParse] Unable to read file: ENOENT: no such file or directory, open '/home/abywu/moringa/SDF-PT10/Phase-1/DOM-editing/phase-0-the-dom-editing-lab/.git/refs/remotes/origin/master'
2025-04-24 06:37:16.194 [info] > git rev-parse refs/remotes/origin/master [1ms]
2025-04-24 06:37:16.200 [info] > git status -z -uall [3ms]
2025-04-24 06:37:16.201 [info] > git for-each-ref --sort -committerdate --format %(refname)%00%(objectname)%00%(*objectname) [1ms]
2025-04-24 06:37:21.224 [info] > git config --get commit.template [5ms]
2025-04-24 06:37:21.225 [info] > git for-each-ref --format=%(refname)%00%(upstream:short)%00%(objectname)%00%(upstream:track)%00%(upstream:remotename)%00%(upstream:remoteref) refs/heads/master refs/remotes/master [2ms]
2025-04-24 06:37:21.228 [warning] [Git][revParse] Unable to read file: ENOENT: no such file or directory, open '/home/abywu/moringa/SDF-PT10/Phase-1/DOM-editing/phase-0-the-dom-editing-lab/.git/refs/remotes/origin/master'
2025-04-24 06:37:21.229 [info] > git rev-parse refs/remotes/origin/master [2ms]
2025-04-24 06:37:21.234 [info] > git status -z -uall [3ms]
2025-04-24 06:37:21.236 [info] > git for-each-ref --sort -committerdate --format %(refname)%00%(objectname)%00%(*objectname) [2ms]
2025-04-24 06:37:33.393 [info] > git config --get commit.template [8ms]
2025-04-24 06:37:33.394 [info] > git for-each-ref --format=%(refname)%00%(upstream:short)%00%(objectname)%00%(upstream:track)%00%(upstream:remotename)%00%(upstream:remoteref) refs/heads/master refs/remotes/master [4ms]
2025-04-24 06:37:33.397 [warning] [Git][revParse] Unable to read file: ENOENT: no such file or directory, open '/home/abywu/moringa/SDF-PT10/Phase-1/DOM-editing/phase-0-the-dom-editing-lab/.git/refs/remotes/origin/master'
2025-04-24 06:37:33.398 [info] > git rev-parse refs/remotes/origin/master [1ms]
2025-04-24 06:37:33.407 [info] > git status -z -uall [6ms]
2025-04-24 06:37:33.409 [info] > git for-each-ref --sort -committerdate --format %(refname)%00%(objectname)%00%(*objectname) [2ms]
2025-04-24 06:37:38.437 [info] > git config --get commit.template [6ms]
2025-04-24 06:37:38.438 [info] > git for-each-ref --format=%(refname)%00%(upstream:short)%00%(objectname)%00%(upstream:track)%00%(upstream:remotename)%00%(upstream:remoteref) refs/heads/master refs/remotes/master [2ms]
2025-04-24 06:37:38.442 [warning] [Git][revParse] Unable to read file: ENOENT: no such file or directory, open '/home/abywu/moringa/SDF-PT10/Phase-1/DOM-editing/phase-0-the-dom-editing-lab/.git/refs/remotes/origin/master'
2025-04-24 06:37:38.444 [info] > git rev-parse refs/remotes/origin/master [2ms]
2025-04-24 06:37:38.451 [info] > git status -z -uall [4ms]
2025-04-24 06:37:38.452 [info] > git for-each-ref --sort -committerdate --format %(refname)%00%(objectname)%00%(*objectname) [2ms]
2025-04-24 06:38:05.248 [info] > git config --get commit.template [5ms]
2025-04-24 06:38:05.250 [info] > git for-each-ref --format=%(refname)%00%(upstream:short)%00%(objectname)%00%(upstream:track)%00%(upstream:remotename)%00%(upstream:remoteref) refs/heads/master refs/remotes/master [3ms]
2025-04-24 06:38:05.253 [warning] [Git][revParse] Unable to read file: ENOENT: no such file or directory, open '/home/abywu/moringa/SDF-PT10/Phase-1/DOM-editing/phase-0-the-dom-editing-lab/.git/refs/remotes/origin/master'
2025-04-24 06:38:05.255 [info] > git rev-parse refs/remotes/origin/master [2ms]
2025-04-24 06:38:05.263 [info] > git status -z -uall [4ms]
2025-04-24 06:38:05.264 [info] > git for-each-ref --sort -committerdate --format %(refname)%00%(objectname)%00%(*objectname) [2ms]
2025-04-24 06:38:10.283 [info] > git config --get commit.template [5ms]
2025-04-24 06:38:10.284 [info] > git for-each-ref --format=%(refname)%00%(upstream:short)%00%(objectname)%00%(upstream:track)%00%(upstream:remotename)%00%(upstream:remoteref) refs/heads/master refs/remotes/master [2ms]
2025-04-24 06:38:10.289 [warning] [Git][revParse] Unable to read file: ENOENT: no such file or directory, open '/home/abywu/moringa/SDF-PT10/Phase-1/DOM-editing/phase-0-the-dom-editing-lab/.git/refs/remotes/origin/master'
2025-04-24 06:38:10.291 [info] > git rev-parse refs/remotes/origin/master [2ms]
2025-04-24 06:38:10.298 [info] > git status -z -uall [4ms]
2025-04-24 06:38:10.299 [info] > git for-each-ref --sort -committerdate --format %(refname)%00%(objectname)%00%(*objectname) [2ms]
2025-04-24 06:39:11.219 [info] > git config --get commit.template [2ms]
2025-04-24 06:39:11.224 [info] > git for-each-ref --format=%(refname)%00%(upstream:short)%00%(objectname)%00%(upstream:track)%00%(upstream:remotename)%00%(upstream:remoteref) refs/heads/master refs/remotes/master [2ms]
2025-04-24 06:39:11.227 [warning] [Git][revParse] Unable to read file: ENOENT: no such file or directory, open '/home/abywu/moringa/SDF-PT10/Phase-1/DOM-editing/phase-0-the-dom-editing-lab/.git/refs/remotes/origin/master'
2025-04-24 06:39:11.228 [info] > git rev-parse refs/remotes/origin/master [1ms]
2025-04-24 06:39:11.234 [info] > git status -z -uall [4ms]
2025-04-24 06:39:11.235 [info] > git for-each-ref --sort -committerdate --format %(refname)%00%(objectname)%00%(*objectname) [2ms]
2025-04-24 06:39:16.472 [info] > git config --get commit.template [4ms]
2025-04-24 06:39:16.473 [info] > git for-each-ref --format=%(refname)%00%(upstream:short)%00%(objectname)%00%(upstream:track)%00%(upstream:remotename)%00%(upstream:remoteref) refs/heads/master refs/remotes/master [2ms]
2025-04-24 06:39:16.476 [warning] [Git][revParse] Unable to read file: ENOENT: no such file or directory, open '/home/abywu/moringa/SDF-PT10/Phase-1/DOM-editing/phase-0-the-dom-editing-lab/.git/refs/remotes/origin/master'
2025-04-24 06:39:16.477 [info] > git rev-parse refs/remotes/origin/master [1ms]
2025-04-24 06:39:16.483 [info] > git status -z -uall [4ms]
2025-04-24 06:39:16.484 [info] > git for-each-ref --sort -committerdate --format %(refname)%00%(objectname)%00%(*objectname) [2ms]
2025-04-24 06:44:50.865 [info] > git config --get commit.template [6ms]
2025-04-24 06:44:50.867 [info] > git for-each-ref --format=%(refname)%00%(upstream:short)%00%(objectname)%00%(upstream:track)%00%(upstream:remotename)%00%(upstream:remoteref) refs/heads/master refs/remotes/master [3ms]
2025-04-24 06:44:50.871 [warning] [Git][revParse] Unable to read file: ENOENT: no such file or directory, open '/home/abywu/moringa/SDF-PT10/Phase-1/DOM-editing/phase-0-the-dom-editing-lab/.git/refs/remotes/origin/master'
2025-04-24 06:44:50.873 [info] > git rev-parse refs/remotes/origin/master [2ms]
2025-04-24 06:44:50.881 [info] > git status -z -uall [4ms]
2025-04-24 06:44:50.882 [info] > git for-each-ref --sort -committerdate --format %(refname)%00%(objectname)%00%(*objectname) [2ms]
2025-04-24 06:45:17.738 [info] > git config --get commit.template [5ms]
2025-04-24 06:45:17.739 [info] > git for-each-ref --format=%(refname)%00%(upstream:short)%00%(objectname)%00%(upstream:track)%00%(upstream:remotename)%00%(upstream:remoteref) refs/heads/master refs/remotes/master [2ms]
2025-04-24 06:45:17.742 [warning] [Git][revParse] Unable to read file: ENOENT: no such file or directory, open '/home/abywu/moringa/SDF-PT10/Phase-1/DOM-editing/phase-0-the-dom-editing-lab/.git/refs/remotes/origin/master'
2025-04-24 06:45:17.744 [info] > git rev-parse refs/remotes/origin/master [2ms]
2025-04-24 06:45:17.752 [info] > git status -z -uall [5ms]
2025-04-24 06:45:17.753 [info] > git for-each-ref --sort -committerdate --format %(refname)%00%(objectname)%00%(*objectname) [3ms]
2025-04-24 06:45:22.777 [info] > git config --get commit.template [6ms]
2025-04-24 06:45:22.779 [info] > git for-each-ref --format=%(refname)%00%(upstream:short)%00%(objectname)%00%(upstream:track)%00%(upstream:remotename)%00%(upstream:remoteref) refs/heads/master refs/remotes/master [3ms]
2025-04-24 06:45:22.782 [warning] [Git][revParse] Unable to read file: ENOENT: no such file or directory, open '/home/abywu/moringa/SDF-PT10/Phase-1/DOM-editing/phase-0-the-dom-editing-lab/.git/refs/remotes/origin/master'
2025-04-24 06:45:22.784 [info] > git rev-parse refs/remotes/origin/master [2ms]
2025-04-24 06:45:22.790 [info] > git status -z -uall [3ms]
2025-04-24 06:45:22.792 [info] > git for-each-ref --sort -committerdate --format %(refname)%00%(objectname)%00%(*objectname) [3ms]
2025-04-24 06:49:34.613 [info] > git config --get commit.template [6ms]
2025-04-24 06:49:34.614 [info] > git for-each-ref --format=%(refname)%00%(upstream:short)%00%(objectname)%00%(upstream:track)%00%(upstream:remotename)%00%(upstream:remoteref) refs/heads/master refs/remotes/master [2ms]
2025-04-24 06:49:34.619 [warning] [Git][revParse] Unable to read file: ENOENT: no such file or directory, open '/home/abywu/moringa/SDF-PT10/Phase-1/DOM-editing/phase-0-the-dom-editing-lab/.git/refs/remotes/origin/master'
2025-04-24 06:49:34.620 [info] > git rev-parse refs/remotes/origin/master [1ms]
2025-04-24 06:49:34.628 [info] > git status -z -uall [5ms]
2025-04-24 06:49:34.630 [info] > git for-each-ref --sort -committerdate --format %(refname)%00%(objectname)%00%(*objectname) [3ms]
2025-04-24 06:49:50.586 [info] > git config --get commit.template [2ms]
2025-04-24 06:49:50.591 [info] > git for-each-ref --format=%(refname)%00%(upstream:short)%00%(objectname)%00%(upstream:track)%00%(upstream:remotename)%00%(upstream:remoteref) refs/heads/master refs/remotes/master [2ms]
2025-04-24 06:49:50.595 [warning] [Git][revParse] Unable to read file: ENOENT: no such file or directory, open '/home/abywu/moringa/SDF-PT10/Phase-1/DOM-editing/phase-0-the-dom-editing-lab/.git/refs/remotes/origin/master'
2025-04-24 06:49:50.597 [info] > git rev-parse refs/remotes/origin/master [2ms]
2025-04-24 06:49:50.604 [info] > git status -z -uall [4ms]
2025-04-24 06:49:50.605 [info] > git for-each-ref --sort -committerdate --format %(refname)%00%(objectname)%00%(*objectname) [2ms]
2025-04-24 06:49:50.967 [info] > git show --textconv HEAD:index.html [6ms]
2025-04-24 06:49:50.968 [info] > git ls-tree -l HEAD -- index.html [2ms]
2025-04-24 06:49:51.668 [info] > git config --get commit.template [5ms]
2025-04-24 06:49:51.670 [info] > git for-each-ref --format=%(refname)%00%(upstream:short)%00%(objectname)%00%(upstream:track)%00%(upstream:remotename)%00%(upstream:remoteref) refs/heads/master refs/remotes/master [2ms]
2025-04-24 06:49:51.673 [warning] [Git][revParse] Unable to read file: ENOENT: no such file or directory, open '/home/abywu/moringa/SDF-PT10/Phase-1/DOM-editing/phase-0-the-dom-editing-lab/.git/refs/remotes/origin/master'
2025-04-24 06:49:51.674 [info] > git rev-parse refs/remotes/origin/master [1ms]
2025-04-24 06:49:51.682 [info] > git status -z -uall [4ms]
2025-04-24 06:49:51.685 [info] > git for-each-ref --sort -committerdate --format %(refname)%00%(objectname)%00%(*objectname) [4ms]
2025-04-24 06:49:51.772 [info] > git ls-files --stage -- index.html [6ms]
2025-04-24 06:49:51.775 [info] > git ls-tree -l HEAD -- index.html [4ms]
2025-04-24 06:49:51.776 [info] > git cat-file -s 20f2b73bdea08060d5bcedd2d1bdf33604f569bb [1ms]
2025-04-24 06:49:51.787 [info] > git show --textconv HEAD:index.html [4ms]
2025-04-24 06:49:51.787 [info] > git show --textconv :index.html [1ms]
2025-04-24 06:50:15.586 [info] > git config --get commit.template [3ms]
2025-04-24 06:50:15.588 [info] > git for-each-ref --format=%(refname)%00%(upstream:short)%00%(objectname)%00%(upstream:track)%00%(upstream:remotename)%00%(upstream:remoteref) refs/heads/master refs/remotes/master [3ms]
2025-04-24 06:50:15.591 [warning] [Git][revParse] Unable to read file: ENOENT: no such file or directory, open '/home/abywu/moringa/SDF-PT10/Phase-1/DOM-editing/phase-0-the-dom-editing-lab/.git/refs/remotes/origin/master'
2025-04-24 06:50:15.592 [info] > git rev-parse refs/remotes/origin/master [1ms]
2025-04-24 06:50:15.600 [info] > git status -z -uall [5ms]
2025-04-24 06:50:15.602 [info] > git for-each-ref --sort -committerdate --format %(refname)%00%(objectname)%00%(*objectname) [2ms]
2025-04-24 06:50:15.617 [info] > git blame --root --incremental c4d390ad1fde2608704fa540add9f60b6b7029d4 -- index.html [8ms]
2025-04-24 06:50:15.619 [info] > git merge-base refs/heads/master refs/remotes/origin/master [5ms]
2025-04-24 06:50:15.624 [info] > git diff --name-status -z --diff-filter=ADMR 360bb11ff27c2751e6a5b8a3979d4efe28e745da...refs/remotes/origin/master [2ms]
2025-04-24 06:50:16.624 [info] > git config --get commit.template [2ms]
2025-04-24 06:50:16.629 [info] > git for-each-ref --format=%(refname)%00%(upstream:short)%00%(objectname)%00%(upstream:track)%00%(upstream:remotename)%00%(upstream:remoteref) refs/heads/master refs/remotes/master [2ms]
2025-04-24 06:50:16.631 [warning] [Git][revParse] Unable to read file: ENOENT: no such file or directory, open '/home/abywu/moringa/SDF-PT10/Phase-1/DOM-editing/phase-0-the-dom-editing-lab/.git/refs/remotes/origin/master'
2025-04-24 06:50:16.632 [info] > git rev-parse refs/remotes/origin/master [1ms]
2025-04-24 06:50:16.639 [info] > git status -z -uall [4ms]
2025-04-24 06:50:16.641 [info] > git for-each-ref --sort -committerdate --format %(refname)%00%(objectname)%00%(*objectname) [2ms]
2025-04-24 06:50:16.729 [info] > git ls-files --stage -- index.html [2ms]
2025-04-24 06:50:16.735 [info] > git cat-file -s 20f2b73bdea08060d5bcedd2d1bdf33604f569bb [2ms]
2025-04-24 06:50:16.746 [info] > git show --textconv :index.html [3ms]
2025-04-24 06:50:25.603 [info] > git config --get commit.template [5ms]
2025-04-24 06:50:25.605 [info] > git for-each-ref --format=%(refname)%00%(upstream:short)%00%(objectname)%00%(upstream:track)%00%(upstream:remotename)%00%(upstream:remoteref) refs/heads/master refs/remotes/master [2ms]
2025-04-24 06:50:25.612 [info] > git status -z -uall [3ms]
2025-04-24 06:50:25.614 [info] > git for-each-ref --sort -committerdate --format %(refname)%00%(objectname)%00%(*objectname) [2ms]
2025-04-24 06:50:25.626 [info] > git merge-base refs/heads/master refs/remotes/origin/master [2ms]
2025-04-24 06:50:25.632 [info] > git diff --name-status -z --diff-filter=ADMR c4d390ad1fde2608704fa540add9f60b6b7029d4...refs/remotes/origin/master [3ms]
2025-04-24 06:50:26.707 [info] > git config --get commit.template [9ms]
2025-04-24 06:50:26.709 [info] > git for-each-ref --format=%(refname)%00%(upstream:short)%00%(objectname)%00%(upstream:track)%00%(upstream:remotename)%00%(upstream:remoteref) refs/heads/master refs/remotes/master [3ms]
2025-04-24 06:50:26.722 [info] > git status -z -uall [4ms]
2025-04-24 06:50:26.724 [info] > git for-each-ref --sort -committerdate --format %(refname)%00%(objectname)%00%(*objectname) [3ms]
2025-04-24 06:50:26.800 [info] > git ls-files --stage -- index.html [2ms]
2025-04-24 06:50:26.805 [info] > git cat-file -s 20f2b73bdea08060d5bcedd2d1bdf33604f569bb [2ms]
2025-04-24 06:50:26.816 [info] > git show --textconv :index.html [2ms]
2025-04-24 06:52:40.938 [info] > git config --get commit.template [13ms]
2025-04-24 06:52:40.938 [info] > git for-each-ref --format=%(refname)%00%(upstream:short)%00%(objectname)%00%(upstream:track)%00%(upstream:remotename)%00%(upstream:remoteref) refs/heads/master refs/remotes/master [6ms]
2025-04-24 06:52:40.938 [info] > git ls-files --stage -- index.html [1ms]
2025-04-24 06:52:40.951 [info] > git status -z -uall [5ms]
2025-04-24 06:52:40.951 [info] > git cat-file -s 20f2b73bdea08060d5bcedd2d1bdf33604f569bb [10ms]
2025-04-24 06:52:40.952 [info] > git for-each-ref --sort -committerdate --format %(refname)%00%(objectname)%00%(*objectname) [3ms]
2025-04-24 06:52:40.960 [info] > git show --textconv :index.html [3ms]
