2025-04-21 10:59:52.331 [info] [main] Log level: Info
2025-04-21 10:59:52.331 [info] [main] Validating found git in: "git"
2025-04-21 10:59:52.331 [info] [main] Using git "2.48.1" from "git"
2025-04-21 10:59:52.331 [info] [Model][doInitialScan] Initial repository scan started
2025-04-21 10:59:52.331 [info] > git rev-parse --show-toplevel [125ms]
2025-04-21 10:59:52.331 [info] > git rev-parse --git-dir --git-common-dir [10ms]
2025-04-21 10:59:52.331 [info] [Model][openRepository] Opened repository: /home/abywu/moringa/SDF-PT10/Phase-1/project/Abiud-Makokha-rps-project
2025-04-21 10:59:52.347 [info] > git config --get commit.template [9ms]
2025-04-21 10:59:52.349 [info] > git rev-parse --show-toplevel [6ms]
2025-04-21 10:59:52.357 [info] [Model][doInitialScan] Initial repository scan completed - repositories (1), closed repositories (0), parent repositories (0), unsafe repositories (0)
2025-04-21 10:59:52.387 [info] > git for-each-ref --format=%(refname)%00%(upstream:short)%00%(objectname)%00%(upstream:track)%00%(upstream:remotename)%00%(upstream:remoteref) refs/heads/gh-pages refs/remotes/gh-pages [10ms]
2025-04-21 10:59:52.407 [info] > git for-each-ref --sort -committerdate --format %(refname)%00%(objectname)%00%(*objectname) [7ms]
2025-04-21 10:59:52.410 [info] > git status -z -uall [18ms]
2025-04-21 10:59:52.487 [info] > git for-each-ref --format=%(refname)%00%(upstream:short)%00%(objectname)%00%(upstream:track)%00%(upstream:remotename)%00%(upstream:remoteref) refs/heads/gh-pages refs/remotes/gh-pages [28ms]
2025-04-21 10:59:52.498 [info] > git config --get --local branch.gh-pages.vscode-merge-base [6ms]
2025-04-21 10:59:52.503 [info] > git config --get commit.template [16ms]
2025-04-21 10:59:52.510 [info] > git for-each-ref --format=%(refname)%00%(upstream:short)%00%(objectname)%00%(upstream:track)%00%(upstream:remotename)%00%(upstream:remoteref) refs/heads/origin/main refs/remotes/origin/main [7ms]
2025-04-21 10:59:52.526 [info] > git for-each-ref --format=%(refname)%00%(upstream:short)%00%(objectname)%00%(upstream:track)%00%(upstream:remotename)%00%(upstream:remoteref) refs/heads/gh-pages refs/remotes/gh-pages [19ms]
2025-04-21 10:59:52.544 [info] > git status -z -uall [14ms]
2025-04-21 10:59:52.850 [info] > git for-each-ref --sort -committerdate --format %(refname)%00%(objectname)%00%(*objectname) [312ms]
2025-04-21 10:59:52.902 [info] > git show --textconv :script.js [14ms]
2025-04-21 10:59:52.902 [info] > git check-ignore -v -z --stdin [3ms]
2025-04-21 10:59:52.904 [info] > git ls-files --stage -- script.js [11ms]
2025-04-21 10:59:52.911 [info] > git cat-file -s 256329711d29341d7e6cc5ee214c3d5fd53896d2 [3ms]
2025-04-21 10:59:52.989 [info] > git blame --root --incremental d06779fede50a9463e45abc84cb810bd2ca03e5d -- script.js [3ms]
2025-04-21 11:05:30.791 [info] > git config --get commit.template [5ms]
2025-04-21 11:05:30.792 [info] > git for-each-ref --format=%(refname)%00%(upstream:short)%00%(objectname)%00%(upstream:track)%00%(upstream:remotename)%00%(upstream:remoteref) refs/heads/gh-pages refs/remotes/gh-pages [3ms]
2025-04-21 11:05:30.798 [info] > git status -z -uall [4ms]
2025-04-21 11:05:30.800 [info] > git for-each-ref --sort -committerdate --format %(refname)%00%(objectname)%00%(*objectname) [2ms]
2025-04-21 11:05:33.457 [info] > git show --textconv :index.html [3ms]
2025-04-21 11:05:33.458 [info] > git ls-files --stage -- index.html [2ms]
2025-04-21 11:05:33.465 [info] > git cat-file -s 4a3e529c985d8d633e9e960134dab7eb5a77ed72 [4ms]
2025-04-21 11:05:33.528 [info] > git blame --root --incremental d06779fede50a9463e45abc84cb810bd2ca03e5d -- index.html [2ms]
2025-04-21 11:05:53.376 [info] > git config --get commit.template [5ms]
2025-04-21 11:05:53.376 [info] > git for-each-ref --format=%(refname)%00%(upstream:short)%00%(objectname)%00%(upstream:track)%00%(upstream:remotename)%00%(upstream:remoteref) refs/heads/gh-pages refs/remotes/gh-pages [1ms]
2025-04-21 11:05:53.383 [info] > git status -z -uall [4ms]
2025-04-21 11:05:53.384 [info] > git for-each-ref --sort -committerdate --format %(refname)%00%(objectname)%00%(*objectname) [2ms]
2025-04-21 11:06:41.569 [info] > git show --textconv :style.css [5ms]
2025-04-21 11:06:41.571 [info] > git ls-files --stage -- style.css [3ms]
2025-04-21 11:06:41.575 [info] > git cat-file -s 66a2b124e01e4102189406687b49e9851e2904cd [1ms]
2025-04-21 11:06:41.591 [info] > git blame --root --incremental d06779fede50a9463e45abc84cb810bd2ca03e5d -- style.css [2ms]
2025-04-21 11:07:54.193 [info] > git config --get commit.template [6ms]
2025-04-21 11:07:54.194 [info] > git for-each-ref --format=%(refname)%00%(upstream:short)%00%(objectname)%00%(upstream:track)%00%(upstream:remotename)%00%(upstream:remoteref) refs/heads/gh-pages refs/remotes/gh-pages [2ms]
2025-04-21 11:07:54.205 [info] > git status -z -uall [6ms]
2025-04-21 11:07:54.208 [info] > git for-each-ref --sort -committerdate --format %(refname)%00%(objectname)%00%(*objectname) [4ms]
2025-04-21 11:11:27.709 [info] > git ls-files --stage -- index.html [11ms]
2025-04-21 11:11:27.715 [info] > git show --textconv :index.html [21ms]
2025-04-21 11:11:27.716 [info] > git cat-file -s 4a3e529c985d8d633e9e960134dab7eb5a77ed72 [1ms]
2025-04-21 11:11:32.696 [info] > git config --get commit.template [6ms]
2025-04-21 11:11:32.700 [info] > git for-each-ref --format=%(refname)%00%(upstream:short)%00%(objectname)%00%(upstream:track)%00%(upstream:remotename)%00%(upstream:remoteref) refs/heads/gh-pages refs/remotes/gh-pages [8ms]
2025-04-21 11:11:32.709 [info] > git status -z -uall [6ms]
2025-04-21 11:11:32.710 [info] > git for-each-ref --sort -committerdate --format %(refname)%00%(objectname)%00%(*objectname) [4ms]
2025-04-21 11:11:37.751 [info] > git show --textconv :script.js [4ms]
2025-04-21 11:11:37.752 [info] > git ls-files --stage -- script.js [2ms]
2025-04-21 11:11:37.758 [info] > git cat-file -s 256329711d29341d7e6cc5ee214c3d5fd53896d2 [2ms]
2025-04-21 11:11:56.443 [info] > git config --get commit.template [3ms]
2025-04-21 11:11:56.443 [info] > git for-each-ref --format=%(refname)%00%(upstream:short)%00%(objectname)%00%(upstream:track)%00%(upstream:remotename)%00%(upstream:remoteref) refs/heads/gh-pages refs/remotes/gh-pages [1ms]
2025-04-21 11:11:56.449 [info] > git status -z -uall [3ms]
2025-04-21 11:11:56.450 [info] > git for-each-ref --sort -committerdate --format %(refname)%00%(objectname)%00%(*objectname) [2ms]
2025-04-21 11:14:21.865 [info] > git config --get commit.template [9ms]
2025-04-21 11:14:21.866 [info] > git for-each-ref --format=%(refname)%00%(upstream:short)%00%(objectname)%00%(upstream:track)%00%(upstream:remotename)%00%(upstream:remoteref) refs/heads/gh-pages refs/remotes/gh-pages [4ms]
2025-04-21 11:14:21.875 [info] > git status -z -uall [5ms]
2025-04-21 11:14:21.877 [info] > git for-each-ref --sort -committerdate --format %(refname)%00%(objectname)%00%(*objectname) [3ms]
2025-04-21 11:15:15.636 [info] > git show --textconv :index.html [9ms]
2025-04-21 11:15:15.638 [info] > git ls-files --stage -- index.html [4ms]
2025-04-21 11:15:15.647 [info] > git cat-file -s 4a3e529c985d8d633e9e960134dab7eb5a77ed72 [3ms]
2025-04-21 11:15:20.032 [info] > git config --get commit.template [5ms]
2025-04-21 11:15:20.033 [info] > git for-each-ref --format=%(refname)%00%(upstream:short)%00%(objectname)%00%(upstream:track)%00%(upstream:remotename)%00%(upstream:remoteref) refs/heads/gh-pages refs/remotes/gh-pages [2ms]
2025-04-21 11:15:20.040 [info] > git status -z -uall [4ms]
2025-04-21 11:15:20.041 [info] > git for-each-ref --sort -committerdate --format %(refname)%00%(objectname)%00%(*objectname) [2ms]
2025-04-21 11:15:47.364 [info] > git show --textconv :style.css [9ms]
2025-04-21 11:15:47.365 [info] > git ls-files --stage -- style.css [3ms]
2025-04-21 11:15:47.371 [info] > git cat-file -s 66a2b124e01e4102189406687b49e9851e2904cd [2ms]
2025-04-21 11:15:51.734 [info] > git config --get commit.template [14ms]
2025-04-21 11:15:51.734 [info] > git for-each-ref --format=%(refname)%00%(upstream:short)%00%(objectname)%00%(upstream:track)%00%(upstream:remotename)%00%(upstream:remoteref) refs/heads/gh-pages refs/remotes/gh-pages [3ms]
2025-04-21 11:15:51.746 [info] > git status -z -uall [6ms]
2025-04-21 11:15:51.750 [info] > git for-each-ref --sort -committerdate --format %(refname)%00%(objectname)%00%(*objectname) [5ms]
2025-04-21 11:15:56.780 [info] > git config --get commit.template [8ms]
2025-04-21 11:15:56.782 [info] > git for-each-ref --format=%(refname)%00%(upstream:short)%00%(objectname)%00%(upstream:track)%00%(upstream:remotename)%00%(upstream:remoteref) refs/heads/gh-pages refs/remotes/gh-pages [3ms]
2025-04-21 11:15:56.790 [info] > git status -z -uall [5ms]
2025-04-21 11:15:56.792 [info] > git for-each-ref --sort -committerdate --format %(refname)%00%(objectname)%00%(*objectname) [2ms]
2025-04-21 11:16:21.357 [info] > git show --textconv :script.js [9ms]
2025-04-21 11:16:21.361 [info] > git ls-files --stage -- script.js [5ms]
2025-04-21 11:16:21.370 [info] > git cat-file -s 256329711d29341d7e6cc5ee214c3d5fd53896d2 [2ms]
2025-04-21 11:16:26.616 [info] > git config --get commit.template [9ms]
2025-04-21 11:16:26.617 [info] > git for-each-ref --format=%(refname)%00%(upstream:short)%00%(objectname)%00%(upstream:track)%00%(upstream:remotename)%00%(upstream:remoteref) refs/heads/gh-pages refs/remotes/gh-pages [2ms]
2025-04-21 11:16:26.626 [info] > git status -z -uall [5ms]
2025-04-21 11:16:26.628 [info] > git for-each-ref --sort -committerdate --format %(refname)%00%(objectname)%00%(*objectname) [3ms]
2025-04-21 11:18:02.655 [info] > git config --get commit.template [8ms]
2025-04-21 11:18:02.656 [info] > git for-each-ref --format=%(refname)%00%(upstream:short)%00%(objectname)%00%(upstream:track)%00%(upstream:remotename)%00%(upstream:remoteref) refs/heads/gh-pages refs/remotes/gh-pages [2ms]
2025-04-21 11:18:02.664 [info] > git status -z -uall [4ms]
2025-04-21 11:18:02.667 [info] > git for-each-ref --sort -committerdate --format %(refname)%00%(objectname)%00%(*objectname) [3ms]
2025-04-21 11:21:06.853 [info] > git config --get commit.template [38ms]
2025-04-21 11:21:06.861 [info] > git for-each-ref --format=%(refname)%00%(upstream:short)%00%(objectname)%00%(upstream:track)%00%(upstream:remotename)%00%(upstream:remoteref) refs/heads/gh-pages refs/remotes/gh-pages [33ms]
2025-04-21 11:21:06.884 [info] > git status -z -uall [12ms]
2025-04-21 11:21:06.884 [info] > git for-each-ref --sort -committerdate --format %(refname)%00%(objectname)%00%(*objectname) [6ms]
2025-04-21 11:24:03.531 [info] > git show --textconv :style.css [5ms]
2025-04-21 11:24:03.533 [info] > git ls-files --stage -- style.css [3ms]
2025-04-21 11:24:03.537 [info] > git cat-file -s 66a2b124e01e4102189406687b49e9851e2904cd [1ms]
2025-04-21 11:24:48.916 [info] > git config --get commit.template [4ms]
2025-04-21 11:24:48.917 [info] > git for-each-ref --format=%(refname)%00%(upstream:short)%00%(objectname)%00%(upstream:track)%00%(upstream:remotename)%00%(upstream:remoteref) refs/heads/gh-pages refs/remotes/gh-pages [2ms]
2025-04-21 11:24:48.924 [info] > git status -z -uall [4ms]
2025-04-21 11:24:48.926 [info] > git for-each-ref --sort -committerdate --format %(refname)%00%(objectname)%00%(*objectname) [2ms]
2025-04-21 11:24:53.947 [info] > git config --get commit.template [5ms]
2025-04-21 11:24:53.948 [info] > git for-each-ref --format=%(refname)%00%(upstream:short)%00%(objectname)%00%(upstream:track)%00%(upstream:remotename)%00%(upstream:remoteref) refs/heads/gh-pages refs/remotes/gh-pages [2ms]
2025-04-21 11:24:53.954 [info] > git status -z -uall [3ms]
2025-04-21 11:24:53.956 [info] > git for-each-ref --sort -committerdate --format %(refname)%00%(objectname)%00%(*objectname) [2ms]
2025-04-21 11:24:58.976 [info] > git config --get commit.template [4ms]
2025-04-21 11:24:58.977 [info] > git for-each-ref --format=%(refname)%00%(upstream:short)%00%(objectname)%00%(upstream:track)%00%(upstream:remotename)%00%(upstream:remoteref) refs/heads/gh-pages refs/remotes/gh-pages [2ms]
2025-04-21 11:24:58.985 [info] > git status -z -uall [5ms]
2025-04-21 11:24:58.986 [info] > git for-each-ref --sort -committerdate --format %(refname)%00%(objectname)%00%(*objectname) [3ms]
2025-04-21 11:25:03.998 [info] > git config --get commit.template [4ms]
2025-04-21 11:25:03.999 [info] > git for-each-ref --format=%(refname)%00%(upstream:short)%00%(objectname)%00%(upstream:track)%00%(upstream:remotename)%00%(upstream:remoteref) refs/heads/gh-pages refs/remotes/gh-pages [1ms]
2025-04-21 11:25:04.006 [info] > git status -z -uall [4ms]
2025-04-21 11:25:04.007 [info] > git for-each-ref --sort -committerdate --format %(refname)%00%(objectname)%00%(*objectname) [2ms]
2025-04-21 11:25:09.035 [info] > git config --get commit.template [9ms]
2025-04-21 11:25:09.036 [info] > git for-each-ref --format=%(refname)%00%(upstream:short)%00%(objectname)%00%(upstream:track)%00%(upstream:remotename)%00%(upstream:remoteref) refs/heads/gh-pages refs/remotes/gh-pages [2ms]
2025-04-21 11:25:09.047 [info] > git status -z -uall [6ms]
2025-04-21 11:25:09.048 [info] > git for-each-ref --sort -committerdate --format %(refname)%00%(objectname)%00%(*objectname) [3ms]
2025-04-21 11:25:20.964 [info] > git config --get commit.template [4ms]
2025-04-21 11:25:20.965 [info] > git for-each-ref --format=%(refname)%00%(upstream:short)%00%(objectname)%00%(upstream:track)%00%(upstream:remotename)%00%(upstream:remoteref) refs/heads/gh-pages refs/remotes/gh-pages [2ms]
2025-04-21 11:25:20.971 [info] > git status -z -uall [4ms]
2025-04-21 11:25:20.972 [info] > git for-each-ref --sort -committerdate --format %(refname)%00%(objectname)%00%(*objectname) [2ms]
2025-04-21 11:25:26.007 [info] > git config --get commit.template [5ms]
2025-04-21 11:25:26.008 [info] > git for-each-ref --format=%(refname)%00%(upstream:short)%00%(objectname)%00%(upstream:track)%00%(upstream:remotename)%00%(upstream:remoteref) refs/heads/gh-pages refs/remotes/gh-pages [2ms]
2025-04-21 11:25:26.015 [info] > git status -z -uall [4ms]
2025-04-21 11:25:26.016 [info] > git for-each-ref --sort -committerdate --format %(refname)%00%(objectname)%00%(*objectname) [3ms]
2025-04-21 11:25:31.031 [info] > git config --get commit.template [4ms]
2025-04-21 11:25:31.032 [info] > git for-each-ref --format=%(refname)%00%(upstream:short)%00%(objectname)%00%(upstream:track)%00%(upstream:remotename)%00%(upstream:remoteref) refs/heads/gh-pages refs/remotes/gh-pages [2ms]
2025-04-21 11:25:31.040 [info] > git status -z -uall [6ms]
2025-04-21 11:25:31.041 [info] > git for-each-ref --sort -committerdate --format %(refname)%00%(objectname)%00%(*objectname) [3ms]
2025-04-21 11:28:47.382 [info] > git config --get commit.template [4ms]
2025-04-21 11:28:47.383 [info] > git for-each-ref --format=%(refname)%00%(upstream:short)%00%(objectname)%00%(upstream:track)%00%(upstream:remotename)%00%(upstream:remoteref) refs/heads/gh-pages refs/remotes/gh-pages [1ms]
2025-04-21 11:28:47.391 [info] > git status -z -uall [5ms]
2025-04-21 11:28:47.392 [info] > git for-each-ref --sort -committerdate --format %(refname)%00%(objectname)%00%(*objectname) [2ms]
2025-04-21 11:28:52.410 [info] > git config --get commit.template [5ms]
2025-04-21 11:28:52.411 [info] > git for-each-ref --format=%(refname)%00%(upstream:short)%00%(objectname)%00%(upstream:track)%00%(upstream:remotename)%00%(upstream:remoteref) refs/heads/gh-pages refs/remotes/gh-pages [2ms]
2025-04-21 11:28:52.419 [info] > git status -z -uall [5ms]
2025-04-21 11:28:52.420 [info] > git for-each-ref --sort -committerdate --format %(refname)%00%(objectname)%00%(*objectname) [2ms]
2025-04-21 11:28:57.451 [info] > git config --get commit.template [6ms]
2025-04-21 11:28:57.452 [info] > git for-each-ref --format=%(refname)%00%(upstream:short)%00%(objectname)%00%(upstream:track)%00%(upstream:remotename)%00%(upstream:remoteref) refs/heads/gh-pages refs/remotes/gh-pages [2ms]
2025-04-21 11:28:57.462 [info] > git status -z -uall [4ms]
2025-04-21 11:28:57.463 [info] > git for-each-ref --sort -committerdate --format %(refname)%00%(objectname)%00%(*objectname) [2ms]
2025-04-21 11:29:11.263 [info] > git config --get commit.template [7ms]
2025-04-21 11:29:11.265 [info] > git for-each-ref --format=%(refname)%00%(upstream:short)%00%(objectname)%00%(upstream:track)%00%(upstream:remotename)%00%(upstream:remoteref) refs/heads/gh-pages refs/remotes/gh-pages [3ms]
2025-04-21 11:29:11.273 [info] > git status -z -uall [5ms]
2025-04-21 11:29:11.275 [info] > git for-each-ref --sort -committerdate --format %(refname)%00%(objectname)%00%(*objectname) [2ms]
2025-04-21 11:29:16.302 [info] > git config --get commit.template [5ms]
2025-04-21 11:29:16.303 [info] > git for-each-ref --format=%(refname)%00%(upstream:short)%00%(objectname)%00%(upstream:track)%00%(upstream:remotename)%00%(upstream:remoteref) refs/heads/gh-pages refs/remotes/gh-pages [2ms]
2025-04-21 11:29:16.311 [info] > git status -z -uall [4ms]
2025-04-21 11:29:16.313 [info] > git for-each-ref --sort -committerdate --format %(refname)%00%(objectname)%00%(*objectname) [2ms]
2025-04-21 11:29:21.397 [info] > git config --get commit.template [5ms]
2025-04-21 11:29:21.398 [info] > git for-each-ref --format=%(refname)%00%(upstream:short)%00%(objectname)%00%(upstream:track)%00%(upstream:remotename)%00%(upstream:remoteref) refs/heads/gh-pages refs/remotes/gh-pages [2ms]
2025-04-21 11:29:21.405 [info] > git status -z -uall [3ms]
2025-04-21 11:29:21.407 [info] > git for-each-ref --sort -committerdate --format %(refname)%00%(objectname)%00%(*objectname) [1ms]
2025-04-21 11:29:34.022 [info] > git config --get commit.template [4ms]
2025-04-21 11:29:34.023 [info] > git for-each-ref --format=%(refname)%00%(upstream:short)%00%(objectname)%00%(upstream:track)%00%(upstream:remotename)%00%(upstream:remoteref) refs/heads/gh-pages refs/remotes/gh-pages [1ms]
2025-04-21 11:29:34.029 [info] > git status -z -uall [3ms]
2025-04-21 11:29:34.031 [info] > git for-each-ref --sort -committerdate --format %(refname)%00%(objectname)%00%(*objectname) [2ms]
2025-04-21 11:29:40.888 [info] > git config --get commit.template [4ms]
2025-04-21 11:29:40.889 [info] > git for-each-ref --format=%(refname)%00%(upstream:short)%00%(objectname)%00%(upstream:track)%00%(upstream:remotename)%00%(upstream:remoteref) refs/heads/gh-pages refs/remotes/gh-pages [2ms]
2025-04-21 11:29:40.896 [info] > git status -z -uall [4ms]
2025-04-21 11:29:40.898 [info] > git for-each-ref --sort -committerdate --format %(refname)%00%(objectname)%00%(*objectname) [3ms]
2025-04-21 11:29:45.910 [info] > git config --get commit.template [5ms]
2025-04-21 11:29:45.911 [info] > git for-each-ref --format=%(refname)%00%(upstream:short)%00%(objectname)%00%(upstream:track)%00%(upstream:remotename)%00%(upstream:remoteref) refs/heads/gh-pages refs/remotes/gh-pages [1ms]
2025-04-21 11:29:45.917 [info] > git status -z -uall [4ms]
2025-04-21 11:29:45.918 [info] > git for-each-ref --sort -committerdate --format %(refname)%00%(objectname)%00%(*objectname) [2ms]
2025-04-21 11:29:50.935 [info] > git config --get commit.template [5ms]
2025-04-21 11:29:50.936 [info] > git for-each-ref --format=%(refname)%00%(upstream:short)%00%(objectname)%00%(upstream:track)%00%(upstream:remotename)%00%(upstream:remoteref) refs/heads/gh-pages refs/remotes/gh-pages [2ms]
2025-04-21 11:29:50.942 [info] > git status -z -uall [3ms]
2025-04-21 11:29:50.944 [info] > git for-each-ref --sort -committerdate --format %(refname)%00%(objectname)%00%(*objectname) [2ms]
2025-04-21 11:29:55.959 [info] > git config --get commit.template [2ms]
2025-04-21 11:29:55.967 [info] > git for-each-ref --format=%(refname)%00%(upstream:short)%00%(objectname)%00%(upstream:track)%00%(upstream:remotename)%00%(upstream:remoteref) refs/heads/gh-pages refs/remotes/gh-pages [4ms]
2025-04-21 11:29:55.975 [info] > git status -z -uall [4ms]
2025-04-21 11:29:55.976 [info] > git for-each-ref --sort -committerdate --format %(refname)%00%(objectname)%00%(*objectname) [2ms]
2025-04-21 11:30:00.998 [info] > git config --get commit.template [3ms]
2025-04-21 11:30:01.006 [info] > git for-each-ref --format=%(refname)%00%(upstream:short)%00%(objectname)%00%(upstream:track)%00%(upstream:remotename)%00%(upstream:remoteref) refs/heads/gh-pages refs/remotes/gh-pages [3ms]
2025-04-21 11:30:01.014 [info] > git status -z -uall [4ms]
2025-04-21 11:30:01.016 [info] > git for-each-ref --sort -committerdate --format %(refname)%00%(objectname)%00%(*objectname) [2ms]
2025-04-21 11:30:06.034 [info] > git config --get commit.template [5ms]
2025-04-21 11:30:06.035 [info] > git for-each-ref --format=%(refname)%00%(upstream:short)%00%(objectname)%00%(upstream:track)%00%(upstream:remotename)%00%(upstream:remoteref) refs/heads/gh-pages refs/remotes/gh-pages [2ms]
2025-04-21 11:30:06.044 [info] > git status -z -uall [5ms]
2025-04-21 11:30:06.044 [info] > git for-each-ref --sort -committerdate --format %(refname)%00%(objectname)%00%(*objectname) [2ms]
2025-04-21 11:30:11.062 [info] > git config --get commit.template [6ms]
2025-04-21 11:30:11.063 [info] > git for-each-ref --format=%(refname)%00%(upstream:short)%00%(objectname)%00%(upstream:track)%00%(upstream:remotename)%00%(upstream:remoteref) refs/heads/gh-pages refs/remotes/gh-pages [1ms]
2025-04-21 11:30:11.072 [info] > git status -z -uall [6ms]
2025-04-21 11:30:11.073 [info] > git for-each-ref --sort -committerdate --format %(refname)%00%(objectname)%00%(*objectname) [4ms]
2025-04-21 11:30:16.771 [info] > git config --get commit.template [19ms]
2025-04-21 11:30:16.774 [info] > git for-each-ref --format=%(refname)%00%(upstream:short)%00%(objectname)%00%(upstream:track)%00%(upstream:remotename)%00%(upstream:remoteref) refs/heads/gh-pages refs/remotes/gh-pages [16ms]
2025-04-21 11:30:16.784 [info] > git status -z -uall [6ms]
2025-04-21 11:30:16.784 [info] > git for-each-ref --sort -committerdate --format %(refname)%00%(objectname)%00%(*objectname) [4ms]
2025-04-21 11:30:22.807 [info] > git config --get commit.template [4ms]
2025-04-21 11:30:22.808 [info] > git for-each-ref --format=%(refname)%00%(upstream:short)%00%(objectname)%00%(upstream:track)%00%(upstream:remotename)%00%(upstream:remoteref) refs/heads/gh-pages refs/remotes/gh-pages [1ms]
2025-04-21 11:30:22.815 [info] > git status -z -uall [4ms]
2025-04-21 11:30:22.816 [info] > git for-each-ref --sort -committerdate --format %(refname)%00%(objectname)%00%(*objectname) [2ms]
2025-04-21 11:30:39.196 [info] > git config --get commit.template [2ms]
2025-04-21 11:30:39.201 [info] > git for-each-ref --format=%(refname)%00%(upstream:short)%00%(objectname)%00%(upstream:track)%00%(upstream:remotename)%00%(upstream:remoteref) refs/heads/gh-pages refs/remotes/gh-pages [2ms]
2025-04-21 11:30:39.208 [info] > git status -z -uall [4ms]
2025-04-21 11:30:39.209 [info] > git for-each-ref --sort -committerdate --format %(refname)%00%(objectname)%00%(*objectname) [2ms]
2025-04-21 11:30:48.626 [info] > git config --get commit.template [5ms]
2025-04-21 11:30:48.627 [info] > git for-each-ref --format=%(refname)%00%(upstream:short)%00%(objectname)%00%(upstream:track)%00%(upstream:remotename)%00%(upstream:remoteref) refs/heads/gh-pages refs/remotes/gh-pages [2ms]
2025-04-21 11:30:48.635 [info] > git status -z -uall [5ms]
2025-04-21 11:30:48.637 [info] > git for-each-ref --sort -committerdate --format %(refname)%00%(objectname)%00%(*objectname) [3ms]
2025-04-21 11:35:16.691 [info] > git show --textconv :index.html [6ms]
2025-04-21 11:35:16.692 [info] > git ls-files --stage -- index.html [2ms]
2025-04-21 11:35:16.698 [info] > git cat-file -s 4a3e529c985d8d633e9e960134dab7eb5a77ed72 [2ms]
2025-04-21 11:35:55.287 [info] > git config --get commit.template [3ms]
2025-04-21 11:35:55.291 [info] > git for-each-ref --format=%(refname)%00%(upstream:short)%00%(objectname)%00%(upstream:track)%00%(upstream:remotename)%00%(upstream:remoteref) refs/heads/gh-pages refs/remotes/gh-pages [1ms]
2025-04-21 11:35:55.297 [info] > git status -z -uall [3ms]
2025-04-21 11:35:55.299 [info] > git for-each-ref --sort -committerdate --format %(refname)%00%(objectname)%00%(*objectname) [2ms]
2025-04-21 11:35:59.398 [info] > git config --get commit.template [4ms]
2025-04-21 11:35:59.399 [info] > git for-each-ref --format=%(refname)%00%(upstream:short)%00%(objectname)%00%(upstream:track)%00%(upstream:remotename)%00%(upstream:remoteref) refs/heads/gh-pages refs/remotes/gh-pages [1ms]
2025-04-21 11:35:59.406 [info] > git status -z -uall [3ms]
2025-04-21 11:35:59.407 [info] > git for-each-ref --sort -committerdate --format %(refname)%00%(objectname)%00%(*objectname) [2ms]
2025-04-21 11:36:12.003 [info] > git config --get commit.template [4ms]
2025-04-21 11:36:12.004 [info] > git for-each-ref --format=%(refname)%00%(upstream:short)%00%(objectname)%00%(upstream:track)%00%(upstream:remotename)%00%(upstream:remoteref) refs/heads/gh-pages refs/remotes/gh-pages [2ms]
2025-04-21 11:36:12.010 [info] > git status -z -uall [4ms]
2025-04-21 11:36:12.011 [info] > git for-each-ref --sort -committerdate --format %(refname)%00%(objectname)%00%(*objectname) [2ms]
2025-04-21 11:36:17.030 [info] > git config --get commit.template [5ms]
2025-04-21 11:36:17.031 [info] > git for-each-ref --format=%(refname)%00%(upstream:short)%00%(objectname)%00%(upstream:track)%00%(upstream:remotename)%00%(upstream:remoteref) refs/heads/gh-pages refs/remotes/gh-pages [2ms]
2025-04-21 11:36:17.038 [info] > git status -z -uall [4ms]
2025-04-21 11:36:17.039 [info] > git for-each-ref --sort -committerdate --format %(refname)%00%(objectname)%00%(*objectname) [2ms]
2025-04-21 11:36:34.597 [info] > git config --get commit.template [4ms]
2025-04-21 11:36:34.598 [info] > git for-each-ref --format=%(refname)%00%(upstream:short)%00%(objectname)%00%(upstream:track)%00%(upstream:remotename)%00%(upstream:remoteref) refs/heads/gh-pages refs/remotes/gh-pages [1ms]
2025-04-21 11:36:34.605 [info] > git status -z -uall [3ms]
2025-04-21 11:36:34.606 [info] > git for-each-ref --sort -committerdate --format %(refname)%00%(objectname)%00%(*objectname) [2ms]
2025-04-21 11:36:39.631 [info] > git config --get commit.template [6ms]
2025-04-21 11:36:39.632 [info] > git for-each-ref --format=%(refname)%00%(upstream:short)%00%(objectname)%00%(upstream:track)%00%(upstream:remotename)%00%(upstream:remoteref) refs/heads/gh-pages refs/remotes/gh-pages [2ms]
2025-04-21 11:36:39.638 [info] > git status -z -uall [4ms]
2025-04-21 11:36:39.639 [info] > git for-each-ref --sort -committerdate --format %(refname)%00%(objectname)%00%(*objectname) [2ms]
2025-04-21 11:36:45.022 [info] > git config --get commit.template [22ms]
2025-04-21 11:36:45.024 [info] > git for-each-ref --format=%(refname)%00%(upstream:short)%00%(objectname)%00%(upstream:track)%00%(upstream:remotename)%00%(upstream:remoteref) refs/heads/gh-pages refs/remotes/gh-pages [19ms]
2025-04-21 11:36:45.036 [info] > git status -z -uall [8ms]
2025-04-21 11:36:45.037 [info] > git for-each-ref --sort -committerdate --format %(refname)%00%(objectname)%00%(*objectname) [4ms]
2025-04-21 11:36:50.064 [info] > git config --get commit.template [5ms]
2025-04-21 11:36:50.065 [info] > git for-each-ref --format=%(refname)%00%(upstream:short)%00%(objectname)%00%(upstream:track)%00%(upstream:remotename)%00%(upstream:remoteref) refs/heads/gh-pages refs/remotes/gh-pages [2ms]
2025-04-21 11:36:50.072 [info] > git status -z -uall [4ms]
2025-04-21 11:36:50.073 [info] > git for-each-ref --sort -committerdate --format %(refname)%00%(objectname)%00%(*objectname) [2ms]
2025-04-21 11:40:01.761 [info] > git show --textconv :script.js [6ms]
2025-04-21 11:40:01.763 [info] > git ls-files --stage -- script.js [5ms]
2025-04-21 11:40:01.770 [info] > git cat-file -s 256329711d29341d7e6cc5ee214c3d5fd53896d2 [2ms]
2025-04-21 11:47:48.311 [info] > git config --get commit.template [6ms]
2025-04-21 11:47:48.315 [info] > git for-each-ref --format=%(refname)%00%(upstream:short)%00%(objectname)%00%(upstream:track)%00%(upstream:remotename)%00%(upstream:remoteref) refs/heads/gh-pages refs/remotes/gh-pages [5ms]
2025-04-21 11:47:48.322 [info] > git status -z -uall [4ms]
2025-04-21 11:47:48.326 [info] > git for-each-ref --sort -committerdate --format %(refname)%00%(objectname)%00%(*objectname) [4ms]
2025-04-21 11:47:48.725 [info] > git show --textconv HEAD:script.js [15ms]
2025-04-21 11:47:48.728 [info] > git ls-tree -l HEAD -- script.js [5ms]
2025-04-21 11:47:49.390 [info] > git config --get commit.template [4ms]
2025-04-21 11:47:49.391 [info] > git for-each-ref --format=%(refname)%00%(upstream:short)%00%(objectname)%00%(upstream:track)%00%(upstream:remotename)%00%(upstream:remoteref) refs/heads/gh-pages refs/remotes/gh-pages [1ms]
2025-04-21 11:47:49.400 [info] > git status -z -uall [5ms]
2025-04-21 11:47:49.401 [info] > git for-each-ref --sort -committerdate --format %(refname)%00%(objectname)%00%(*objectname) [3ms]
2025-04-21 11:47:49.499 [info] > git ls-files --stage -- script.js [4ms]
2025-04-21 11:47:49.506 [info] > git ls-tree -l HEAD -- script.js [7ms]
2025-04-21 11:47:49.506 [info] > git cat-file -s 973c3589189eb22c525f871fdf4335622db0c77e [3ms]
2025-04-21 11:47:49.517 [info] > git show --textconv HEAD:script.js [3ms]
2025-04-21 11:47:49.519 [info] > git show --textconv :script.js [2ms]
2025-04-21 11:51:19.660 [info] > git config --get commit.template [4ms]
2025-04-21 11:51:19.663 [info] > git for-each-ref --format=%(refname)%00%(upstream:short)%00%(objectname)%00%(upstream:track)%00%(upstream:remotename)%00%(upstream:remoteref) refs/heads/gh-pages refs/remotes/gh-pages [4ms]
2025-04-21 11:51:19.672 [info] > git status -z -uall [5ms]
2025-04-21 11:51:19.674 [info] > git for-each-ref --sort -committerdate --format %(refname)%00%(objectname)%00%(*objectname) [3ms]
2025-04-21 11:51:19.683 [info] > git blame --root --incremental 2cd320ed8d2add94f2ba843855debafa48403f0d -- script.js [4ms]
2025-04-21 11:51:20.695 [info] > git config --get commit.template [4ms]
2025-04-21 11:51:20.696 [info] > git for-each-ref --format=%(refname)%00%(upstream:short)%00%(objectname)%00%(upstream:track)%00%(upstream:remotename)%00%(upstream:remoteref) refs/heads/gh-pages refs/remotes/gh-pages [1ms]
2025-04-21 11:51:20.702 [info] > git status -z -uall [3ms]
2025-04-21 11:51:20.703 [info] > git for-each-ref --sort -committerdate --format %(refname)%00%(objectname)%00%(*objectname) [2ms]
2025-04-21 11:51:20.813 [info] > git ls-files --stage -- script.js [10ms]
2025-04-21 11:51:20.821 [info] > git cat-file -s 973c3589189eb22c525f871fdf4335622db0c77e [3ms]
2025-04-21 11:51:20.834 [info] > git show --textconv :script.js [3ms]
2025-04-21 11:52:02.470 [info] > git for-each-ref --format=%(refname)%00%(upstream:short)%00%(objectname)%00%(upstream:track)%00%(upstream:remotename)%00%(upstream:remoteref) refs/heads/gh-pages refs/remotes/gh-pages [1ms]
2025-04-21 11:52:02.471 [info] > git config --get commit.template [4ms]
2025-04-21 11:52:02.478 [info] > git status -z -uall [5ms]
2025-04-21 11:52:02.479 [info] > git for-each-ref --sort -committerdate --format %(refname)%00%(objectname)%00%(*objectname) [2ms]
2025-04-21 11:52:31.934 [info] > git config --get commit.template [4ms]
2025-04-21 11:52:31.934 [info] > git for-each-ref --format=%(refname)%00%(upstream:short)%00%(objectname)%00%(upstream:track)%00%(upstream:remotename)%00%(upstream:remoteref) refs/heads/main refs/remotes/main [1ms]
2025-04-21 11:52:31.940 [warning] [Git][revParse] Unable to read file: ENOENT: no such file or directory, open '/home/abywu/moringa/SDF-PT10/Phase-1/project/Abiud-Makokha-rps-project/.git/refs/remotes/origin/main'
2025-04-21 11:52:31.942 [info] > git rev-parse refs/remotes/origin/main [3ms]
2025-04-21 11:52:31.950 [info] > git status -z -uall [5ms]
2025-04-21 11:52:31.951 [info] > git for-each-ref --sort -committerdate --format %(refname)%00%(objectname)%00%(*objectname) [2ms]
2025-04-21 11:52:31.967 [info] > git blame --root --incremental 5ef7b77184fb9ec9d1db057b8985e54fce41c012 -- script.js [8ms]
2025-04-21 11:52:31.967 [info] fatal: no such path script.js in 5ef7b77184fb9ec9d1db057b8985e54fce41c012
2025-04-21 11:52:31.968 [info] > git for-each-ref --format=%(refname)%00%(upstream:short)%00%(objectname)%00%(upstream:track)%00%(upstream:remotename)%00%(upstream:remoteref) refs/heads/main refs/remotes/main [4ms]
2025-04-21 11:52:31.973 [info] > git config --get --local branch.main.vscode-merge-base [2ms]
2025-04-21 11:52:31.979 [info] > git for-each-ref --format=%(refname)%00%(upstream:short)%00%(objectname)%00%(upstream:track)%00%(upstream:remotename)%00%(upstream:remoteref) refs/heads/origin/main refs/remotes/origin/main [3ms]
2025-04-21 11:52:31.986 [info] > git merge-base refs/heads/main refs/remotes/origin/main [2ms]
2025-04-21 11:52:31.992 [info] > git diff --name-status -z --diff-filter=ADMR 5ef7b77184fb9ec9d1db057b8985e54fce41c012...refs/remotes/origin/main [3ms]
2025-04-21 11:52:33.006 [info] > git config --get commit.template [5ms]
2025-04-21 11:52:33.008 [info] > git for-each-ref --format=%(refname)%00%(upstream:short)%00%(objectname)%00%(upstream:track)%00%(upstream:remotename)%00%(upstream:remoteref) refs/heads/main refs/remotes/main [2ms]
2025-04-21 11:52:33.013 [warning] [Git][revParse] Unable to read file: ENOENT: no such file or directory, open '/home/abywu/moringa/SDF-PT10/Phase-1/project/Abiud-Makokha-rps-project/.git/refs/remotes/origin/main'
2025-04-21 11:52:33.015 [info] > git rev-parse refs/remotes/origin/main [2ms]
2025-04-21 11:52:33.024 [info] > git status -z -uall [5ms]
2025-04-21 11:52:33.026 [info] > git for-each-ref --sort -committerdate --format %(refname)%00%(objectname)%00%(*objectname) [2ms]
2025-04-21 11:52:33.109 [info] > git ls-files --stage -- script.js [2ms]
2025-04-21 11:52:33.117 [info] > git hash-object -t tree /dev/null [2ms]
2025-04-21 11:52:33.118 [warning] [GitFileSystemProvider][stat] File not found - git:/home/abywu/moringa/SDF-PT10/Phase-1/project/Abiud-Makokha-rps-project/script.js.git?%7B%22path%22%3A%22%2Fhome%2Fabywu%2Fmoringa%2FSDF-PT10%2FPhase-1%2Fproject%2FAbiud-Makokha-rps-project%2Fscript.js%22%2C%22ref%22%3A%22%22%7D
2025-04-21 11:52:45.573 [info] > git config --get commit.template [5ms]
2025-04-21 11:52:45.574 [info] > git for-each-ref --format=%(refname)%00%(upstream:short)%00%(objectname)%00%(upstream:track)%00%(upstream:remotename)%00%(upstream:remoteref) refs/heads/main refs/remotes/main [2ms]
2025-04-21 11:52:45.578 [warning] [Git][revParse] Unable to read file: ENOENT: no such file or directory, open '/home/abywu/moringa/SDF-PT10/Phase-1/project/Abiud-Makokha-rps-project/.git/refs/remotes/origin/main'
2025-04-21 11:52:45.579 [info] > git rev-parse refs/remotes/origin/main [1ms]
2025-04-21 11:52:45.589 [info] > git status -z -uall [7ms]
2025-04-21 11:52:45.590 [info] > git for-each-ref --sort -committerdate --format %(refname)%00%(objectname)%00%(*objectname) [3ms]
2025-04-21 11:52:45.601 [info] > git merge-base refs/heads/main refs/remotes/origin/main [3ms]
2025-04-21 11:52:45.607 [info] > git diff --name-status -z --diff-filter=ADMR 5ef7b77184fb9ec9d1db057b8985e54fce41c012...refs/remotes/origin/main [2ms]
2025-04-21 11:52:46.708 [info] > git ls-files --stage -- script.js [1ms]
2025-04-21 11:52:46.713 [info] > git cat-file -s 973c3589189eb22c525f871fdf4335622db0c77e [2ms]
2025-04-21 11:52:46.723 [info] > git show --textconv :script.js [2ms]
2025-04-21 19:54:27.193 [info] > git ls-files --stage -- index.html [31ms]
2025-04-21 19:54:27.204 [info] > git show --textconv :index.html [58ms]
2025-04-21 19:54:27.210 [info] > git cat-file -s 5b5c4b17870ac7d24f827bd8eb086608f799f46c [7ms]
