2025-04-19 13:53:44.623 [info] [main] Log level: Info
2025-04-19 13:53:44.623 [info] [main] Validating found git in: "git"
2025-04-19 13:53:44.623 [info] [main] Using git "2.48.1" from "git"
2025-04-19 13:53:44.623 [info] [Model][doInitialScan] Initial repository scan started
2025-04-19 13:53:44.623 [info] > git rev-parse --show-toplevel [19ms]
2025-04-19 13:53:44.623 [info] > git rev-parse --git-dir --git-common-dir [4ms]
2025-04-19 13:53:44.623 [info] [Model][openRepository] Opened repository: /home/abywu/moringa/SDF-PT10/Phase-1/project/Abiud-Makokha-rps-project
2025-04-19 13:53:44.638 [info] > git config --get commit.template [9ms]
2025-04-19 13:53:44.640 [info] > git rev-parse --show-toplevel [5ms]
2025-04-19 13:53:44.647 [info] [Model][doInitialScan] Initial repository scan completed - repositories (1), closed repositories (0), parent repositories (0), unsafe repositories (0)
2025-04-19 13:53:44.663 [info] > git for-each-ref --format=%(refname)%00%(upstream:short)%00%(objectname)%00%(upstream:track)%00%(upstream:remotename)%00%(upstream:remoteref) refs/heads/gh-pages refs/remotes/gh-pages [5ms]
2025-04-19 13:53:44.684 [info] > git status -z -uall [13ms]
2025-04-19 13:53:44.756 [info] > git for-each-ref --sort -committerdate --format %(refname)%00%(objectname)%00%(*objectname) [76ms]
2025-04-19 13:53:44.905 [info] > git for-each-ref --format=%(refname)%00%(upstream:short)%00%(objectname)%00%(upstream:track)%00%(upstream:remotename)%00%(upstream:remoteref) refs/heads/gh-pages refs/remotes/gh-pages [86ms]
2025-04-19 13:53:44.941 [info] > git config --get commit.template [77ms]
2025-04-19 13:53:44.946 [info] > git config --get --local branch.gh-pages.vscode-merge-base [33ms]
2025-04-19 13:53:44.970 [info] > git for-each-ref --format=%(refname)%00%(upstream:short)%00%(objectname)%00%(upstream:track)%00%(upstream:remotename)%00%(upstream:remoteref) refs/heads/gh-pages refs/remotes/gh-pages [10ms]
2025-04-19 13:53:44.984 [info] > git for-each-ref --format=%(refname)%00%(upstream:short)%00%(objectname)%00%(upstream:track)%00%(upstream:remotename)%00%(upstream:remoteref) refs/heads/origin/main refs/remotes/origin/main [27ms]
2025-04-19 13:53:44.998 [info] > git status -z -uall [22ms]
2025-04-19 13:53:45.001 [info] > git for-each-ref --sort -committerdate --format %(refname)%00%(objectname)%00%(*objectname) [20ms]
2025-04-19 13:53:45.521 [info] > git check-ignore -v -z --stdin [10ms]
2025-04-19 13:55:16.767 [info] > git config --get commit.template [8ms]
2025-04-19 13:55:16.769 [info] > git for-each-ref --format=%(refname)%00%(upstream:short)%00%(objectname)%00%(upstream:track)%00%(upstream:remotename)%00%(upstream:remoteref) refs/heads/gh-pages refs/remotes/gh-pages [4ms]
2025-04-19 13:55:16.791 [info] > git for-each-ref --sort -committerdate --format %(refname)%00%(objectname)%00%(*objectname) [4ms]
2025-04-19 13:55:16.795 [info] > git status -z -uall [21ms]
2025-04-19 13:55:23.530 [info] > git config --get commit.template [3ms]
2025-04-19 13:55:23.539 [info] > git for-each-ref --format=%(refname)%00%(upstream:short)%00%(objectname)%00%(upstream:track)%00%(upstream:remotename)%00%(upstream:remoteref) refs/heads/gh-pages refs/remotes/gh-pages [3ms]
2025-04-19 13:55:23.552 [info] > git status -z -uall [8ms]
2025-04-19 13:55:23.555 [info] > git for-each-ref --sort -committerdate --format %(refname)%00%(objectname)%00%(*objectname) [5ms]
2025-04-19 13:55:23.922 [info] > git show --textconv HEAD:index.html [21ms]
2025-04-19 13:55:23.922 [info] > git show --textconv :index.html [29ms]
2025-04-19 13:55:23.923 [info] > git ls-files --stage -- index.html [15ms]
2025-04-19 13:55:23.933 [info] > git ls-tree -l HEAD -- index.html [17ms]
2025-04-19 13:55:23.951 [info] > git hash-object -t tree /dev/null [2ms]
2025-04-19 13:55:23.952 [warning] [GitFileSystemProvider][readFile] File not found - git:/home/abywu/moringa/SDF-PT10/Phase-1/project/Abiud-Makokha-rps-project/index.html.git?%7B%22path%22%3A%22%2Fhome%2Fabywu%2Fmoringa%2FSDF-PT10%2FPhase-1%2Fproject%2FAbiud-Makokha-rps-project%2Findex.html%22%2C%22ref%22%3A%22HEAD%22%7D
2025-04-19 13:55:23.955 [info] > git hash-object -t tree /dev/null [15ms]
2025-04-19 13:55:23.955 [warning] [GitFileSystemProvider][stat] File not found - git:/home/abywu/moringa/SDF-PT10/Phase-1/project/Abiud-Makokha-rps-project/index.html.git?%7B%22path%22%3A%22%2Fhome%2Fabywu%2Fmoringa%2FSDF-PT10%2FPhase-1%2Fproject%2FAbiud-Makokha-rps-project%2Findex.html%22%2C%22ref%22%3A%22HEAD%22%7D
2025-04-19 13:55:23.956 [info] > git cat-file -s 4a3e529c985d8d633e9e960134dab7eb5a77ed72 [26ms]
2025-04-19 13:55:23.998 [info] > git blame --root --incremental 5ef7b77184fb9ec9d1db057b8985e54fce41c012 -- index.html [3ms]
2025-04-19 13:55:23.998 [info] fatal: no such path index.html in 5ef7b77184fb9ec9d1db057b8985e54fce41c012
2025-04-19 13:55:24.639 [info] > git config --get commit.template [6ms]
2025-04-19 13:55:24.640 [info] > git for-each-ref --format=%(refname)%00%(upstream:short)%00%(objectname)%00%(upstream:track)%00%(upstream:remotename)%00%(upstream:remoteref) refs/heads/gh-pages refs/remotes/gh-pages [2ms]
2025-04-19 13:55:24.651 [info] > git status -z -uall [5ms]
2025-04-19 13:55:24.653 [info] > git for-each-ref --sort -committerdate --format %(refname)%00%(objectname)%00%(*objectname) [3ms]
2025-04-19 13:55:24.743 [info] > git ls-files --stage -- index.html [4ms]
2025-04-19 13:55:24.753 [info] > git cat-file -s 4a3e529c985d8d633e9e960134dab7eb5a77ed72 [3ms]
2025-04-19 13:55:24.785 [info] > git show --textconv :index.html [5ms]
2025-04-19 13:55:49.928 [info] > git config --get commit.template [8ms]
2025-04-19 13:55:49.930 [info] > git for-each-ref --format=%(refname)%00%(upstream:short)%00%(objectname)%00%(upstream:track)%00%(upstream:remotename)%00%(upstream:remoteref) refs/heads/gh-pages refs/remotes/gh-pages [3ms]
2025-04-19 13:55:49.945 [info] > git status -z -uall [11ms]
2025-04-19 13:55:49.947 [info] > git for-each-ref --sort -committerdate --format %(refname)%00%(objectname)%00%(*objectname) [7ms]
2025-04-19 13:55:49.964 [info] > git blame --root --incremental d06779fede50a9463e45abc84cb810bd2ca03e5d -- index.html [6ms]
2025-04-19 13:55:50.996 [info] > git config --get commit.template [16ms]
2025-04-19 13:55:50.997 [info] > git for-each-ref --format=%(refname)%00%(upstream:short)%00%(objectname)%00%(upstream:track)%00%(upstream:remotename)%00%(upstream:remoteref) refs/heads/gh-pages refs/remotes/gh-pages [2ms]
2025-04-19 13:55:51.006 [info] > git status -z -uall [4ms]
2025-04-19 13:55:51.008 [info] > git for-each-ref --sort -committerdate --format %(refname)%00%(objectname)%00%(*objectname) [2ms]
2025-04-19 13:55:51.092 [info] > git ls-files --stage -- index.html [5ms]
2025-04-19 13:55:51.106 [info] > git cat-file -s 4a3e529c985d8d633e9e960134dab7eb5a77ed72 [5ms]
2025-04-19 13:55:51.135 [info] > git show --textconv :index.html [7ms]
2025-04-19 13:56:22.062 [info] > git config --get commit.template [9ms]
2025-04-19 13:56:22.063 [info] > git for-each-ref --format=%(refname)%00%(upstream:short)%00%(objectname)%00%(upstream:track)%00%(upstream:remotename)%00%(upstream:remoteref) refs/heads/gh-pages refs/remotes/gh-pages [4ms]
2025-04-19 13:56:22.076 [info] > git status -z -uall [7ms]
2025-04-19 13:56:22.078 [info] > git for-each-ref --sort -committerdate --format %(refname)%00%(objectname)%00%(*objectname) [3ms]
2025-04-19 14:01:42.258 [info] > git show --textconv :script.js [9ms]
2025-04-19 14:01:42.262 [info] > git ls-files --stage -- script.js [6ms]
2025-04-19 14:01:42.271 [info] > git cat-file -s 256329711d29341d7e6cc5ee214c3d5fd53896d2 [3ms]
2025-04-19 14:01:42.532 [info] > git blame --root --incremental d06779fede50a9463e45abc84cb810bd2ca03e5d -- script.js [5ms]
2025-04-19 14:27:16.496 [info] > git ls-files --stage -- index.html [29ms]
2025-04-19 14:27:16.504 [info] > git show --textconv :index.html [46ms]
2025-04-19 14:27:16.507 [info] > git cat-file -s 4a3e529c985d8d633e9e960134dab7eb5a77ed72 [4ms]
2025-04-19 14:39:18.972 [info] > git config --get commit.template [5ms]
2025-04-19 14:39:18.974 [info] > git for-each-ref --format=%(refname)%00%(upstream:short)%00%(objectname)%00%(upstream:track)%00%(upstream:remotename)%00%(upstream:remoteref) refs/heads/gh-pages refs/remotes/gh-pages [3ms]
2025-04-19 14:39:18.982 [info] > git status -z -uall [5ms]
2025-04-19 14:39:18.985 [info] > git for-each-ref --sort -committerdate --format %(refname)%00%(objectname)%00%(*objectname) [4ms]
2025-04-19 14:42:50.344 [info] > git ls-files --stage -- script.js [22ms]
2025-04-19 14:42:50.348 [info] > git show --textconv :script.js [34ms]
2025-04-19 14:42:50.348 [info] > git cat-file -s 256329711d29341d7e6cc5ee214c3d5fd53896d2 [1ms]
2025-04-19 14:43:07.630 [info] > git config --get commit.template [9ms]
2025-04-19 14:43:07.632 [info] > git for-each-ref --format=%(refname)%00%(upstream:short)%00%(objectname)%00%(upstream:track)%00%(upstream:remotename)%00%(upstream:remoteref) refs/heads/gh-pages refs/remotes/gh-pages [4ms]
2025-04-19 14:43:07.640 [info] > git status -z -uall [4ms]
2025-04-19 14:43:07.644 [info] > git for-each-ref --sort -committerdate --format %(refname)%00%(objectname)%00%(*objectname) [4ms]
2025-04-19 14:46:12.089 [info] > git config --get commit.template [20ms]
2025-04-19 14:46:12.093 [info] > git for-each-ref --format=%(refname)%00%(upstream:short)%00%(objectname)%00%(upstream:track)%00%(upstream:remotename)%00%(upstream:remoteref) refs/heads/gh-pages refs/remotes/gh-pages [19ms]
2025-04-19 14:46:12.105 [info] > git for-each-ref --sort -committerdate --format %(refname)%00%(objectname)%00%(*objectname) [5ms]
2025-04-19 14:46:12.106 [info] > git status -z -uall [10ms]
