2025-04-22 06:04:17.351 [info] [main] Log level: Info
2025-04-22 06:04:17.351 [info] [main] Validating found git in: "git"
2025-04-22 06:04:17.351 [info] [main] Using git "2.48.1" from "git"
2025-04-22 06:04:17.351 [info] [Model][doInitialScan] Initial repository scan started
2025-04-22 06:04:17.351 [info] > git rev-parse --show-toplevel [35ms]
2025-04-22 06:04:17.351 [info] > git rev-parse --git-dir --git-common-dir [26ms]
2025-04-22 06:04:17.351 [info] [Model][openRepository] Opened repository: /home/abywu/moringa/SDF-PT10/Phase-1/Destructuring-assignment/phase-1-destructuring-assignment
2025-04-22 06:04:17.351 [info] > git rev-parse --show-toplevel [109ms]
2025-04-22 06:04:17.351 [info] > git config --get commit.template [116ms]
2025-04-22 06:04:17.361 [info] > git rev-parse --show-toplevel [11ms]
2025-04-22 06:04:17.370 [info] [Model][doInitialScan] Initial repository scan completed - repositories (1), closed repositories (0), parent repositories (0), unsafe repositories (0)
2025-04-22 06:04:17.379 [info] > git for-each-ref --format=%(refname)%00%(upstream:short)%00%(objectname)%00%(upstream:track)%00%(upstream:remotename)%00%(upstream:remoteref) refs/heads/master refs/remotes/master [21ms]
2025-04-22 06:04:17.387 [warning] [Git][revParse] Unable to read file: ENOENT: no such file or directory, open '/home/abywu/moringa/SDF-PT10/Phase-1/Destructuring-assignment/phase-1-destructuring-assignment/.git/refs/remotes/origin/master'
2025-04-22 06:04:17.393 [info] > git rev-parse refs/remotes/origin/master [6ms]
2025-04-22 06:04:17.416 [info] > git status -z -uall [16ms]
2025-04-22 06:04:17.420 [info] > git for-each-ref --sort -committerdate --format %(refname)%00%(objectname)%00%(*objectname) [10ms]
2025-04-22 06:04:16.572 [info] > git for-each-ref --format=%(refname)%00%(upstream:short)%00%(objectname)%00%(upstream:track)%00%(upstream:remotename)%00%(upstream:remoteref) refs/heads/master refs/remotes/master [16ms]
2025-04-22 06:04:16.585 [info] > git config --get commit.template [14ms]
2025-04-22 06:04:16.590 [info] > git config --get --local branch.master.vscode-merge-base [9ms]
2025-04-22 06:04:16.626 [info] > git for-each-ref --format=%(refname)%00%(upstream:short)%00%(objectname)%00%(upstream:track)%00%(upstream:remotename)%00%(upstream:remoteref) refs/heads/master refs/remotes/master [20ms]
2025-04-22 06:04:16.627 [info] > git for-each-ref --format=%(refname)%00%(upstream:short)%00%(objectname)%00%(upstream:track)%00%(upstream:remotename)%00%(upstream:remoteref) refs/heads/origin/master refs/remotes/origin/master [27ms]
2025-04-22 06:04:16.639 [warning] [Git][revParse] Unable to read file: ENOENT: no such file or directory, open '/home/abywu/moringa/SDF-PT10/Phase-1/Destructuring-assignment/phase-1-destructuring-assignment/.git/refs/remotes/origin/master'
2025-04-22 06:04:16.642 [info] > git merge-base refs/heads/master refs/remotes/origin/master [9ms]
2025-04-22 06:04:16.653 [info] > git rev-parse refs/remotes/origin/master [13ms]
2025-04-22 06:04:16.666 [info] > git status -z -uall [6ms]
2025-04-22 06:04:16.667 [info] > git diff --name-status -z --diff-filter=ADMR ff7f11b6811c05c4c4a16b82389f5b24531e1068...refs/remotes/origin/master [20ms]
2025-04-22 06:04:16.670 [info] > git for-each-ref --sort -committerdate --format %(refname)%00%(objectname)%00%(*objectname) [6ms]
2025-04-22 06:04:16.981 [info] > git check-ignore -v -z --stdin [4ms]
2025-04-22 06:04:48.287 [info] > git show --textconv :index.js [208ms]
2025-04-22 06:04:48.288 [info] > git ls-files --stage -- index.js [205ms]
2025-04-22 06:04:48.296 [info] > git cat-file -s 20b4ae62621a3d0c8f02b2008f168a29666b99a5 [5ms]
2025-04-22 06:05:21.099 [info] > git blame --root --incremental ff7f11b6811c05c4c4a16b82389f5b24531e1068 -- index.js [3ms]
2025-04-22 06:05:25.258 [info] > git config --get commit.template [7ms]
2025-04-22 06:05:25.258 [info] > git for-each-ref --format=%(refname)%00%(upstream:short)%00%(objectname)%00%(upstream:track)%00%(upstream:remotename)%00%(upstream:remoteref) refs/heads/master refs/remotes/master [2ms]
2025-04-22 06:05:25.265 [warning] [Git][revParse] Unable to read file: ENOENT: no such file or directory, open '/home/abywu/moringa/SDF-PT10/Phase-1/Destructuring-assignment/phase-1-destructuring-assignment/.git/refs/remotes/origin/master'
2025-04-22 06:05:25.266 [info] > git rev-parse refs/remotes/origin/master [1ms]
2025-04-22 06:05:25.275 [info] > git status -z -uall [6ms]
2025-04-22 06:05:25.277 [info] > git for-each-ref --sort -committerdate --format %(refname)%00%(objectname)%00%(*objectname) [3ms]
2025-04-22 06:05:30.297 [info] > git config --get commit.template [5ms]
2025-04-22 06:05:30.298 [info] > git for-each-ref --format=%(refname)%00%(upstream:short)%00%(objectname)%00%(upstream:track)%00%(upstream:remotename)%00%(upstream:remoteref) refs/heads/master refs/remotes/master [2ms]
2025-04-22 06:05:30.301 [warning] [Git][revParse] Unable to read file: ENOENT: no such file or directory, open '/home/abywu/moringa/SDF-PT10/Phase-1/Destructuring-assignment/phase-1-destructuring-assignment/.git/refs/remotes/origin/master'
2025-04-22 06:05:30.303 [info] > git rev-parse refs/remotes/origin/master [2ms]
2025-04-22 06:05:30.315 [info] > git status -z -uall [9ms]
2025-04-22 06:05:30.316 [info] > git for-each-ref --sort -committerdate --format %(refname)%00%(objectname)%00%(*objectname) [3ms]
2025-04-22 06:11:45.153 [info] > git config --get commit.template [11ms]
2025-04-22 06:11:45.153 [info] > git for-each-ref --format=%(refname)%00%(upstream:short)%00%(objectname)%00%(upstream:track)%00%(upstream:remotename)%00%(upstream:remoteref) refs/heads/master refs/remotes/master [5ms]
2025-04-22 06:11:45.156 [warning] [Git][revParse] Unable to read file: ENOENT: no such file or directory, open '/home/abywu/moringa/SDF-PT10/Phase-1/Destructuring-assignment/phase-1-destructuring-assignment/.git/refs/remotes/origin/master'
2025-04-22 06:11:45.158 [info] > git rev-parse refs/remotes/origin/master [2ms]
2025-04-22 06:11:45.166 [info] > git status -z -uall [5ms]
2025-04-22 06:11:45.168 [info] > git for-each-ref --sort -committerdate --format %(refname)%00%(objectname)%00%(*objectname) [3ms]
2025-04-22 06:12:53.877 [info] > git config --get commit.template [4ms]
2025-04-22 06:12:53.878 [info] > git for-each-ref --format=%(refname)%00%(upstream:short)%00%(objectname)%00%(upstream:track)%00%(upstream:remotename)%00%(upstream:remoteref) refs/heads/master refs/remotes/master [2ms]
2025-04-22 06:12:53.883 [warning] [Git][revParse] Unable to read file: ENOENT: no such file or directory, open '/home/abywu/moringa/SDF-PT10/Phase-1/Destructuring-assignment/phase-1-destructuring-assignment/.git/refs/remotes/origin/master'
2025-04-22 06:12:53.884 [info] > git rev-parse refs/remotes/origin/master [1ms]
2025-04-22 06:12:53.891 [info] > git status -z -uall [4ms]
2025-04-22 06:12:53.893 [info] > git for-each-ref --sort -committerdate --format %(refname)%00%(objectname)%00%(*objectname) [3ms]
2025-04-22 06:12:58.911 [info] > git config --get commit.template [5ms]
2025-04-22 06:12:58.912 [info] > git for-each-ref --format=%(refname)%00%(upstream:short)%00%(objectname)%00%(upstream:track)%00%(upstream:remotename)%00%(upstream:remoteref) refs/heads/master refs/remotes/master [2ms]
2025-04-22 06:12:58.916 [warning] [Git][revParse] Unable to read file: ENOENT: no such file or directory, open '/home/abywu/moringa/SDF-PT10/Phase-1/Destructuring-assignment/phase-1-destructuring-assignment/.git/refs/remotes/origin/master'
2025-04-22 06:12:58.917 [info] > git rev-parse refs/remotes/origin/master [2ms]
2025-04-22 06:12:58.924 [info] > git status -z -uall [4ms]
2025-04-22 06:12:58.926 [info] > git for-each-ref --sort -committerdate --format %(refname)%00%(objectname)%00%(*objectname) [2ms]
2025-04-22 06:13:06.874 [info] > git config --get commit.template [7ms]
2025-04-22 06:13:06.885 [info] > git for-each-ref --format=%(refname)%00%(upstream:short)%00%(objectname)%00%(upstream:track)%00%(upstream:remotename)%00%(upstream:remoteref) refs/heads/master refs/remotes/master [3ms]
2025-04-22 06:13:06.888 [warning] [Git][revParse] Unable to read file: ENOENT: no such file or directory, open '/home/abywu/moringa/SDF-PT10/Phase-1/Destructuring-assignment/phase-1-destructuring-assignment/.git/refs/remotes/origin/master'
2025-04-22 06:13:06.890 [info] > git rev-parse refs/remotes/origin/master [2ms]
2025-04-22 06:13:06.904 [info] > git status -z -uall [8ms]
2025-04-22 06:13:06.906 [info] > git for-each-ref --sort -committerdate --format %(refname)%00%(objectname)%00%(*objectname) [3ms]
2025-04-22 06:13:11.170 [info] > git config --get commit.template [8ms]
2025-04-22 06:13:11.172 [info] > git for-each-ref --format=%(refname)%00%(upstream:short)%00%(objectname)%00%(upstream:track)%00%(upstream:remotename)%00%(upstream:remoteref) refs/heads/master refs/remotes/master [3ms]
2025-04-22 06:13:11.176 [warning] [Git][revParse] Unable to read file: ENOENT: no such file or directory, open '/home/abywu/moringa/SDF-PT10/Phase-1/Destructuring-assignment/phase-1-destructuring-assignment/.git/refs/remotes/origin/master'
2025-04-22 06:13:11.178 [info] > git rev-parse refs/remotes/origin/master [2ms]
2025-04-22 06:13:11.187 [info] > git status -z -uall [6ms]
2025-04-22 06:13:11.188 [info] > git for-each-ref --sort -committerdate --format %(refname)%00%(objectname)%00%(*objectname) [2ms]
2025-04-22 06:13:18.146 [info] > git config --get commit.template [9ms]
2025-04-22 06:13:18.147 [info] > git for-each-ref --format=%(refname)%00%(upstream:short)%00%(objectname)%00%(upstream:track)%00%(upstream:remotename)%00%(upstream:remoteref) refs/heads/master refs/remotes/master [3ms]
2025-04-22 06:13:18.150 [warning] [Git][revParse] Unable to read file: ENOENT: no such file or directory, open '/home/abywu/moringa/SDF-PT10/Phase-1/Destructuring-assignment/phase-1-destructuring-assignment/.git/refs/remotes/origin/master'
2025-04-22 06:13:18.151 [info] > git rev-parse refs/remotes/origin/master [2ms]
2025-04-22 06:13:18.157 [info] > git status -z -uall [3ms]
2025-04-22 06:13:18.159 [info] > git for-each-ref --sort -committerdate --format %(refname)%00%(objectname)%00%(*objectname) [2ms]
2025-04-22 06:13:29.185 [info] > git config --get commit.template [4ms]
2025-04-22 06:13:29.185 [info] > git for-each-ref --format=%(refname)%00%(upstream:short)%00%(objectname)%00%(upstream:track)%00%(upstream:remotename)%00%(upstream:remoteref) refs/heads/master refs/remotes/master [1ms]
2025-04-22 06:13:29.189 [warning] [Git][revParse] Unable to read file: ENOENT: no such file or directory, open '/home/abywu/moringa/SDF-PT10/Phase-1/Destructuring-assignment/phase-1-destructuring-assignment/.git/refs/remotes/origin/master'
2025-04-22 06:13:29.190 [info] > git rev-parse refs/remotes/origin/master [1ms]
2025-04-22 06:13:29.198 [info] > git status -z -uall [5ms]
2025-04-22 06:13:29.199 [info] > git for-each-ref --sort -committerdate --format %(refname)%00%(objectname)%00%(*objectname) [2ms]
2025-04-22 06:13:34.348 [info] > git config --get commit.template [3ms]
2025-04-22 06:13:34.362 [info] > git for-each-ref --format=%(refname)%00%(upstream:short)%00%(objectname)%00%(upstream:track)%00%(upstream:remotename)%00%(upstream:remoteref) refs/heads/master refs/remotes/master [3ms]
2025-04-22 06:13:34.371 [warning] [Git][revParse] Unable to read file: ENOENT: no such file or directory, open '/home/abywu/moringa/SDF-PT10/Phase-1/Destructuring-assignment/phase-1-destructuring-assignment/.git/refs/remotes/origin/master'
2025-04-22 06:13:34.372 [info] > git rev-parse refs/remotes/origin/master [2ms]
2025-04-22 06:13:34.387 [info] > git status -z -uall [11ms]
2025-04-22 06:13:34.390 [info] > git for-each-ref --sort -committerdate --format %(refname)%00%(objectname)%00%(*objectname) [5ms]
2025-04-22 06:13:39.405 [info] > git config --get commit.template [4ms]
2025-04-22 06:13:39.406 [info] > git for-each-ref --format=%(refname)%00%(upstream:short)%00%(objectname)%00%(upstream:track)%00%(upstream:remotename)%00%(upstream:remoteref) refs/heads/master refs/remotes/master [2ms]
2025-04-22 06:13:39.409 [warning] [Git][revParse] Unable to read file: ENOENT: no such file or directory, open '/home/abywu/moringa/SDF-PT10/Phase-1/Destructuring-assignment/phase-1-destructuring-assignment/.git/refs/remotes/origin/master'
2025-04-22 06:13:39.411 [info] > git rev-parse refs/remotes/origin/master [1ms]
2025-04-22 06:13:39.420 [info] > git status -z -uall [6ms]
2025-04-22 06:13:39.423 [info] > git for-each-ref --sort -committerdate --format %(refname)%00%(objectname)%00%(*objectname) [6ms]
2025-04-22 06:13:54.029 [info] > git config --get commit.template [2ms]
2025-04-22 06:13:54.034 [info] > git for-each-ref --format=%(refname)%00%(upstream:short)%00%(objectname)%00%(upstream:track)%00%(upstream:remotename)%00%(upstream:remoteref) refs/heads/master refs/remotes/master [2ms]
2025-04-22 06:13:54.037 [warning] [Git][revParse] Unable to read file: ENOENT: no such file or directory, open '/home/abywu/moringa/SDF-PT10/Phase-1/Destructuring-assignment/phase-1-destructuring-assignment/.git/refs/remotes/origin/master'
2025-04-22 06:13:54.038 [info] > git rev-parse refs/remotes/origin/master [1ms]
2025-04-22 06:13:54.048 [info] > git status -z -uall [5ms]
2025-04-22 06:13:54.049 [info] > git for-each-ref --sort -committerdate --format %(refname)%00%(objectname)%00%(*objectname) [2ms]
2025-04-22 06:13:59.066 [info] > git config --get commit.template [6ms]
2025-04-22 06:13:59.067 [info] > git for-each-ref --format=%(refname)%00%(upstream:short)%00%(objectname)%00%(upstream:track)%00%(upstream:remotename)%00%(upstream:remoteref) refs/heads/master refs/remotes/master [2ms]
2025-04-22 06:13:59.070 [warning] [Git][revParse] Unable to read file: ENOENT: no such file or directory, open '/home/abywu/moringa/SDF-PT10/Phase-1/Destructuring-assignment/phase-1-destructuring-assignment/.git/refs/remotes/origin/master'
2025-04-22 06:13:59.071 [info] > git rev-parse refs/remotes/origin/master [1ms]
2025-04-22 06:13:59.083 [info] > git status -z -uall [8ms]
2025-04-22 06:13:59.085 [info] > git for-each-ref --sort -committerdate --format %(refname)%00%(objectname)%00%(*objectname) [2ms]
2025-04-22 06:14:04.098 [info] > git config --get commit.template [4ms]
2025-04-22 06:14:04.099 [info] > git for-each-ref --format=%(refname)%00%(upstream:short)%00%(objectname)%00%(upstream:track)%00%(upstream:remotename)%00%(upstream:remoteref) refs/heads/master refs/remotes/master [1ms]
2025-04-22 06:14:04.102 [warning] [Git][revParse] Unable to read file: ENOENT: no such file or directory, open '/home/abywu/moringa/SDF-PT10/Phase-1/Destructuring-assignment/phase-1-destructuring-assignment/.git/refs/remotes/origin/master'
2025-04-22 06:14:04.104 [info] > git rev-parse refs/remotes/origin/master [2ms]
2025-04-22 06:14:04.112 [info] > git status -z -uall [5ms]
2025-04-22 06:14:04.113 [info] > git for-each-ref --sort -committerdate --format %(refname)%00%(objectname)%00%(*objectname) [3ms]
2025-04-22 06:14:13.923 [info] > git config --get commit.template [4ms]
2025-04-22 06:14:13.924 [info] > git for-each-ref --format=%(refname)%00%(upstream:short)%00%(objectname)%00%(upstream:track)%00%(upstream:remotename)%00%(upstream:remoteref) refs/heads/master refs/remotes/master [1ms]
2025-04-22 06:14:13.928 [warning] [Git][revParse] Unable to read file: ENOENT: no such file or directory, open '/home/abywu/moringa/SDF-PT10/Phase-1/Destructuring-assignment/phase-1-destructuring-assignment/.git/refs/remotes/origin/master'
2025-04-22 06:14:13.931 [info] > git rev-parse refs/remotes/origin/master [3ms]
2025-04-22 06:14:13.939 [info] > git status -z -uall [5ms]
2025-04-22 06:14:13.940 [info] > git for-each-ref --sort -committerdate --format %(refname)%00%(objectname)%00%(*objectname) [2ms]
2025-04-22 06:14:38.620 [info] > git config --get commit.template [5ms]
2025-04-22 06:14:38.621 [info] > git for-each-ref --format=%(refname)%00%(upstream:short)%00%(objectname)%00%(upstream:track)%00%(upstream:remotename)%00%(upstream:remoteref) refs/heads/master refs/remotes/master [2ms]
2025-04-22 06:14:38.625 [warning] [Git][revParse] Unable to read file: ENOENT: no such file or directory, open '/home/abywu/moringa/SDF-PT10/Phase-1/Destructuring-assignment/phase-1-destructuring-assignment/.git/refs/remotes/origin/master'
2025-04-22 06:14:38.627 [info] > git rev-parse refs/remotes/origin/master [2ms]
2025-04-22 06:14:38.638 [info] > git status -z -uall [7ms]
2025-04-22 06:14:38.639 [info] > git for-each-ref --sort -committerdate --format %(refname)%00%(objectname)%00%(*objectname) [2ms]
2025-04-22 06:14:44.762 [info] > git config --get commit.template [7ms]
2025-04-22 06:14:44.763 [info] > git for-each-ref --format=%(refname)%00%(upstream:short)%00%(objectname)%00%(upstream:track)%00%(upstream:remotename)%00%(upstream:remoteref) refs/heads/master refs/remotes/master [3ms]
2025-04-22 06:14:44.766 [warning] [Git][revParse] Unable to read file: ENOENT: no such file or directory, open '/home/abywu/moringa/SDF-PT10/Phase-1/Destructuring-assignment/phase-1-destructuring-assignment/.git/refs/remotes/origin/master'
2025-04-22 06:14:44.767 [info] > git rev-parse refs/remotes/origin/master [1ms]
2025-04-22 06:14:44.778 [info] > git status -z -uall [5ms]
2025-04-22 06:14:44.780 [info] > git for-each-ref --sort -committerdate --format %(refname)%00%(objectname)%00%(*objectname) [3ms]
2025-04-22 06:20:29.055 [info] > git config --get commit.template [6ms]
2025-04-22 06:20:29.060 [info] > git for-each-ref --format=%(refname)%00%(upstream:short)%00%(objectname)%00%(upstream:track)%00%(upstream:remotename)%00%(upstream:remoteref) refs/heads/master refs/remotes/master [7ms]
2025-04-22 06:20:29.064 [warning] [Git][revParse] Unable to read file: ENOENT: no such file or directory, open '/home/abywu/moringa/SDF-PT10/Phase-1/Destructuring-assignment/phase-1-destructuring-assignment/.git/refs/remotes/origin/master'
2025-04-22 06:20:29.069 [info] > git rev-parse refs/remotes/origin/master [5ms]
2025-04-22 06:20:29.078 [info] > git status -z -uall [4ms]
2025-04-22 06:20:29.081 [info] > git for-each-ref --sort -committerdate --format %(refname)%00%(objectname)%00%(*objectname) [4ms]
2025-04-22 06:20:29.457 [info] > git show --textconv HEAD:index.js [4ms]
2025-04-22 06:20:29.458 [info] > git ls-tree -l HEAD -- index.js [2ms]
2025-04-22 06:20:30.103 [info] > git config --get commit.template [5ms]
2025-04-22 06:20:29.269 [info] > git for-each-ref --format=%(refname)%00%(upstream:short)%00%(objectname)%00%(upstream:track)%00%(upstream:remotename)%00%(upstream:remoteref) refs/heads/master refs/remotes/master [-833ms]
2025-04-22 06:20:29.272 [warning] [Git][revParse] Unable to read file: ENOENT: no such file or directory, open '/home/abywu/moringa/SDF-PT10/Phase-1/Destructuring-assignment/phase-1-destructuring-assignment/.git/refs/remotes/origin/master'
2025-04-22 06:20:29.274 [info] > git rev-parse refs/remotes/origin/master [2ms]
2025-04-22 06:20:29.282 [info] > git status -z -uall [5ms]
2025-04-22 06:20:29.283 [info] > git for-each-ref --sort -committerdate --format %(refname)%00%(objectname)%00%(*objectname) [1ms]
2025-04-22 06:20:29.371 [info] > git ls-files --stage -- index.js [4ms]
2025-04-22 06:20:29.375 [info] > git ls-tree -l HEAD -- index.js [5ms]
2025-04-22 06:20:29.376 [info] > git cat-file -s aa5a86f29306f5d71554ad4bbb04c5f62090ff50 [2ms]
2025-04-22 06:20:29.390 [info] > git show --textconv HEAD:index.js [5ms]
2025-04-22 06:20:29.390 [info] > git show --textconv :index.js [3ms]
2025-04-22 06:20:58.848 [info] > git config --get commit.template [7ms]
2025-04-22 06:20:58.850 [info] > git for-each-ref --format=%(refname)%00%(upstream:short)%00%(objectname)%00%(upstream:track)%00%(upstream:remotename)%00%(upstream:remoteref) refs/heads/master refs/remotes/master [3ms]
2025-04-22 06:20:58.854 [warning] [Git][revParse] Unable to read file: ENOENT: no such file or directory, open '/home/abywu/moringa/SDF-PT10/Phase-1/Destructuring-assignment/phase-1-destructuring-assignment/.git/refs/remotes/origin/master'
2025-04-22 06:20:58.856 [info] > git rev-parse refs/remotes/origin/master [2ms]
2025-04-22 06:20:58.867 [info] > git status -z -uall [7ms]
2025-04-22 06:20:58.868 [info] > git for-each-ref --sort -committerdate --format %(refname)%00%(objectname)%00%(*objectname) [2ms]
2025-04-22 06:20:58.888 [info] > git blame --root --incremental 907fd5502078144a3b86b8bfa4d2b4413e20d62f -- index.js [7ms]
2025-04-22 06:20:58.890 [info] > git merge-base refs/heads/master refs/remotes/origin/master [4ms]
2025-04-22 06:20:58.897 [info] > git diff --name-status -z --diff-filter=ADMR ff7f11b6811c05c4c4a16b82389f5b24531e1068...refs/remotes/origin/master [2ms]
2025-04-22 06:20:59.980 [info] > git ls-files --stage -- index.js [2ms]
2025-04-22 06:20:59.985 [info] > git cat-file -s aa5a86f29306f5d71554ad4bbb04c5f62090ff50 [2ms]
2025-04-22 06:20:59.995 [info] > git show --textconv :index.js [2ms]
2025-04-22 06:21:42.594 [info] > git for-each-ref --format=%(refname)%00%(upstream:short)%00%(objectname)%00%(upstream:track)%00%(upstream:remotename)%00%(upstream:remoteref) refs/heads/master refs/remotes/master [2ms]
2025-04-22 06:21:42.594 [info] > git config --get commit.template [5ms]
2025-04-22 06:21:42.601 [info] > git status -z -uall [4ms]
2025-04-22 06:21:42.603 [info] > git for-each-ref --sort -committerdate --format %(refname)%00%(objectname)%00%(*objectname) [2ms]
2025-04-22 06:21:42.617 [info] > git merge-base refs/heads/master refs/remotes/origin/master [3ms]
2025-04-22 06:21:42.623 [info] > git diff --name-status -z --diff-filter=ADMR 907fd5502078144a3b86b8bfa4d2b4413e20d62f...refs/remotes/origin/master [2ms]
2025-04-22 06:21:43.685 [info] > git config --get commit.template [2ms]
2025-04-22 06:21:43.690 [info] > git for-each-ref --format=%(refname)%00%(upstream:short)%00%(objectname)%00%(upstream:track)%00%(upstream:remotename)%00%(upstream:remoteref) refs/heads/master refs/remotes/master [1ms]
2025-04-22 06:21:43.698 [info] > git status -z -uall [4ms]
2025-04-22 06:21:43.699 [info] > git for-each-ref --sort -committerdate --format %(refname)%00%(objectname)%00%(*objectname) [2ms]
2025-04-22 06:21:43.788 [info] > git ls-files --stage -- index.js [1ms]
2025-04-22 06:21:43.792 [info] > git cat-file -s aa5a86f29306f5d71554ad4bbb04c5f62090ff50 [1ms]
2025-04-22 06:21:43.802 [info] > git show --textconv :index.js [1ms]
2025-04-22 06:21:46.192 [info] > git ls-files --stage -- index.js [1ms]
2025-04-22 06:21:46.197 [info] > git cat-file -s aa5a86f29306f5d71554ad4bbb04c5f62090ff50 [2ms]
2025-04-22 06:21:46.207 [info] > git show --textconv :index.js [2ms]
2025-04-22 06:21:48.712 [info] > git config --get commit.template [4ms]
2025-04-22 06:21:48.712 [info] > git for-each-ref --format=%(refname)%00%(upstream:short)%00%(objectname)%00%(upstream:track)%00%(upstream:remotename)%00%(upstream:remoteref) refs/heads/master refs/remotes/master [1ms]
2025-04-22 06:21:48.720 [info] > git status -z -uall [4ms]
2025-04-22 06:21:48.721 [info] > git for-each-ref --sort -committerdate --format %(refname)%00%(objectname)%00%(*objectname) [2ms]
