2025-05-26 20:59:56.704 [info] Extension host with pid 17492 started
2025-05-26 20:59:56.921 [info] ExtensionService#_doActivateExtension vscode.emmet, startup: false, activationEvent: 'onLanguage'
2025-05-26 20:59:56.923 [info] ExtensionService#_doActivateExtension vscode.html-language-features, startup: false, activationEvent: 'onLanguage:html'
2025-05-26 20:59:57.925 [info] ExtensionService#_doActivateExtension vscode.git-base, startup: true, activationEvent: '*', root cause: vscode.git
2025-05-26 20:59:57.952 [info] ExtensionService#_doActivateExtension vscode.git, startup: true, activationEvent: '*'
2025-05-26 20:59:57.953 [info] ExtensionService#_doActivateExtension vscode.github, startup: true, activationEvent: '*'
2025-05-26 20:59:58.405 [info] Eager extensions activated
2025-05-26 20:59:58.406 [info] ExtensionService#_doActivateExtension vscode.debug-auto-launch, startup: false, activationEvent: 'onStartupFinished'
2025-05-26 20:59:58.406 [info] ExtensionService#_doActivateExtension vscode.merge-conflict, startup: false, activationEvent: 'onStartupFinished'
2025-05-26 20:59:58.407 [info] ExtensionService#_doActivateExtension esbenp.prettier-vscode, startup: false, activationEvent: 'onStartupFinished'
2025-05-26 20:59:58.407 [info] ExtensionService#_doActivateExtension ritwickdey.LiveServer, startup: false, activationEvent: 'onStartupFinished'
2025-05-26 21:12:39.523 [info] ExtensionService#_doActivateExtension vscode.npm, startup: false, activationEvent: 'onTerminalQuickFixRequest:ms-vscode.npm-command'
2025-05-26 21:20:15.059 [warning] [Decorations] CAPPING events from decorations provider vscode.git 10000
2025-05-26 21:20:17.073 [warning] [Decorations] CAPPING events from decorations provider vscode.git 10000
2025-05-26 21:20:25.454 [error] CodeExpectedError: Unable to write to Workspace Settings because no workspace is opened. Please open a workspace first and try again.
    at Cpt.z (vscode-file://vscode-app/c:/Users/abywu/AppData/Local/Programs/Microsoft%20VS%20Code/resources/app/out/vs/workbench/workbench.desktop.main.js:3235:6793)
    at Cpt.F (vscode-file://vscode-app/c:/Users/abywu/AppData/Local/Programs/Microsoft%20VS%20Code/resources/app/out/vs/workbench/workbench.desktop.main.js:3235:9516)
    at Cpt.o (vscode-file://vscode-app/c:/Users/abywu/AppData/Local/Programs/Microsoft%20VS%20Code/resources/app/out/vs/workbench/workbench.desktop.main.js:3235:3874)
    at Object.factory (vscode-file://vscode-app/c:/Users/abywu/AppData/Local/Programs/Microsoft%20VS%20Code/resources/app/out/vs/workbench/workbench.desktop.main.js:3235:3774)
    at iC.j (vscode-file://vscode-app/c:/Users/abywu/AppData/Local/Programs/Microsoft%20VS%20Code/resources/app/out/vs/workbench/workbench.desktop.main.js:30:75271)
    at vscode-file://vscode-app/c:/Users/abywu/AppData/Local/Programs/Microsoft%20VS%20Code/resources/app/out/vs/workbench/workbench.desktop.main.js:30:75183
    at new Promise (<anonymous>)
    at iC.queue (vscode-file://vscode-app/c:/Users/abywu/AppData/Local/Programs/Microsoft%20VS%20Code/resources/app/out/vs/workbench/workbench.desktop.main.js:30:75125)
    at Cpt.writeConfiguration (vscode-file://vscode-app/c:/Users/abywu/AppData/Local/Programs/Microsoft%20VS%20Code/resources/app/out/vs/workbench/workbench.desktop.main.js:3235:3743)
    at RXs.Hb (vscode-file://vscode-app/c:/Users/abywu/AppData/Local/Programs/Microsoft%20VS%20Code/resources/app/out/vs/workbench/workbench.desktop.main.js:3235:42634)
2025-05-26 21:49:23.816 [warning] [Decorations] CAPPING events from decorations provider vscode.git 11626
2025-05-26 21:51:46.907 [warning] [Decorations] CAPPING events from decorations provider vscode.git 10010
2025-05-26 22:35:24.086 [info] Extension host terminating: received terminate message from renderer
2025-05-26 22:35:24.444 [info] Extension host with pid 17492 exiting with code 0
