2025-04-27 12:11:09.376 [info] [main] Log level: Info
2025-04-27 12:11:09.376 [info] [main] Validating found git in: "git"
2025-04-27 12:11:09.376 [info] [main] Using git "2.48.1" from "git"
2025-04-27 12:11:09.376 [info] [Model][doInitialScan] Initial repository scan started
2025-04-27 12:11:09.376 [info] > git rev-parse --show-toplevel [24ms]
2025-04-27 12:11:09.376 [info] > git rev-parse --git-dir --git-common-dir [5ms]
2025-04-27 12:11:09.376 [info] [Model][openRepository] Opened repository: /home/abywu/moringa/SDF-PT10/Phase-1/project/Abiud-Makokha-rps-project
2025-04-27 12:11:09.376 [info] > git rev-parse --show-toplevel [59ms]
2025-04-27 12:11:09.376 [info] [Model][doInitialScan] Initial repository scan completed - repositories (1), closed repositories (0), parent repositories (0), unsafe repositories (0)
2025-04-27 12:11:09.376 [info] > git config --get commit.template [68ms]
2025-04-27 12:11:09.385 [info] > git for-each-ref --format=%(refname)%00%(upstream:short)%00%(objectname)%00%(upstream:track)%00%(upstream:remotename)%00%(upstream:remoteref) refs/heads/main refs/remotes/main [6ms]
2025-04-27 12:11:09.396 [warning] [Git][revParse] Unable to read file: ENOENT: no such file or directory, open '/home/abywu/moringa/SDF-PT10/Phase-1/project/Abiud-Makokha-rps-project/.git/refs/remotes/origin/main'
2025-04-27 12:11:09.403 [info] > git rev-parse refs/remotes/origin/main [7ms]
2025-04-27 12:11:09.417 [info] > git status -z -uall [10ms]
2025-04-27 12:11:09.419 [info] > git for-each-ref --sort -committerdate --format %(refname)%00%(objectname)%00%(*objectname) [6ms]
2025-04-27 12:11:09.455 [info] > git for-each-ref --format=%(refname)%00%(upstream:short)%00%(objectname)%00%(upstream:track)%00%(upstream:remotename)%00%(upstream:remoteref) refs/heads/main refs/remotes/main [9ms]
2025-04-27 12:11:09.462 [info] > git config --get commit.template [7ms]
2025-04-27 12:11:09.463 [info] > git config --get --local branch.main.vscode-merge-base [4ms]
2025-04-27 12:11:09.474 [info] > git for-each-ref --format=%(refname)%00%(upstream:short)%00%(objectname)%00%(upstream:track)%00%(upstream:remotename)%00%(upstream:remoteref) refs/heads/main refs/remotes/main [3ms]
2025-04-27 12:11:09.475 [info] > git for-each-ref --format=%(refname)%00%(upstream:short)%00%(objectname)%00%(upstream:track)%00%(upstream:remotename)%00%(upstream:remoteref) refs/heads/origin/main refs/remotes/origin/main [8ms]
2025-04-27 12:11:09.482 [warning] [Git][revParse] Unable to read file: ENOENT: no such file or directory, open '/home/abywu/moringa/SDF-PT10/Phase-1/project/Abiud-Makokha-rps-project/.git/refs/remotes/origin/main'
2025-04-27 12:11:09.482 [info] > git merge-base refs/heads/main refs/remotes/origin/main [4ms]
2025-04-27 12:11:09.487 [info] > git rev-parse refs/remotes/origin/main [5ms]
2025-04-27 12:11:09.495 [info] > git status -z -uall [5ms]
2025-04-27 12:11:09.496 [info] > git diff --name-status -z --diff-filter=ADMR 5ef7b77184fb9ec9d1db057b8985e54fce41c012...refs/remotes/origin/main [10ms]
2025-04-27 12:11:09.499 [info] > git for-each-ref --sort -committerdate --format %(refname)%00%(objectname)%00%(*objectname) [6ms]
2025-04-27 12:11:09.955 [info] > git check-ignore -v -z --stdin [21ms]
2025-04-27 12:11:09.956 [info] > git show --textconv :index.html [17ms]
2025-04-27 12:11:09.956 [info] > git ls-files --stage -- index.html [14ms]
2025-04-27 12:11:09.961 [info] > git cat-file -s 5b5c4b17870ac7d24f827bd8eb086608f799f46c [2ms]
2025-04-27 12:11:20.149 [info] > git config --get commit.template [4ms]
2025-04-27 12:11:20.151 [info] > git for-each-ref --format=%(refname)%00%(upstream:short)%00%(objectname)%00%(upstream:track)%00%(upstream:remotename)%00%(upstream:remoteref) refs/heads/main refs/remotes/main [3ms]
2025-04-27 12:11:20.156 [warning] [Git][revParse] Unable to read file: ENOENT: no such file or directory, open '/home/abywu/moringa/SDF-PT10/Phase-1/project/Abiud-Makokha-rps-project/.git/refs/remotes/origin/main'
2025-04-27 12:11:20.158 [info] > git rev-parse refs/remotes/origin/main [2ms]
2025-04-27 12:11:20.164 [info] > git status -z -uall [3ms]
2025-04-27 12:11:20.166 [info] > git for-each-ref --sort -committerdate --format %(refname)%00%(objectname)%00%(*objectname) [2ms]
2025-04-27 12:11:21.229 [info] > git config --get commit.template [3ms]
2025-04-27 12:11:21.230 [info] > git for-each-ref --format=%(refname)%00%(upstream:short)%00%(objectname)%00%(upstream:track)%00%(upstream:remotename)%00%(upstream:remoteref) refs/heads/main refs/remotes/main [1ms]
2025-04-27 12:11:21.232 [warning] [Git][revParse] Unable to read file: ENOENT: no such file or directory, open '/home/abywu/moringa/SDF-PT10/Phase-1/project/Abiud-Makokha-rps-project/.git/refs/remotes/origin/main'
2025-04-27 12:11:21.233 [info] > git rev-parse refs/remotes/origin/main [1ms]
2025-04-27 12:11:21.239 [info] > git status -z -uall [3ms]
2025-04-27 12:11:21.240 [info] > git for-each-ref --sort -committerdate --format %(refname)%00%(objectname)%00%(*objectname) [2ms]
2025-04-27 12:11:21.332 [info] > git ls-files --stage -- index.html [1ms]
2025-04-27 12:11:21.336 [info] > git cat-file -s 5b5c4b17870ac7d24f827bd8eb086608f799f46c [1ms]
2025-04-27 12:11:21.346 [info] > git show --textconv :index.html [2ms]
2025-04-27 12:11:40.752 [info] > git config --get commit.template [4ms]
2025-04-27 12:11:40.753 [info] > git for-each-ref --format=%(refname)%00%(upstream:short)%00%(objectname)%00%(upstream:track)%00%(upstream:remotename)%00%(upstream:remoteref) refs/heads/main refs/remotes/main [2ms]
2025-04-27 12:11:40.756 [warning] [Git][revParse] Unable to read file: ENOENT: no such file or directory, open '/home/abywu/moringa/SDF-PT10/Phase-1/project/Abiud-Makokha-rps-project/.git/refs/remotes/origin/main'
2025-04-27 12:11:40.757 [info] > git rev-parse refs/remotes/origin/main [2ms]
2025-04-27 12:11:40.763 [info] > git status -z -uall [4ms]
2025-04-27 12:11:40.764 [info] > git for-each-ref --sort -committerdate --format %(refname)%00%(objectname)%00%(*objectname) [2ms]
2025-04-27 12:11:40.851 [info] > git ls-files --stage -- index.html [2ms]
2025-04-27 12:11:40.855 [info] > git cat-file -s 5b5c4b17870ac7d24f827bd8eb086608f799f46c [1ms]
2025-04-27 12:11:40.866 [info] > git show --textconv :index.html [1ms]
2025-04-27 12:11:49.941 [info] > git config --get commit.template [6ms]
2025-04-27 12:11:49.941 [info] > git for-each-ref --format=%(refname)%00%(upstream:short)%00%(objectname)%00%(upstream:track)%00%(upstream:remotename)%00%(upstream:remoteref) refs/heads/main refs/remotes/main [3ms]
2025-04-27 12:11:49.949 [info] > git status -z -uall [4ms]
2025-04-27 12:11:49.950 [info] > git for-each-ref --sort -committerdate --format %(refname)%00%(objectname)%00%(*objectname) [2ms]
2025-04-27 12:11:49.962 [info] > git merge-base refs/heads/main refs/remotes/origin/main [2ms]
2025-04-27 12:11:49.970 [info] > git diff --name-status -z --diff-filter=ADMR 2cd320ed8d2add94f2ba843855debafa48403f0d...refs/remotes/origin/main [3ms]
2025-04-27 12:11:51.033 [info] > git config --get commit.template [6ms]
2025-04-27 12:11:51.034 [info] > git for-each-ref --format=%(refname)%00%(upstream:short)%00%(objectname)%00%(upstream:track)%00%(upstream:remotename)%00%(upstream:remoteref) refs/heads/main refs/remotes/main [2ms]
2025-04-27 12:11:51.044 [info] > git status -z -uall [5ms]
2025-04-27 12:11:51.047 [info] > git for-each-ref --sort -committerdate --format %(refname)%00%(objectname)%00%(*objectname) [4ms]
2025-04-27 12:11:51.131 [info] > git ls-files --stage -- index.html [1ms]
2025-04-27 12:11:51.136 [info] > git cat-file -s 5b5c4b17870ac7d24f827bd8eb086608f799f46c [2ms]
2025-04-27 12:11:51.148 [info] > git show --textconv :index.html [3ms]
2025-04-27 12:11:55.688 [info] > git ls-files --stage -- index.html [1ms]
2025-04-27 12:11:55.692 [info] > git cat-file -s 5b5c4b17870ac7d24f827bd8eb086608f799f46c [2ms]
2025-04-27 12:11:55.701 [info] > git show --textconv :index.html [2ms]
2025-04-27 12:11:56.061 [info] > git config --get commit.template [2ms]
2025-04-27 12:11:56.065 [info] > git for-each-ref --format=%(refname)%00%(upstream:short)%00%(objectname)%00%(upstream:track)%00%(upstream:remotename)%00%(upstream:remoteref) refs/heads/main refs/remotes/main [1ms]
2025-04-27 12:11:56.072 [info] > git status -z -uall [3ms]
2025-04-27 12:11:56.073 [info] > git for-each-ref --sort -committerdate --format %(refname)%00%(objectname)%00%(*objectname) [2ms]
2025-04-27 12:12:28.036 [info] > git config --get commit.template [4ms]
2025-04-27 12:12:28.038 [info] > git for-each-ref --format=%(refname)%00%(upstream:short)%00%(objectname)%00%(upstream:track)%00%(upstream:remotename)%00%(upstream:remoteref) refs/heads/main refs/remotes/main [3ms]
2025-04-27 12:12:28.051 [info] > git status -z -uall [5ms]
2025-04-27 12:12:28.052 [info] > git for-each-ref --sort -committerdate --format %(refname)%00%(objectname)%00%(*objectname) [2ms]
2025-04-27 12:12:29.120 [info] > git config --get commit.template [4ms]
2025-04-27 12:12:29.121 [info] > git for-each-ref --format=%(refname)%00%(upstream:short)%00%(objectname)%00%(upstream:track)%00%(upstream:remotename)%00%(upstream:remoteref) refs/heads/main refs/remotes/main [2ms]
2025-04-27 12:12:29.130 [info] > git status -z -uall [5ms]
2025-04-27 12:12:29.131 [info] > git for-each-ref --sort -committerdate --format %(refname)%00%(objectname)%00%(*objectname) [2ms]
2025-04-27 12:12:29.221 [info] > git ls-files --stage -- index.html [2ms]
2025-04-27 12:12:29.226 [info] > git cat-file -s 5b5c4b17870ac7d24f827bd8eb086608f799f46c [2ms]
2025-04-27 12:12:29.237 [info] > git show --textconv :index.html [2ms]
